Analysis & Synthesis report for hw6
Wed Dec 04 22:52:04 2019
Quartus II 64-Bit Version 13.0.1 Build 232 06/12/2013 Service Pack 1 SJ Web Edition


---------------------
; Table of Contents ;
---------------------
  1. Legal Notice
  2. Analysis & Synthesis Summary
  3. Analysis & Synthesis Settings
  4. Parallel Compilation
  5. Analysis & Synthesis Source Files Read
  6. Analysis & Synthesis Resource Usage Summary
  7. Analysis & Synthesis Resource Utilization by Entity
  8. Analysis & Synthesis RAM Summary
  9. Analysis & Synthesis IP Cores Summary
 10. State Machine - |hw6|oneshot:inst12|cs
 11. State Machine - |hw6|LEDctrl:inst10|state
 12. State Machine - |hw6|ADctrl:inst3|cs
 13. User-Specified and Inferred Latches
 14. Registers Removed During Synthesis
 15. General Register Statistics
 16. Source assignments for LED:inst2|altsyncram:altsyncram_component|altsyncram_m7d1:auto_generated
 17. Parameter Settings for User Entity Instance: LED:inst2|altsyncram:altsyncram_component
 18. altsyncram Parameter Settings by Entity Instance
 19. Elapsed Time Per Partition
 20. Analysis & Synthesis Messages
 21. Analysis & Synthesis Suppressed Messages



----------------
; Legal Notice ;
----------------
Copyright (C) 1991-2013 Altera Corporation
Your use of Altera Corporation's design tools, logic functions 
and other software and tools, and its AMPP partner logic 
functions, and any output files from any of the foregoing 
(including device programming or simulation files), and any 
associated documentation or information are expressly subject 
to the terms and conditions of the Altera Program License 
Subscription Agreement, Altera MegaCore Function License 
Agreement, or other applicable license agreement, including, 
without limitation, that your use is for the sole purpose of 
programming logic devices manufactured by Altera and sold by 
Altera or its authorized distributors.  Please refer to the 
applicable agreement for further details.



+--------------------------------------------------------------------------------------+
; Analysis & Synthesis Summary                                                         ;
+------------------------------------+-------------------------------------------------+
; Analysis & Synthesis Status        ; Successful - Wed Dec 04 22:52:04 2019           ;
; Quartus II 64-Bit Version          ; 13.0.1 Build 232 06/12/2013 SP 1 SJ Web Edition ;
; Revision Name                      ; hw6                                             ;
; Top-level Entity Name              ; hw6                                             ;
; Family                             ; Cyclone II                                      ;
; Total logic elements               ; 270                                             ;
;     Total combinational functions  ; 252                                             ;
;     Dedicated logic registers      ; 155                                             ;
; Total registers                    ; 155                                             ;
; Total pins                         ; 30                                              ;
; Total virtual pins                 ; 0                                               ;
; Total memory bits                  ; 1,536                                           ;
; Embedded Multiplier 9-bit elements ; 0                                               ;
; Total PLLs                         ; 0                                               ;
+------------------------------------+-------------------------------------------------+


+----------------------------------------------------------------------------------------------------------------------+
; Analysis & Synthesis Settings                                                                                        ;
+----------------------------------------------------------------------------+--------------------+--------------------+
; Option                                                                     ; Setting            ; Default Value      ;
+----------------------------------------------------------------------------+--------------------+--------------------+
; Device                                                                     ; EP2C35F672C6       ;                    ;
; Top-level entity name                                                      ; hw6                ; hw6                ;
; Family name                                                                ; Cyclone II         ; Cyclone IV GX      ;
; Use smart compilation                                                      ; Off                ; Off                ;
; Enable parallel Assembler and TimeQuest Timing Analyzer during compilation ; On                 ; On                 ;
; Enable compact report table                                                ; Off                ; Off                ;
; Restructure Multiplexers                                                   ; Auto               ; Auto               ;
; Create Debugging Nodes for IP Cores                                        ; Off                ; Off                ;
; Preserve fewer node names                                                  ; On                 ; On                 ;
; Disable OpenCore Plus hardware evaluation                                  ; Off                ; Off                ;
; Verilog Version                                                            ; Verilog_2001       ; Verilog_2001       ;
; VHDL Version                                                               ; VHDL_1993          ; VHDL_1993          ;
; State Machine Processing                                                   ; Auto               ; Auto               ;
; Safe State Machine                                                         ; Off                ; Off                ;
; Extract Verilog State Machines                                             ; On                 ; On                 ;
; Extract VHDL State Machines                                                ; On                 ; On                 ;
; Ignore Verilog initial constructs                                          ; Off                ; Off                ;
; Iteration limit for constant Verilog loops                                 ; 5000               ; 5000               ;
; Iteration limit for non-constant Verilog loops                             ; 250                ; 250                ;
; Add Pass-Through Logic to Inferred RAMs                                    ; On                 ; On                 ;
; Infer RAMs from Raw Logic                                                  ; On                 ; On                 ;
; Parallel Synthesis                                                         ; On                 ; On                 ;
; DSP Block Balancing                                                        ; Auto               ; Auto               ;
; NOT Gate Push-Back                                                         ; On                 ; On                 ;
; Power-Up Don't Care                                                        ; On                 ; On                 ;
; Remove Redundant Logic Cells                                               ; Off                ; Off                ;
; Remove Duplicate Registers                                                 ; On                 ; On                 ;
; Ignore CARRY Buffers                                                       ; Off                ; Off                ;
; Ignore CASCADE Buffers                                                     ; Off                ; Off                ;
; Ignore GLOBAL Buffers                                                      ; Off                ; Off                ;
; Ignore ROW GLOBAL Buffers                                                  ; Off                ; Off                ;
; Ignore LCELL Buffers                                                       ; Off                ; Off                ;
; Ignore SOFT Buffers                                                        ; On                 ; On                 ;
; Limit AHDL Integers to 32 Bits                                             ; Off                ; Off                ;
; Optimization Technique                                                     ; Balanced           ; Balanced           ;
; Carry Chain Length                                                         ; 70                 ; 70                 ;
; Auto Carry Chains                                                          ; On                 ; On                 ;
; Auto Open-Drain Pins                                                       ; On                 ; On                 ;
; Perform WYSIWYG Primitive Resynthesis                                      ; Off                ; Off                ;
; Auto ROM Replacement                                                       ; On                 ; On                 ;
; Auto RAM Replacement                                                       ; On                 ; On                 ;
; Auto Shift Register Replacement                                            ; Auto               ; Auto               ;
; Allow Shift Register Merging across Hierarchies                            ; Auto               ; Auto               ;
; Auto Clock Enable Replacement                                              ; On                 ; On                 ;
; Strict RAM Replacement                                                     ; Off                ; Off                ;
; Allow Synchronous Control Signals                                          ; On                 ; On                 ;
; Force Use of Synchronous Clear Signals                                     ; Off                ; Off                ;
; Auto RAM to Logic Cell Conversion                                          ; Off                ; Off                ;
; Auto Resource Sharing                                                      ; Off                ; Off                ;
; Allow Any RAM Size For Recognition                                         ; Off                ; Off                ;
; Allow Any ROM Size For Recognition                                         ; Off                ; Off                ;
; Allow Any Shift Register Size For Recognition                              ; Off                ; Off                ;
; Use LogicLock Constraints during Resource Balancing                        ; On                 ; On                 ;
; Ignore translate_off and synthesis_off directives                          ; Off                ; Off                ;
; Timing-Driven Synthesis                                                    ; Off                ; Off                ;
; Report Parameter Settings                                                  ; On                 ; On                 ;
; Report Source Assignments                                                  ; On                 ; On                 ;
; Report Connectivity Checks                                                 ; On                 ; On                 ;
; Ignore Maximum Fan-Out Assignments                                         ; Off                ; Off                ;
; Synchronization Register Chain Length                                      ; 2                  ; 2                  ;
; PowerPlay Power Optimization                                               ; Normal compilation ; Normal compilation ;
; HDL message level                                                          ; Level2             ; Level2             ;
; Suppress Register Optimization Related Messages                            ; Off                ; Off                ;
; Number of Removed Registers Reported in Synthesis Report                   ; 5000               ; 5000               ;
; Number of Swept Nodes Reported in Synthesis Report                         ; 5000               ; 5000               ;
; Number of Inverted Registers Reported in Synthesis Report                  ; 100                ; 100                ;
; Clock MUX Protection                                                       ; On                 ; On                 ;
; Auto Gated Clock Conversion                                                ; Off                ; Off                ;
; Block Design Naming                                                        ; Auto               ; Auto               ;
; SDC constraint protection                                                  ; Off                ; Off                ;
; Synthesis Effort                                                           ; Auto               ; Auto               ;
; Shift Register Replacement - Allow Asynchronous Clear Signal               ; On                 ; On                 ;
; Pre-Mapping Resynthesis Optimization                                       ; Off                ; Off                ;
; Analysis & Synthesis Message Level                                         ; Medium             ; Medium             ;
; Disable Register Merging Across Hierarchies                                ; Auto               ; Auto               ;
; Resource Aware Inference For Block RAM                                     ; On                 ; On                 ;
; Synthesis Seed                                                             ; 1                  ; 1                  ;
+----------------------------------------------------------------------------+--------------------+--------------------+


Parallel compilation was disabled, but you have multiple processors available. Enable parallel compilation to reduce compilation time.
+-------------------------------------+
; Parallel Compilation                ;
+----------------------------+--------+
; Processors                 ; Number ;
+----------------------------+--------+
; Number detected on machine ; 8      ;
; Maximum allowed            ; 1      ;
+----------------------------+--------+


+-------------------------------------------------------------------------------------------------------------------------------------------------------------------------+
; Analysis & Synthesis Source Files Read                                                                                                                                  ;
+----------------------------------+-----------------+----------------------------------------+-----------------------------------------------------------------+---------+
; File Name with User-Entered Path ; Used in Netlist ; File Type                              ; File Name with Absolute Path                                    ; Library ;
+----------------------------------+-----------------+----------------------------------------+-----------------------------------------------------------------+---------+
; FDIV25K.v                        ; yes             ; User Verilog HDL File                  ; C:/Users/user/Desktop/EE exp3/hw6/FDIV25K.v                     ;         ;
; FDIV50K.v                        ; yes             ; User Verilog HDL File                  ; C:/Users/user/Desktop/EE exp3/hw6/FDIV50K.v                     ;         ;
; FDIV10.v                         ; yes             ; User Verilog HDL File                  ; C:/Users/user/Desktop/EE exp3/hw6/FDIV10.v                      ;         ;
; oneshot.v                        ; yes             ; User Verilog HDL File                  ; C:/Users/user/Desktop/EE exp3/hw6/oneshot.v                     ;         ;
; serialout.v                      ; yes             ; User Verilog HDL File                  ; C:/Users/user/Desktop/EE exp3/hw6/serialout.v                   ;         ;
; LEDctrl.v                        ; yes             ; User Verilog HDL File                  ; C:/Users/user/Desktop/EE exp3/hw6/LEDctrl.v                     ;         ;
; _7segENC.v                       ; yes             ; User Verilog HDL File                  ; C:/Users/user/Desktop/EE exp3/hw6/_7segENC.v                    ;         ;
; _7segENC2.v                      ; yes             ; User Verilog HDL File                  ; C:/Users/user/Desktop/EE exp3/hw6/_7segENC2.v                   ;         ;
; ADctrl.v                         ; yes             ; User Verilog HDL File                  ; C:/Users/user/Desktop/EE exp3/hw6/ADctrl.v                      ;         ;
; LEDENC.v                         ; yes             ; User Verilog HDL File                  ; C:/Users/user/Desktop/EE exp3/hw6/LEDENC.v                      ;         ;
; ADdff8.v                         ; yes             ; User Verilog HDL File                  ; C:/Users/user/Desktop/EE exp3/hw6/ADdff8.v                      ;         ;
; Dff8.v                           ; yes             ; User Verilog HDL File                  ; C:/Users/user/Desktop/EE exp3/hw6/Dff8.v                        ;         ;
; LED.v                            ; yes             ; User Wizard-Generated File             ; C:/Users/user/Desktop/EE exp3/hw6/LED.v                         ;         ;
; hw6.bdf                          ; yes             ; User Block Diagram/Schematic File      ; C:/Users/user/Desktop/EE exp3/hw6/hw6.bdf                       ;         ;
; altsyncram.tdf                   ; yes             ; Megafunction                           ; d:/altera/quartus/libraries/megafunctions/altsyncram.tdf        ;         ;
; stratix_ram_block.inc            ; yes             ; Megafunction                           ; d:/altera/quartus/libraries/megafunctions/stratix_ram_block.inc ;         ;
; lpm_mux.inc                      ; yes             ; Megafunction                           ; d:/altera/quartus/libraries/megafunctions/lpm_mux.inc           ;         ;
; lpm_decode.inc                   ; yes             ; Megafunction                           ; d:/altera/quartus/libraries/megafunctions/lpm_decode.inc        ;         ;
; aglobal130.inc                   ; yes             ; Megafunction                           ; d:/altera/quartus/libraries/megafunctions/aglobal130.inc        ;         ;
; a_rdenreg.inc                    ; yes             ; Megafunction                           ; d:/altera/quartus/libraries/megafunctions/a_rdenreg.inc         ;         ;
; altrom.inc                       ; yes             ; Megafunction                           ; d:/altera/quartus/libraries/megafunctions/altrom.inc            ;         ;
; altram.inc                       ; yes             ; Megafunction                           ; d:/altera/quartus/libraries/megafunctions/altram.inc            ;         ;
; altdpram.inc                     ; yes             ; Megafunction                           ; d:/altera/quartus/libraries/megafunctions/altdpram.inc          ;         ;
; db/altsyncram_m7d1.tdf           ; yes             ; Auto-Generated Megafunction            ; C:/Users/user/Desktop/EE exp3/hw6/db/altsyncram_m7d1.tdf        ;         ;
; ../../hw6/mem6.mif               ; yes             ; Auto-Found Memory Initialization File  ; C:/Users/user/Desktop/EE exp3/hw6/mem6.mif                      ;         ;
+----------------------------------+-----------------+----------------------------------------+-----------------------------------------------------------------+---------+


+-------------------------------------------------------+
; Analysis & Synthesis Resource Usage Summary           ;
+---------------------------------------------+---------+
; Resource                                    ; Usage   ;
+---------------------------------------------+---------+
; Estimated Total logic elements              ; 270     ;
;                                             ;         ;
; Total combinational functions               ; 252     ;
; Logic element usage by number of LUT inputs ;         ;
;     -- 4 input functions                    ; 81      ;
;     -- 3 input functions                    ; 32      ;
;     -- <=2 input functions                  ; 139     ;
;                                             ;         ;
; Logic elements by mode                      ;         ;
;     -- normal mode                          ; 155     ;
;     -- arithmetic mode                      ; 97      ;
;                                             ;         ;
; Total registers                             ; 155     ;
;     -- Dedicated logic registers            ; 155     ;
;     -- I/O registers                        ; 0       ;
;                                             ;         ;
; I/O pins                                    ; 30      ;
; Total memory bits                           ; 1536    ;
; Embedded Multiplier 9-bit elements          ; 0       ;
; Maximum fan-out node                        ; _50Mclk ;
; Maximum fan-out                             ; 123     ;
; Total fan-out                               ; 1342    ;
; Average fan-out                             ; 2.91    ;
+---------------------------------------------+---------+


+------------------------------------------------------------------------------------------------------------------------------------------------------------------------------------------------------------------------------------------------------+
; Analysis & Synthesis Resource Utilization by Entity                                                                                                                                                                                                  ;
+-------------------------------------------+-------------------+--------------+-------------+--------------+---------+-----------+------+--------------+-------------------------------------------------------------------------------+--------------+
; Compilation Hierarchy Node                ; LC Combinationals ; LC Registers ; Memory Bits ; DSP Elements ; DSP 9x9 ; DSP 18x18 ; Pins ; Virtual Pins ; Full Hierarchy Name                                                           ; Library Name ;
+-------------------------------------------+-------------------+--------------+-------------+--------------+---------+-----------+------+--------------+-------------------------------------------------------------------------------+--------------+
; |hw6                                      ; 252 (1)           ; 155 (0)      ; 1536        ; 0            ; 0       ; 0         ; 30   ; 0            ; |hw6                                                                          ; work         ;
;    |ADctrl:inst3|                         ; 5 (5)             ; 6 (6)        ; 0           ; 0            ; 0       ; 0         ; 0    ; 0            ; |hw6|ADctrl:inst3                                                             ; work         ;
;    |ADdff8:inst4|                         ; 0 (0)             ; 8 (8)        ; 0           ; 0            ; 0       ; 0         ; 0    ; 0            ; |hw6|ADdff8:inst4                                                             ; work         ;
;    |Dff8:inst6|                           ; 2 (2)             ; 8 (8)        ; 0           ; 0            ; 0       ; 0         ; 0    ; 0            ; |hw6|Dff8:inst6                                                               ; work         ;
;    |FDIV10:inst7|                         ; 53 (53)           ; 33 (33)      ; 0           ; 0            ; 0       ; 0         ; 0    ; 0            ; |hw6|FDIV10:inst7                                                             ; work         ;
;    |FDIV25K:inst8|                        ; 46 (46)           ; 33 (33)      ; 0           ; 0            ; 0       ; 0         ; 0    ; 0            ; |hw6|FDIV25K:inst8                                                            ; work         ;
;    |FDIV50K:inst9|                        ; 45 (45)           ; 33 (33)      ; 0           ; 0            ; 0       ; 0         ; 0    ; 0            ; |hw6|FDIV50K:inst9                                                            ; work         ;
;    |LED:inst2|                            ; 0 (0)             ; 0 (0)        ; 1536        ; 0            ; 0       ; 0         ; 0    ; 0            ; |hw6|LED:inst2                                                                ; work         ;
;       |altsyncram:altsyncram_component|   ; 0 (0)             ; 0 (0)        ; 1536        ; 0            ; 0       ; 0         ; 0    ; 0            ; |hw6|LED:inst2|altsyncram:altsyncram_component                                ; work         ;
;          |altsyncram_m7d1:auto_generated| ; 0 (0)             ; 0 (0)        ; 1536        ; 0            ; 0       ; 0         ; 0    ; 0            ; |hw6|LED:inst2|altsyncram:altsyncram_component|altsyncram_m7d1:auto_generated ; work         ;
;    |LEDENC:inst20|                        ; 3 (3)             ; 0 (0)        ; 0           ; 0            ; 0       ; 0         ; 0    ; 0            ; |hw6|LEDENC:inst20                                                            ; work         ;
;    |LEDctrl:inst10|                       ; 11 (11)           ; 8 (8)        ; 0           ; 0            ; 0       ; 0         ; 0    ; 0            ; |hw6|LEDctrl:inst10                                                           ; work         ;
;    |_7segENC2:inst1|                      ; 7 (7)             ; 0 (0)        ; 0           ; 0            ; 0       ; 0         ; 0    ; 0            ; |hw6|_7segENC2:inst1                                                          ; work         ;
;    |_7segENC:inst|                        ; 7 (7)             ; 0 (0)        ; 0           ; 0            ; 0       ; 0         ; 0    ; 0            ; |hw6|_7segENC:inst                                                            ; work         ;
;    |oneshot:inst12|                       ; 2 (2)             ; 3 (3)        ; 0           ; 0            ; 0       ; 0         ; 0    ; 0            ; |hw6|oneshot:inst12                                                           ; work         ;
;    |serial_out:inst13|                    ; 70 (70)           ; 23 (23)      ; 0           ; 0            ; 0       ; 0         ; 0    ; 0            ; |hw6|serial_out:inst13                                                        ; work         ;
+-------------------------------------------+-------------------+--------------+-------------+--------------+---------+-----------+------+--------------+-------------------------------------------------------------------------------+--------------+
Note: For table entries with two numbers listed, the numbers in parentheses indicate the number of resources of the given type used by the specific entity alone. The numbers listed outside of parentheses indicate the total resources of the given type used by the specific entity and all of its sub-entities in the hierarchy.


+--------------------------------------------------------------------------------------------------------------------------------------------------------------------------------------------------+
; Analysis & Synthesis RAM Summary                                                                                                                                                                 ;
+-------------------------------------------------------------------------------------+------+-------------+--------------+--------------+--------------+--------------+------+--------------------+
; Name                                                                                ; Type ; Mode        ; Port A Depth ; Port A Width ; Port B Depth ; Port B Width ; Size ; MIF                ;
+-------------------------------------------------------------------------------------+------+-------------+--------------+--------------+--------------+--------------+------+--------------------+
; LED:inst2|altsyncram:altsyncram_component|altsyncram_m7d1:auto_generated|ALTSYNCRAM ; AUTO ; Single Port ; 64           ; 24           ; --           ; --           ; 1536 ; ../../hw6/mem6.mif ;
+-------------------------------------------------------------------------------------+------+-------------+--------------+--------------+--------------+--------------+------+--------------------+


+---------------------------------------------------------------------------------------------------------------------------+
; Analysis & Synthesis IP Cores Summary                                                                                     ;
+--------+--------------+---------+--------------+--------------+-----------------+-----------------------------------------+
; Vendor ; IP Core Name ; Version ; Release Date ; License Type ; Entity Instance ; IP Include File                         ;
+--------+--------------+---------+--------------+--------------+-----------------+-----------------------------------------+
; Altera ; RAM: 1-PORT  ; 9.1     ; N/A          ; N/A          ; |hw6|LED:inst2  ; C:/Users/user/Desktop/EE exp3/hw6/LED.v ;
+--------+--------------+---------+--------------+--------------+-----------------+-----------------------------------------+


Encoding Type:  One-Hot
+----------------------------------------+
; State Machine - |hw6|oneshot:inst12|cs ;
+-------+-------+-------+----------------+
; Name  ; cs.00 ; cs.10 ; cs.01          ;
+-------+-------+-------+----------------+
; cs.00 ; 0     ; 0     ; 0              ;
; cs.01 ; 1     ; 0     ; 1              ;
; cs.10 ; 1     ; 1     ; 0              ;
+-------+-------+-------+----------------+


Encoding Type:  One-Hot
+-----------------------------------------------+
; State Machine - |hw6|LEDctrl:inst10|state     ;
+-----------+-----------+-----------+-----------+
; Name      ; state.000 ; state.010 ; state.001 ;
+-----------+-----------+-----------+-----------+
; state.000 ; 0         ; 0         ; 0         ;
; state.001 ; 1         ; 0         ; 1         ;
; state.010 ; 1         ; 1         ; 0         ;
+-----------+-----------+-----------+-----------+


Encoding Type:  One-Hot
+--------------------------------------------------------------+
; State Machine - |hw6|ADctrl:inst3|cs                         ;
+--------+--------+--------+--------+--------+--------+--------+
; Name   ; cs.101 ; cs.100 ; cs.011 ; cs.010 ; cs.001 ; cs.000 ;
+--------+--------+--------+--------+--------+--------+--------+
; cs.000 ; 0      ; 0      ; 0      ; 0      ; 0      ; 0      ;
; cs.001 ; 0      ; 0      ; 0      ; 0      ; 1      ; 1      ;
; cs.010 ; 0      ; 0      ; 0      ; 1      ; 0      ; 1      ;
; cs.011 ; 0      ; 0      ; 1      ; 0      ; 0      ; 1      ;
; cs.100 ; 0      ; 1      ; 0      ; 0      ; 0      ; 1      ;
; cs.101 ; 1      ; 0      ; 0      ; 0      ; 0      ; 1      ;
+--------+--------+--------+--------+--------+--------+--------+


+--------------------------------------------------------------------------------------------------------+
; User-Specified and Inferred Latches                                                                    ;
+----------------------------------------------------+--------------------------+------------------------+
; Latch Name                                         ; Latch Enable Signal      ; Free of Timing Hazards ;
+----------------------------------------------------+--------------------------+------------------------+
; serial_out:inst13|store[0]                         ; LEDctrl:inst10|state.001 ; yes                    ;
; Number of user-specified and inferred latches = 1  ;                          ;                        ;
+----------------------------------------------------+--------------------------+------------------------+
Note: All latches listed above may not be present at the end of synthesis due to various synthesis optimizations.


+------------------------------------------------------------+
; Registers Removed During Synthesis                         ;
+---------------------------------------+--------------------+
; Register name                         ; Reason for Removal ;
+---------------------------------------+--------------------+
; LEDctrl:inst10|state~4                ; Lost fanout        ;
; ADctrl:inst3|cs~2                     ; Lost fanout        ;
; ADctrl:inst3|cs~3                     ; Lost fanout        ;
; ADctrl:inst3|cs~4                     ; Lost fanout        ;
; oneshot:inst12|cs.10                  ; Lost fanout        ;
; Total Number of Removed Registers = 5 ;                    ;
+---------------------------------------+--------------------+


+------------------------------------------------------+
; General Register Statistics                          ;
+----------------------------------------------+-------+
; Statistic                                    ; Value ;
+----------------------------------------------+-------+
; Total registers                              ; 155   ;
; Number of registers using Synchronous Clear  ; 101   ;
; Number of registers using Synchronous Load   ; 0     ;
; Number of registers using Asynchronous Clear ; 23    ;
; Number of registers using Asynchronous Load  ; 0     ;
; Number of registers using Clock Enable       ; 8     ;
; Number of registers using Preset             ; 0     ;
+----------------------------------------------+-------+


+-------------------------------------------------------------------------------------------------+
; Source assignments for LED:inst2|altsyncram:altsyncram_component|altsyncram_m7d1:auto_generated ;
+---------------------------------+--------------------+------+-----------------------------------+
; Assignment                      ; Value              ; From ; To                                ;
+---------------------------------+--------------------+------+-----------------------------------+
; OPTIMIZE_POWER_DURING_SYNTHESIS ; NORMAL_COMPILATION ; -    ; -                                 ;
+---------------------------------+--------------------+------+-----------------------------------+


+----------------------------------------------------------------------------------------+
; Parameter Settings for User Entity Instance: LED:inst2|altsyncram:altsyncram_component ;
+------------------------------------+----------------------+----------------------------+
; Parameter Name                     ; Value                ; Type                       ;
+------------------------------------+----------------------+----------------------------+
; BYTE_SIZE_BLOCK                    ; 8                    ; Untyped                    ;
; AUTO_CARRY_CHAINS                  ; ON                   ; AUTO_CARRY                 ;
; IGNORE_CARRY_BUFFERS               ; OFF                  ; IGNORE_CARRY               ;
; AUTO_CASCADE_CHAINS                ; ON                   ; AUTO_CASCADE               ;
; IGNORE_CASCADE_BUFFERS             ; OFF                  ; IGNORE_CASCADE             ;
; WIDTH_BYTEENA                      ; 1                    ; Untyped                    ;
; OPERATION_MODE                     ; SINGLE_PORT          ; Untyped                    ;
; WIDTH_A                            ; 24                   ; Signed Integer             ;
; WIDTHAD_A                          ; 6                    ; Signed Integer             ;
; NUMWORDS_A                         ; 64                   ; Signed Integer             ;
; OUTDATA_REG_A                      ; UNREGISTERED         ; Untyped                    ;
; ADDRESS_ACLR_A                     ; NONE                 ; Untyped                    ;
; OUTDATA_ACLR_A                     ; NONE                 ; Untyped                    ;
; WRCONTROL_ACLR_A                   ; NONE                 ; Untyped                    ;
; INDATA_ACLR_A                      ; NONE                 ; Untyped                    ;
; BYTEENA_ACLR_A                     ; NONE                 ; Untyped                    ;
; WIDTH_B                            ; 1                    ; Untyped                    ;
; WIDTHAD_B                          ; 1                    ; Untyped                    ;
; NUMWORDS_B                         ; 1                    ; Untyped                    ;
; INDATA_REG_B                       ; CLOCK1               ; Untyped                    ;
; WRCONTROL_WRADDRESS_REG_B          ; CLOCK1               ; Untyped                    ;
; RDCONTROL_REG_B                    ; CLOCK1               ; Untyped                    ;
; ADDRESS_REG_B                      ; CLOCK1               ; Untyped                    ;
; OUTDATA_REG_B                      ; UNREGISTERED         ; Untyped                    ;
; BYTEENA_REG_B                      ; CLOCK1               ; Untyped                    ;
; INDATA_ACLR_B                      ; NONE                 ; Untyped                    ;
; WRCONTROL_ACLR_B                   ; NONE                 ; Untyped                    ;
; ADDRESS_ACLR_B                     ; NONE                 ; Untyped                    ;
; OUTDATA_ACLR_B                     ; NONE                 ; Untyped                    ;
; RDCONTROL_ACLR_B                   ; NONE                 ; Untyped                    ;
; BYTEENA_ACLR_B                     ; NONE                 ; Untyped                    ;
; WIDTH_BYTEENA_A                    ; 1                    ; Signed Integer             ;
; WIDTH_BYTEENA_B                    ; 1                    ; Untyped                    ;
; RAM_BLOCK_TYPE                     ; AUTO                 ; Untyped                    ;
; BYTE_SIZE                          ; 8                    ; Untyped                    ;
; READ_DURING_WRITE_MODE_MIXED_PORTS ; DONT_CARE            ; Untyped                    ;
; READ_DURING_WRITE_MODE_PORT_A      ; NEW_DATA_NO_NBE_READ ; Untyped                    ;
; READ_DURING_WRITE_MODE_PORT_B      ; NEW_DATA_NO_NBE_READ ; Untyped                    ;
; INIT_FILE                          ; ../../hw6/mem6.mif   ; Untyped                    ;
; INIT_FILE_LAYOUT                   ; PORT_A               ; Untyped                    ;
; MAXIMUM_DEPTH                      ; 0                    ; Untyped                    ;
; CLOCK_ENABLE_INPUT_A               ; BYPASS               ; Untyped                    ;
; CLOCK_ENABLE_INPUT_B               ; NORMAL               ; Untyped                    ;
; CLOCK_ENABLE_OUTPUT_A              ; BYPASS               ; Untyped                    ;
; CLOCK_ENABLE_OUTPUT_B              ; NORMAL               ; Untyped                    ;
; CLOCK_ENABLE_CORE_A                ; USE_INPUT_CLKEN      ; Untyped                    ;
; CLOCK_ENABLE_CORE_B                ; USE_INPUT_CLKEN      ; Untyped                    ;
; ENABLE_ECC                         ; FALSE                ; Untyped                    ;
; ECC_PIPELINE_STAGE_ENABLED         ; FALSE                ; Untyped                    ;
; WIDTH_ECCSTATUS                    ; 3                    ; Untyped                    ;
; DEVICE_FAMILY                      ; Cyclone II           ; Untyped                    ;
; CBXI_PARAMETER                     ; altsyncram_m7d1      ; Untyped                    ;
+------------------------------------+----------------------+----------------------------+
Note: In order to hide this table in the UI and the text report file, please set the "Show Parameter Settings in Synthesis Report" option in "Analysis and Synthesis Settings -> More Settings" to "Off".


+---------------------------------------------------------------------------------------+
; altsyncram Parameter Settings by Entity Instance                                      ;
+-------------------------------------------+-------------------------------------------+
; Name                                      ; Value                                     ;
+-------------------------------------------+-------------------------------------------+
; Number of entity instances                ; 1                                         ;
; Entity Instance                           ; LED:inst2|altsyncram:altsyncram_component ;
;     -- OPERATION_MODE                     ; SINGLE_PORT                               ;
;     -- WIDTH_A                            ; 24                                        ;
;     -- NUMWORDS_A                         ; 64                                        ;
;     -- OUTDATA_REG_A                      ; UNREGISTERED                              ;
;     -- WIDTH_B                            ; 1                                         ;
;     -- NUMWORDS_B                         ; 1                                         ;
;     -- ADDRESS_REG_B                      ; CLOCK1                                    ;
;     -- OUTDATA_REG_B                      ; UNREGISTERED                              ;
;     -- RAM_BLOCK_TYPE                     ; AUTO                                      ;
;     -- READ_DURING_WRITE_MODE_MIXED_PORTS ; DONT_CARE                                 ;
+-------------------------------------------+-------------------------------------------+


+-------------------------------+
; Elapsed Time Per Partition    ;
+----------------+--------------+
; Partition Name ; Elapsed Time ;
+----------------+--------------+
; Top            ; 00:00:00     ;
+----------------+--------------+


+-------------------------------+
; Analysis & Synthesis Messages ;
+-------------------------------+
Info: *******************************************************************
Info: Running Quartus II 64-Bit Analysis & Synthesis
    Info: Version 13.0.1 Build 232 06/12/2013 Service Pack 1 SJ Web Edition
    Info: Processing started: Wed Dec 04 22:52:01 2019
Info: Command: quartus_map --read_settings_files=on --write_settings_files=off hw6 -c hw6
Warning (20028): Parallel compilation is not licensed and has been disabled
Info (12021): Found 1 design units, including 1 entities, in source file fdiv25k.v
    Info (12023): Found entity 1: FDIV25K
Info (12021): Found 1 design units, including 1 entities, in source file fdiv50k.v
    Info (12023): Found entity 1: FDIV50K
Info (12021): Found 1 design units, including 1 entities, in source file fdiv10.v
    Info (12023): Found entity 1: FDIV10
Info (12021): Found 1 design units, including 1 entities, in source file oneshot.v
    Info (12023): Found entity 1: oneshot
Info (12021): Found 1 design units, including 1 entities, in source file serialout.v
    Info (12023): Found entity 1: serial_out
Info (12021): Found 1 design units, including 1 entities, in source file ledctrl.v
    Info (12023): Found entity 1: LEDctrl
Info (12021): Found 1 design units, including 1 entities, in source file _7segenc.v
    Info (12023): Found entity 1: _7segENC
Info (12021): Found 1 design units, including 1 entities, in source file _7segenc2.v
    Info (12023): Found entity 1: _7segENC2
Info (12021): Found 1 design units, including 1 entities, in source file adctrl.v
    Info (12023): Found entity 1: ADctrl
Info (12021): Found 1 design units, including 1 entities, in source file ledenc.v
    Info (12023): Found entity 1: LEDENC
Info (12021): Found 1 design units, including 1 entities, in source file addff8.v
    Info (12023): Found entity 1: ADdff8
Info (12021): Found 1 design units, including 1 entities, in source file dff8.v
    Info (12023): Found entity 1: Dff8
Info (12021): Found 1 design units, including 1 entities, in source file led.v
    Info (12023): Found entity 1: LED
Info (12021): Found 1 design units, including 1 entities, in source file hw6.bdf
    Info (12023): Found entity 1: hw6
Info (12127): Elaborating entity "hw6" for the top level hierarchy
Info (12128): Elaborating entity "ADctrl" for hierarchy "ADctrl:inst3"
Info (12128): Elaborating entity "FDIV50K" for hierarchy "FDIV50K:inst9"
Info (12128): Elaborating entity "LEDctrl" for hierarchy "LEDctrl:inst10"
Info (12128): Elaborating entity "oneshot" for hierarchy "oneshot:inst12"
Info (12128): Elaborating entity "FDIV10" for hierarchy "FDIV10:inst7"
Info (12128): Elaborating entity "FDIV25K" for hierarchy "FDIV25K:inst8"
Info (12128): Elaborating entity "serial_out" for hierarchy "serial_out:inst13"
Warning (10240): Verilog HDL Always Construct warning at serialout.v(8): inferring latch(es) for variable "store", which holds its previous value in one or more paths through the always construct
Info (10041): Inferred latch for "store[0]" at serialout.v(14)
Info (12128): Elaborating entity "LED" for hierarchy "LED:inst2"
Info (12128): Elaborating entity "altsyncram" for hierarchy "LED:inst2|altsyncram:altsyncram_component"
Info (12130): Elaborated megafunction instantiation "LED:inst2|altsyncram:altsyncram_component"
Info (12133): Instantiated megafunction "LED:inst2|altsyncram:altsyncram_component" with the following parameter:
    Info (12134): Parameter "clock_enable_input_a" = "BYPASS"
    Info (12134): Parameter "clock_enable_output_a" = "BYPASS"
    Info (12134): Parameter "init_file" = "../../hw6/mem6.mif"
    Info (12134): Parameter "intended_device_family" = "Cyclone II"
    Info (12134): Parameter "lpm_hint" = "ENABLE_RUNTIME_MOD=NO"
    Info (12134): Parameter "lpm_type" = "altsyncram"
    Info (12134): Parameter "numwords_a" = "64"
    Info (12134): Parameter "operation_mode" = "SINGLE_PORT"
    Info (12134): Parameter "outdata_aclr_a" = "NONE"
    Info (12134): Parameter "outdata_reg_a" = "UNREGISTERED"
    Info (12134): Parameter "power_up_uninitialized" = "FALSE"
    Info (12134): Parameter "widthad_a" = "6"
    Info (12134): Parameter "width_a" = "24"
    Info (12134): Parameter "width_byteena_a" = "1"
Info (12021): Found 1 design units, including 1 entities, in source file db/altsyncram_m7d1.tdf
    Info (12023): Found entity 1: altsyncram_m7d1
Info (12128): Elaborating entity "altsyncram_m7d1" for hierarchy "LED:inst2|altsyncram:altsyncram_component|altsyncram_m7d1:auto_generated"
Info (12128): Elaborating entity "LEDENC" for hierarchy "LEDENC:inst20"
Info (12128): Elaborating entity "Dff8" for hierarchy "Dff8:inst6"
Info (12128): Elaborating entity "ADdff8" for hierarchy "ADdff8:inst4"
Info (12128): Elaborating entity "_7segENC" for hierarchy "_7segENC:inst"
Info (12128): Elaborating entity "_7segENC2" for hierarchy "_7segENC2:inst1"
Warning (13004): Presettable and clearable registers converted to equivalent circuits with latches. Registers power-up to an undefined state, and DEVCLRn places the registers in an undefined state.
    Warning (13310): Register "serial_out:inst13|store[23]" is converted into an equivalent circuit using register "serial_out:inst13|store[23]~_emulated" and latch "serial_out:inst13|store[23]~1"
    Warning (13310): Register "serial_out:inst13|store[22]" is converted into an equivalent circuit using register "serial_out:inst13|store[22]~_emulated" and latch "serial_out:inst13|store[22]~5"
    Warning (13310): Register "serial_out:inst13|store[21]" is converted into an equivalent circuit using register "serial_out:inst13|store[21]~_emulated" and latch "serial_out:inst13|store[21]~9"
    Warning (13310): Register "serial_out:inst13|store[20]" is converted into an equivalent circuit using register "serial_out:inst13|store[20]~_emulated" and latch "serial_out:inst13|store[20]~13"
    Warning (13310): Register "serial_out:inst13|store[19]" is converted into an equivalent circuit using register "serial_out:inst13|store[19]~_emulated" and latch "serial_out:inst13|store[19]~17"
    Warning (13310): Register "serial_out:inst13|store[18]" is converted into an equivalent circuit using register "serial_out:inst13|store[18]~_emulated" and latch "serial_out:inst13|store[18]~21"
    Warning (13310): Register "serial_out:inst13|store[17]" is converted into an equivalent circuit using register "serial_out:inst13|store[17]~_emulated" and latch "serial_out:inst13|store[17]~25"
    Warning (13310): Register "serial_out:inst13|store[16]" is converted into an equivalent circuit using register "serial_out:inst13|store[16]~_emulated" and latch "serial_out:inst13|store[16]~29"
    Warning (13310): Register "serial_out:inst13|store[15]" is converted into an equivalent circuit using register "serial_out:inst13|store[15]~_emulated" and latch "serial_out:inst13|store[15]~33"
    Warning (13310): Register "serial_out:inst13|store[14]" is converted into an equivalent circuit using register "serial_out:inst13|store[14]~_emulated" and latch "serial_out:inst13|store[14]~37"
    Warning (13310): Register "serial_out:inst13|store[13]" is converted into an equivalent circuit using register "serial_out:inst13|store[13]~_emulated" and latch "serial_out:inst13|store[13]~41"
    Warning (13310): Register "serial_out:inst13|store[12]" is converted into an equivalent circuit using register "serial_out:inst13|store[12]~_emulated" and latch "serial_out:inst13|store[12]~45"
    Warning (13310): Register "serial_out:inst13|store[11]" is converted into an equivalent circuit using register "serial_out:inst13|store[11]~_emulated" and latch "serial_out:inst13|store[11]~49"
    Warning (13310): Register "serial_out:inst13|store[10]" is converted into an equivalent circuit using register "serial_out:inst13|store[10]~_emulated" and latch "serial_out:inst13|store[10]~53"
    Warning (13310): Register "serial_out:inst13|store[9]" is converted into an equivalent circuit using register "serial_out:inst13|store[9]~_emulated" and latch "serial_out:inst13|store[9]~57"
    Warning (13310): Register "serial_out:inst13|store[8]" is converted into an equivalent circuit using register "serial_out:inst13|store[8]~_emulated" and latch "serial_out:inst13|store[8]~61"
    Warning (13310): Register "serial_out:inst13|store[7]" is converted into an equivalent circuit using register "serial_out:inst13|store[7]~_emulated" and latch "serial_out:inst13|store[7]~65"
    Warning (13310): Register "serial_out:inst13|store[6]" is converted into an equivalent circuit using register "serial_out:inst13|store[6]~_emulated" and latch "serial_out:inst13|store[6]~69"
    Warning (13310): Register "serial_out:inst13|store[5]" is converted into an equivalent circuit using register "serial_out:inst13|store[5]~_emulated" and latch "serial_out:inst13|store[5]~73"
    Warning (13310): Register "serial_out:inst13|store[4]" is converted into an equivalent circuit using register "serial_out:inst13|store[4]~_emulated" and latch "serial_out:inst13|store[4]~77"
    Warning (13310): Register "serial_out:inst13|store[3]" is converted into an equivalent circuit using register "serial_out:inst13|store[3]~_emulated" and latch "serial_out:inst13|store[3]~81"
    Warning (13310): Register "serial_out:inst13|store[2]" is converted into an equivalent circuit using register "serial_out:inst13|store[2]~_emulated" and latch "serial_out:inst13|store[2]~85"
    Warning (13310): Register "serial_out:inst13|store[1]" is converted into an equivalent circuit using register "serial_out:inst13|store[1]~_emulated" and latch "serial_out:inst13|store[1]~89"
Info (17049): 5 registers lost all their fanouts during netlist optimizations.
Info (144001): Generated suppressed messages file C:/Users/user/Desktop/EE exp3/hw6/output_files/hw6.map.smsg
Info (16010): Generating hard_block partition "hard_block:auto_generated_inst"
    Info (16011): Adding 0 node(s), including 0 DDIO, 0 PLL, 0 transceiver and 0 LCELL
Info (21057): Implemented 324 device resources after synthesis - the final resource count might be different
    Info (21058): Implemented 10 input pins
    Info (21059): Implemented 20 output pins
    Info (21061): Implemented 270 logic cells
    Info (21064): Implemented 24 RAM segments
Info: Quartus II 64-Bit Analysis & Synthesis was successful. 0 errors, 26 warnings
    Info: Peak virtual memory: 4628 megabytes
    Info: Processing ended: Wed Dec 04 22:52:04 2019
    Info: Elapsed time: 00:00:03
    Info: Total CPU time (on all processors): 00:00:02


+------------------------------------------+
; Analysis & Synthesis Suppressed Messages ;
+------------------------------------------+
The suppressed messages can be found in C:/Users/user/Desktop/EE exp3/hw6/output_files/hw6.map.smsg.


