Flow report for hw5
Sun Nov 24 16:13:19 2019
Quartus II 64-Bit Version 13.0.1 Build 232 06/12/2013 Service Pack 1 SJ Web Edition


---------------------
; Table of Contents ;
---------------------
  1. Legal Notice
  2. Flow Summary
  3. Flow Settings
  4. Flow Non-Default Global Settings
  5. Flow Elapsed Time
  6. Flow OS Summary
  7. Flow Log
  8. Flow Messages
  9. Flow Suppressed Messages



----------------
; Legal Notice ;
----------------
Copyright (C) 1991-2013 Altera Corporation
Your use of Altera Corporation's design tools, logic functions 
and other software and tools, and its AMPP partner logic 
functions, and any output files from any of the foregoing 
(including device programming or simulation files), and any 
associated documentation or information are expressly subject 
to the terms and conditions of the Altera Program License 
Subscription Agreement, Altera MegaCore Function License 
Agreement, or other applicable license agreement, including, 
without limitation, that your use is for the sole purpose of 
programming logic devices manufactured by Altera and sold by 
Altera or its authorized distributors.  Please refer to the 
applicable agreement for further details.



+--------------------------------------------------------------------------------------+
; Flow Summary                                                                         ;
+------------------------------------+-------------------------------------------------+
; Flow Status                        ; Successful - Sun Nov 24 16:13:19 2019           ;
; Quartus II 64-Bit Version          ; 13.0.1 Build 232 06/12/2013 SP 1 SJ Web Edition ;
; Revision Name                      ; hw5                                             ;
; Top-level Entity Name              ; hw5                                             ;
; Family                             ; Cyclone II                                      ;
; Device                             ; EP2C35F672C6                                    ;
; Timing Models                      ; Final                                           ;
; Total logic elements               ; 231 / 33,216 ( < 1 % )                          ;
;     Total combinational functions  ; 229 / 33,216 ( < 1 % )                          ;
;     Dedicated logic registers      ; 105 / 33,216 ( < 1 % )                          ;
; Total registers                    ; 105                                             ;
; Total pins                         ; 8 / 475 ( 2 % )                                 ;
; Total virtual pins                 ; 0                                               ;
; Total memory bits                  ; 1,536 / 483,840 ( < 1 % )                       ;
; Embedded Multiplier 9-bit elements ; 0 / 70 ( 0 % )                                  ;
; Total PLLs                         ; 0 / 4 ( 0 % )                                   ;
+------------------------------------+-------------------------------------------------+


+-----------------------------------------+
; Flow Settings                           ;
+-------------------+---------------------+
; Option            ; Setting             ;
+-------------------+---------------------+
; Start date & time ; 11/24/2019 16:12:30 ;
; Main task         ; Compilation         ;
; Revision Name     ; hw5                 ;
+-------------------+---------------------+


+------------------------------------------------------------------------------------------------------------------------+
; Flow Non-Default Global Settings                                                                                       ;
+-------------------------------------+-----------------------------------+---------------+-------------+----------------+
; Assignment Name                     ; Value                             ; Default Value ; Entity Name ; Section Id     ;
+-------------------------------------+-----------------------------------+---------------+-------------+----------------+
; COMPILER_SIGNATURE_ID               ; 119071794971244.157458315014100   ; --            ; --          ; --             ;
; EDA_GENERATE_FUNCTIONAL_NETLIST     ; On                                ; --            ; --          ; eda_simulation ;
; EDA_OUTPUT_DATA_FORMAT              ; Verilog Hdl                       ; --            ; --          ; eda_simulation ;
; EDA_SIMULATION_TOOL                 ; ModelSim-Altera (Verilog)         ; <None>        ; --          ; --             ;
; IP_TOOL_NAME                        ; RAM: 1-PORT                       ; --            ; --          ; --             ;
; IP_TOOL_VERSION                     ; 13.0                              ; --            ; --          ; --             ;
; MAX_CORE_JUNCTION_TEMP              ; 85                                ; --            ; --          ; --             ;
; MIN_CORE_JUNCTION_TEMP              ; 0                                 ; --            ; --          ; --             ;
; MISC_FILE                           ; LED.tdf                           ; --            ; --          ; --             ;
; MISC_FILE                           ; LED.bsf                           ; --            ; --          ; --             ;
; MISC_FILE                           ; LED.inc                           ; --            ; --          ; --             ;
; MISC_FILE                           ; C:/Users/USER/Desktop/hw5/hw5.dpf ; --            ; --          ; --             ;
; PARTITION_COLOR                     ; 16764057                          ; --            ; --          ; Top            ;
; PARTITION_FITTER_PRESERVATION_LEVEL ; PLACEMENT_AND_ROUTING             ; --            ; --          ; Top            ;
; PARTITION_NETLIST_TYPE              ; SOURCE                            ; --            ; --          ; Top            ;
; PROJECT_OUTPUT_DIRECTORY            ; output_files                      ; --            ; --          ; --             ;
+-------------------------------------+-----------------------------------+---------------+-------------+----------------+


+-------------------------------------------------------------------------------------------------------------------------------+
; Flow Elapsed Time                                                                                                             ;
+---------------------------+--------------+-------------------------+---------------------+------------------------------------+
; Module Name               ; Elapsed Time ; Average Processors Used ; Peak Virtual Memory ; Total CPU Time (on all processors) ;
+---------------------------+--------------+-------------------------+---------------------+------------------------------------+
; Analysis & Synthesis      ; 00:00:02     ; 1.0                     ; 4618 MB             ; 00:00:01                           ;
; Fitter                    ; 00:00:06     ; 1.0                     ; 4895 MB             ; 00:00:05                           ;
; Assembler                 ; 00:00:01     ; 1.0                     ; 4570 MB             ; 00:00:01                           ;
; TimeQuest Timing Analyzer ; 00:00:01     ; 1.0                     ; 4556 MB             ; 00:00:01                           ;
; EDA Netlist Writer        ; 00:00:00     ; 1.0                     ; 4518 MB             ; 00:00:00                           ;
; EDA Netlist Writer        ; 00:00:00     ; 1.0                     ; 4526 MB             ; 00:00:00                           ;
; EDA Netlist Writer        ; 00:00:00     ; 1.0                     ; 4526 MB             ; 00:00:01                           ;
; EDA Netlist Writer        ; 00:00:01     ; 1.0                     ; 4526 MB             ; 00:00:00                           ;
; EDA Netlist Writer        ; 00:00:00     ; 1.0                     ; 4526 MB             ; 00:00:00                           ;
; Total                     ; 00:00:11     ; --                      ; --                  ; 00:00:09                           ;
+---------------------------+--------------+-------------------------+---------------------+------------------------------------+


+----------------------------------------------------------------------------------------+
; Flow OS Summary                                                                        ;
+---------------------------+------------------+-----------+------------+----------------+
; Module Name               ; Machine Hostname ; OS Name   ; OS Version ; Processor type ;
+---------------------------+------------------+-----------+------------+----------------+
; Analysis & Synthesis      ; DESKTOP-1JV19DI  ; Windows 7 ; 6.2        ; x86_64         ;
; Fitter                    ; DESKTOP-1JV19DI  ; Windows 7 ; 6.2        ; x86_64         ;
; Assembler                 ; DESKTOP-1JV19DI  ; Windows 7 ; 6.2        ; x86_64         ;
; TimeQuest Timing Analyzer ; DESKTOP-1JV19DI  ; Windows 7 ; 6.2        ; x86_64         ;
; EDA Netlist Writer        ; DESKTOP-1JV19DI  ; Windows 7 ; 6.2        ; x86_64         ;
; EDA Netlist Writer        ; DESKTOP-1JV19DI  ; Windows 7 ; 6.2        ; x86_64         ;
; EDA Netlist Writer        ; DESKTOP-1JV19DI  ; Windows 7 ; 6.2        ; x86_64         ;
; EDA Netlist Writer        ; DESKTOP-1JV19DI  ; Windows 7 ; 6.2        ; x86_64         ;
; EDA Netlist Writer        ; DESKTOP-1JV19DI  ; Windows 7 ; 6.2        ; x86_64         ;
+---------------------------+------------------+-----------+------------+----------------+


------------
; Flow Log ;
------------
quartus_map --read_settings_files=on --write_settings_files=off hw5 -c hw5
quartus_fit --read_settings_files=off --write_settings_files=off hw5 -c hw5
quartus_asm --read_settings_files=off --write_settings_files=off hw5 -c hw5
quartus_sta hw5 -c hw5
quartus_eda --read_settings_files=off --write_settings_files=off hw5 -c hw5
quartus_eda --gen_testbench --check_outputs=on --tool=modelsim_oem --format=verilog hw5 -c hw5 --vector_source="C:/Users/user/Desktop/EE exp3/hw5/Waveform1.vwf" --testbench_file=./simulation/qsim/hw5.vt
quartus_eda --functional=on --simulation=on --tool=modelsim_oem --format=verilog hw5 -c hw5
quartus_eda --gen_testbench --check_outputs=on --tool=modelsim_oem --format=verilog hw5 -c hw5 --vector_source="C:/Users/user/Desktop/EE exp3/hw5/Waveform1.vwf" --testbench_file=./simulation/qsim/hw5.vt
quartus_eda --functional=on --simulation=on --tool=modelsim_oem --format=verilog hw5 -c hw5



