Analysis & Synthesis report for hw4
Mon Oct 28 02:03:58 2019
Quartus II 64-Bit Version 13.0.1 Build 232 06/12/2013 Service Pack 1 SJ Web Edition


---------------------
; Table of Contents ;
---------------------
  1. Legal Notice
  2. Analysis & Synthesis Summary
  3. Analysis & Synthesis Settings
  4. Parallel Compilation
  5. Analysis & Synthesis Source Files Read
  6. Analysis & Synthesis Resource Usage Summary
  7. Analysis & Synthesis Resource Utilization by Entity
  8. Analysis & Synthesis RAM Summary
  9. Analysis & Synthesis IP Cores Summary
 10. State Machine - |hw4|oneshot:inst6|cs
 11. State Machine - |hw4|ctrl:inst7|cs
 12. User-Specified and Inferred Latches
 13. Registers Removed During Synthesis
 14. General Register Statistics
 15. Source assignments for LED:inst1|altsyncram:altsyncram_component|altsyncram_3nj1:auto_generated
 16. Parameter Settings for User Entity Instance: LED:inst1|altsyncram:altsyncram_component
 17. altsyncram Parameter Settings by Entity Instance
 18. Elapsed Time Per Partition
 19. Analysis & Synthesis Messages
 20. Analysis & Synthesis Suppressed Messages



----------------
; Legal Notice ;
----------------
Copyright (C) 1991-2013 Altera Corporation
Your use of Altera Corporation's design tools, logic functions 
and other software and tools, and its AMPP partner logic 
functions, and any output files from any of the foregoing 
(including device programming or simulation files), and any 
associated documentation or information are expressly subject 
to the terms and conditions of the Altera Program License 
Subscription Agreement, Altera MegaCore Function License 
Agreement, or other applicable license agreement, including, 
without limitation, that your use is for the sole purpose of 
programming logic devices manufactured by Altera and sold by 
Altera or its authorized distributors.  Please refer to the 
applicable agreement for further details.



+--------------------------------------------------------------------------------------+
; Analysis & Synthesis Summary                                                         ;
+------------------------------------+-------------------------------------------------+
; Analysis & Synthesis Status        ; Successful - Mon Oct 28 02:03:58 2019           ;
; Quartus II 64-Bit Version          ; 13.0.1 Build 232 06/12/2013 SP 1 SJ Web Edition ;
; Revision Name                      ; hw4                                             ;
; Top-level Entity Name              ; hw4                                             ;
; Family                             ; Cyclone IV GX                                   ;
; Total logic elements               ; 196                                             ;
;     Total combinational functions  ; 195                                             ;
;     Dedicated logic registers      ; 87                                              ;
; Total registers                    ; 87                                              ;
; Total pins                         ; 8                                               ;
; Total virtual pins                 ; 0                                               ;
; Total memory bits                  ; 512                                             ;
; Embedded Multiplier 9-bit elements ; 0                                               ;
; Total GXB Receiver Channel PCS     ; 0                                               ;
; Total GXB Receiver Channel PMA     ; 0                                               ;
; Total GXB Transmitter Channel PCS  ; 0                                               ;
; Total GXB Transmitter Channel PMA  ; 0                                               ;
; Total PLLs                         ; 0                                               ;
+------------------------------------+-------------------------------------------------+


+----------------------------------------------------------------------------------------------------------------------+
; Analysis & Synthesis Settings                                                                                        ;
+----------------------------------------------------------------------------+--------------------+--------------------+
; Option                                                                     ; Setting            ; Default Value      ;
+----------------------------------------------------------------------------+--------------------+--------------------+
; Top-level entity name                                                      ; hw4                ; hw4                ;
; Family name                                                                ; Cyclone IV GX      ; Cyclone IV GX      ;
; Use smart compilation                                                      ; Off                ; Off                ;
; Enable parallel Assembler and TimeQuest Timing Analyzer during compilation ; On                 ; On                 ;
; Enable compact report table                                                ; Off                ; Off                ;
; Restructure Multiplexers                                                   ; Auto               ; Auto               ;
; Create Debugging Nodes for IP Cores                                        ; Off                ; Off                ;
; Preserve fewer node names                                                  ; On                 ; On                 ;
; Disable OpenCore Plus hardware evaluation                                  ; Off                ; Off                ;
; Verilog Version                                                            ; Verilog_2001       ; Verilog_2001       ;
; VHDL Version                                                               ; VHDL_1993          ; VHDL_1993          ;
; State Machine Processing                                                   ; Auto               ; Auto               ;
; Safe State Machine                                                         ; Off                ; Off                ;
; Extract Verilog State Machines                                             ; On                 ; On                 ;
; Extract VHDL State Machines                                                ; On                 ; On                 ;
; Ignore Verilog initial constructs                                          ; Off                ; Off                ;
; Iteration limit for constant Verilog loops                                 ; 5000               ; 5000               ;
; Iteration limit for non-constant Verilog loops                             ; 250                ; 250                ;
; Add Pass-Through Logic to Inferred RAMs                                    ; On                 ; On                 ;
; Infer RAMs from Raw Logic                                                  ; On                 ; On                 ;
; Parallel Synthesis                                                         ; On                 ; On                 ;
; DSP Block Balancing                                                        ; Auto               ; Auto               ;
; NOT Gate Push-Back                                                         ; On                 ; On                 ;
; Power-Up Don't Care                                                        ; On                 ; On                 ;
; Remove Redundant Logic Cells                                               ; Off                ; Off                ;
; Remove Duplicate Registers                                                 ; On                 ; On                 ;
; Ignore CARRY Buffers                                                       ; Off                ; Off                ;
; Ignore CASCADE Buffers                                                     ; Off                ; Off                ;
; Ignore GLOBAL Buffers                                                      ; Off                ; Off                ;
; Ignore ROW GLOBAL Buffers                                                  ; Off                ; Off                ;
; Ignore LCELL Buffers                                                       ; Off                ; Off                ;
; Ignore SOFT Buffers                                                        ; On                 ; On                 ;
; Limit AHDL Integers to 32 Bits                                             ; Off                ; Off                ;
; Optimization Technique                                                     ; Balanced           ; Balanced           ;
; Carry Chain Length                                                         ; 70                 ; 70                 ;
; Auto Carry Chains                                                          ; On                 ; On                 ;
; Auto Open-Drain Pins                                                       ; On                 ; On                 ;
; Perform WYSIWYG Primitive Resynthesis                                      ; Off                ; Off                ;
; Auto ROM Replacement                                                       ; On                 ; On                 ;
; Auto RAM Replacement                                                       ; On                 ; On                 ;
; Auto DSP Block Replacement                                                 ; On                 ; On                 ;
; Auto Shift Register Replacement                                            ; Auto               ; Auto               ;
; Allow Shift Register Merging across Hierarchies                            ; Auto               ; Auto               ;
; Auto Clock Enable Replacement                                              ; On                 ; On                 ;
; Strict RAM Replacement                                                     ; Off                ; Off                ;
; Allow Synchronous Control Signals                                          ; On                 ; On                 ;
; Force Use of Synchronous Clear Signals                                     ; Off                ; Off                ;
; Auto RAM Block Balancing                                                   ; On                 ; On                 ;
; Auto RAM to Logic Cell Conversion                                          ; Off                ; Off                ;
; Auto Resource Sharing                                                      ; Off                ; Off                ;
; Allow Any RAM Size For Recognition                                         ; Off                ; Off                ;
; Allow Any ROM Size For Recognition                                         ; Off                ; Off                ;
; Allow Any Shift Register Size For Recognition                              ; Off                ; Off                ;
; Use LogicLock Constraints during Resource Balancing                        ; On                 ; On                 ;
; Ignore translate_off and synthesis_off directives                          ; Off                ; Off                ;
; Timing-Driven Synthesis                                                    ; On                 ; On                 ;
; Report Parameter Settings                                                  ; On                 ; On                 ;
; Report Source Assignments                                                  ; On                 ; On                 ;
; Report Connectivity Checks                                                 ; On                 ; On                 ;
; Ignore Maximum Fan-Out Assignments                                         ; Off                ; Off                ;
; Synchronization Register Chain Length                                      ; 2                  ; 2                  ;
; PowerPlay Power Optimization                                               ; Normal compilation ; Normal compilation ;
; HDL message level                                                          ; Level2             ; Level2             ;
; Suppress Register Optimization Related Messages                            ; Off                ; Off                ;
; Number of Removed Registers Reported in Synthesis Report                   ; 5000               ; 5000               ;
; Number of Swept Nodes Reported in Synthesis Report                         ; 5000               ; 5000               ;
; Number of Inverted Registers Reported in Synthesis Report                  ; 100                ; 100                ;
; Clock MUX Protection                                                       ; On                 ; On                 ;
; Auto Gated Clock Conversion                                                ; Off                ; Off                ;
; Block Design Naming                                                        ; Auto               ; Auto               ;
; SDC constraint protection                                                  ; Off                ; Off                ;
; Synthesis Effort                                                           ; Auto               ; Auto               ;
; Shift Register Replacement - Allow Asynchronous Clear Signal               ; On                 ; On                 ;
; Pre-Mapping Resynthesis Optimization                                       ; Off                ; Off                ;
; Analysis & Synthesis Message Level                                         ; Medium             ; Medium             ;
; Disable Register Merging Across Hierarchies                                ; Auto               ; Auto               ;
; Resource Aware Inference For Block RAM                                     ; On                 ; On                 ;
; Synthesis Seed                                                             ; 1                  ; 1                  ;
+----------------------------------------------------------------------------+--------------------+--------------------+


Parallel compilation was disabled, but you have multiple processors available. Enable parallel compilation to reduce compilation time.
+-------------------------------------+
; Parallel Compilation                ;
+----------------------------+--------+
; Processors                 ; Number ;
+----------------------------+--------+
; Number detected on machine ; 8      ;
; Maximum allowed            ; 1      ;
+----------------------------+--------+


+---------------------------------------------------------------------------------------------------------------------------------------------------------------------+
; Analysis & Synthesis Source Files Read                                                                                                                              ;
+----------------------------------+-----------------+------------------------------------+-----------------------------------------------------------------+---------+
; File Name with User-Entered Path ; Used in Netlist ; File Type                          ; File Name with Absolute Path                                    ; Library ;
+----------------------------------+-----------------+------------------------------------+-----------------------------------------------------------------+---------+
; sel_DIVN.v                       ; yes             ; User Verilog HDL File              ; C:/Users/user/Desktop/EE exp3/hw4/sel_DIVN.v                    ;         ;
; AGU.v                            ; yes             ; User Verilog HDL File              ; C:/Users/user/Desktop/EE exp3/hw4/AGU.v                         ;         ;
; fDIV50M.v                        ; yes             ; User Verilog HDL File              ; C:/Users/user/Desktop/EE exp3/hw4/fDIV50M.v                     ;         ;
; fDIV25K.v                        ; yes             ; User Verilog HDL File              ; C:/Users/user/Desktop/EE exp3/hw4/fDIV25K.v                     ;         ;
; oneshot.v                        ; yes             ; User Verilog HDL File              ; C:/Users/user/Desktop/EE exp3/hw4/oneshot.v                     ;         ;
; ctrl.v                           ; yes             ; User Verilog HDL File              ; C:/Users/user/Desktop/EE exp3/hw4/ctrl.v                        ;         ;
; SO.v                             ; yes             ; User Verilog HDL File              ; C:/Users/user/Desktop/EE exp3/hw4/SO.v                          ;         ;
; LED.v                            ; yes             ; User Wizard-Generated File         ; C:/Users/user/Desktop/EE exp3/hw4/LED.v                         ;         ;
; hw4.bdf                          ; yes             ; User Block Diagram/Schematic File  ; C:/Users/user/Desktop/EE exp3/hw4/hw4.bdf                       ;         ;
; altsyncram.tdf                   ; yes             ; Megafunction                       ; d:/altera/quartus/libraries/megafunctions/altsyncram.tdf        ;         ;
; stratix_ram_block.inc            ; yes             ; Megafunction                       ; d:/altera/quartus/libraries/megafunctions/stratix_ram_block.inc ;         ;
; lpm_mux.inc                      ; yes             ; Megafunction                       ; d:/altera/quartus/libraries/megafunctions/lpm_mux.inc           ;         ;
; lpm_decode.inc                   ; yes             ; Megafunction                       ; d:/altera/quartus/libraries/megafunctions/lpm_decode.inc        ;         ;
; aglobal130.inc                   ; yes             ; Megafunction                       ; d:/altera/quartus/libraries/megafunctions/aglobal130.inc        ;         ;
; a_rdenreg.inc                    ; yes             ; Megafunction                       ; d:/altera/quartus/libraries/megafunctions/a_rdenreg.inc         ;         ;
; altrom.inc                       ; yes             ; Megafunction                       ; d:/altera/quartus/libraries/megafunctions/altrom.inc            ;         ;
; altram.inc                       ; yes             ; Megafunction                       ; d:/altera/quartus/libraries/megafunctions/altram.inc            ;         ;
; altdpram.inc                     ; yes             ; Megafunction                       ; d:/altera/quartus/libraries/megafunctions/altdpram.inc          ;         ;
; db/altsyncram_3nj1.tdf           ; yes             ; Auto-Generated Megafunction        ; C:/Users/user/Desktop/EE exp3/hw4/db/altsyncram_3nj1.tdf        ;         ;
+----------------------------------+-----------------+------------------------------------+-----------------------------------------------------------------+---------+


+---------------------------------------------+
; Analysis & Synthesis Resource Usage Summary ;
+--------------------------+------------------+
; Resource                 ; Usage            ;
+--------------------------+------------------+
; I/O pins                 ; 8                ;
; Total memory bits        ; 512              ;
; DSP block 9-bit elements ; 0                ;
; Maximum fan-out node     ; fin~input        ;
; Maximum fan-out          ; 84               ;
; Total fan-out            ; 951              ;
; Average fan-out          ; 3.03             ;
+--------------------------+------------------+


+------------------------------------------------------------------------------------------------------------------------------------------------------------------------------------------------------------------------------------------------------------------+
; Analysis & Synthesis Resource Utilization by Entity                                                                                                                                                                                                              ;
+-------------------------------------------+-------------------+--------------+-------------+--------------+---------+-----------+-----------+------+--------------+-------------------------------------------------------------------------------+--------------+
; Compilation Hierarchy Node                ; LC Combinationals ; LC Registers ; Memory Bits ; DSP Elements ; DSP 9x9 ; DSP 18x18 ; DSP 36x36 ; Pins ; Virtual Pins ; Full Hierarchy Name                                                           ; Library Name ;
+-------------------------------------------+-------------------+--------------+-------------+--------------+---------+-----------+-----------+------+--------------+-------------------------------------------------------------------------------+--------------+
; |hw4                                      ; 195 (1)           ; 87 (0)       ; 512         ; 0            ; 0       ; 0         ; 0         ; 8    ; 0            ; |hw4                                                                          ; work         ;
;    |AGU:inst5|                            ; 4 (4)             ; 4 (4)        ; 0           ; 0            ; 0       ; 0         ; 0         ; 0    ; 0            ; |hw4|AGU:inst5                                                                ; work         ;
;    |LED:inst1|                            ; 0 (0)             ; 0 (0)        ; 512         ; 0            ; 0       ; 0         ; 0         ; 0    ; 0            ; |hw4|LED:inst1                                                                ; work         ;
;       |altsyncram:altsyncram_component|   ; 0 (0)             ; 0 (0)        ; 512         ; 0            ; 0       ; 0         ; 0         ; 0    ; 0            ; |hw4|LED:inst1|altsyncram:altsyncram_component                                ; work         ;
;          |altsyncram_3nj1:auto_generated| ; 0 (0)             ; 0 (0)        ; 512         ; 0            ; 0       ; 0         ; 0         ; 0    ; 0            ; |hw4|LED:inst1|altsyncram:altsyncram_component|altsyncram_3nj1:auto_generated ; work         ;
;    |SO:inst8|                             ; 30 (30)           ; 4 (4)        ; 0           ; 0            ; 0       ; 0         ; 0         ; 0    ; 0            ; |hw4|SO:inst8                                                                 ; work         ;
;    |ctrl:inst7|                           ; 10 (10)           ; 9 (9)        ; 0           ; 0            ; 0       ; 0         ; 0         ; 0    ; 0            ; |hw4|ctrl:inst7                                                               ; work         ;
;    |fDIV25K:inst4|                        ; 49 (49)           ; 34 (34)      ; 0           ; 0            ; 0       ; 0         ; 0         ; 0    ; 0            ; |hw4|fDIV25K:inst4                                                            ; work         ;
;    |fDIV50M:inst3|                        ; 97 (97)           ; 34 (34)      ; 0           ; 0            ; 0       ; 0         ; 0         ; 0    ; 0            ; |hw4|fDIV50M:inst3                                                            ; work         ;
;    |oneshot:inst6|                        ; 2 (2)             ; 2 (2)        ; 0           ; 0            ; 0       ; 0         ; 0         ; 0    ; 0            ; |hw4|oneshot:inst6                                                            ; work         ;
;    |sel_DIVN:inst|                        ; 2 (2)             ; 0 (0)        ; 0           ; 0            ; 0       ; 0         ; 0         ; 0    ; 0            ; |hw4|sel_DIVN:inst                                                            ; work         ;
+-------------------------------------------+-------------------+--------------+-------------+--------------+---------+-----------+-----------+------+--------------+-------------------------------------------------------------------------------+--------------+
Note: For table entries with two numbers listed, the numbers in parentheses indicate the number of resources of the given type used by the specific entity alone. The numbers listed outside of parentheses indicate the total resources of the given type used by the specific entity and all of its sub-entities in the hierarchy.


+------------------------------------------------------------------------------------------------------------------------------------------------------------------------------------+
; Analysis & Synthesis RAM Summary                                                                                                                                                   ;
+-------------------------------------------------------------------------------------+------+-------------+--------------+--------------+--------------+--------------+------+------+
; Name                                                                                ; Type ; Mode        ; Port A Depth ; Port A Width ; Port B Depth ; Port B Width ; Size ; MIF  ;
+-------------------------------------------------------------------------------------+------+-------------+--------------+--------------+--------------+--------------+------+------+
; LED:inst1|altsyncram:altsyncram_component|altsyncram_3nj1:auto_generated|ALTSYNCRAM ; AUTO ; Single Port ; 32           ; 16           ; --           ; --           ; 512  ; None ;
+-------------------------------------------------------------------------------------+------+-------------+--------------+--------------+--------------+--------------+------+------+


+---------------------------------------------------------------------------------------------------------------------------+
; Analysis & Synthesis IP Cores Summary                                                                                     ;
+--------+--------------+---------+--------------+--------------+-----------------+-----------------------------------------+
; Vendor ; IP Core Name ; Version ; Release Date ; License Type ; Entity Instance ; IP Include File                         ;
+--------+--------------+---------+--------------+--------------+-----------------+-----------------------------------------+
; Altera ; RAM: 1-PORT  ; 13.0    ; N/A          ; N/A          ; |hw4|LED:inst1  ; C:/Users/user/Desktop/EE exp3/hw4/LED.v ;
+--------+--------------+---------+--------------+--------------+-----------------+-----------------------------------------+


Encoding Type:  One-Hot
+---------------------------------------+
; State Machine - |hw4|oneshot:inst6|cs ;
+-------+-------+-------+---------------+
; Name  ; cs.00 ; cs.10 ; cs.01         ;
+-------+-------+-------+---------------+
; cs.00 ; 0     ; 0     ; 0             ;
; cs.01 ; 1     ; 0     ; 1             ;
; cs.10 ; 1     ; 1     ; 0             ;
+-------+-------+-------+---------------+


Encoding Type:  One-Hot
+---------------------------------------+
; State Machine - |hw4|ctrl:inst7|cs    ;
+-------+-------+-------+-------+-------+
; Name  ; cs.11 ; cs.10 ; cs.01 ; cs.00 ;
+-------+-------+-------+-------+-------+
; cs.00 ; 0     ; 0     ; 0     ; 0     ;
; cs.01 ; 0     ; 0     ; 1     ; 1     ;
; cs.10 ; 0     ; 1     ; 0     ; 1     ;
; cs.11 ; 1     ; 0     ; 0     ; 1     ;
+-------+-------+-------+-------+-------+


+----------------------------------------------------------------------------------------------------+
; User-Specified and Inferred Latches                                                                ;
+-----------------------------------------------------+---------------------+------------------------+
; Latch Name                                          ; Latch Enable Signal ; Free of Timing Hazards ;
+-----------------------------------------------------+---------------------+------------------------+
; SO:inst8|r[9]                                       ; oneshot:inst6|cs.01 ; yes                    ;
; SO:inst8|r[5]                                       ; oneshot:inst6|cs.01 ; yes                    ;
; SO:inst8|r[13]                                      ; oneshot:inst6|cs.01 ; yes                    ;
; SO:inst8|r[1]                                       ; oneshot:inst6|cs.01 ; yes                    ;
; SO:inst8|r[6]                                       ; oneshot:inst6|cs.01 ; yes                    ;
; SO:inst8|r[10]                                      ; oneshot:inst6|cs.01 ; yes                    ;
; SO:inst8|r[14]                                      ; oneshot:inst6|cs.01 ; yes                    ;
; SO:inst8|r[2]                                       ; oneshot:inst6|cs.01 ; yes                    ;
; SO:inst8|r[7]                                       ; oneshot:inst6|cs.01 ; yes                    ;
; SO:inst8|r[11]                                      ; oneshot:inst6|cs.01 ; yes                    ;
; SO:inst8|r[15]                                      ; oneshot:inst6|cs.01 ; yes                    ;
; SO:inst8|r[3]                                       ; oneshot:inst6|cs.01 ; yes                    ;
; SO:inst8|r[8]                                       ; oneshot:inst6|cs.01 ; yes                    ;
; SO:inst8|r[4]                                       ; oneshot:inst6|cs.01 ; yes                    ;
; SO:inst8|r[12]                                      ; oneshot:inst6|cs.01 ; yes                    ;
; SO:inst8|r[0]                                       ; oneshot:inst6|cs.01 ; yes                    ;
; Number of user-specified and inferred latches = 16  ;                     ;                        ;
+-----------------------------------------------------+---------------------+------------------------+
Note: All latches listed above may not be present at the end of synthesis due to various synthesis optimizations.


+------------------------------------------------------------+
; Registers Removed During Synthesis                         ;
+---------------------------------------+--------------------+
; Register name                         ; Reason for Removal ;
+---------------------------------------+--------------------+
; ctrl:inst7|cs~2                       ; Lost fanout        ;
; ctrl:inst7|cs~3                       ; Lost fanout        ;
; oneshot:inst6|cs.10                   ; Lost fanout        ;
; Total Number of Removed Registers = 3 ;                    ;
+---------------------------------------+--------------------+


+------------------------------------------------------+
; General Register Statistics                          ;
+----------------------------------------------+-------+
; Statistic                                    ; Value ;
+----------------------------------------------+-------+
; Total registers                              ; 87    ;
; Number of registers using Synchronous Clear  ; 64    ;
; Number of registers using Synchronous Load   ; 0     ;
; Number of registers using Asynchronous Clear ; 8     ;
; Number of registers using Asynchronous Load  ; 0     ;
; Number of registers using Clock Enable       ; 0     ;
; Number of registers using Preset             ; 0     ;
+----------------------------------------------+-------+


+-------------------------------------------------------------------------------------------------+
; Source assignments for LED:inst1|altsyncram:altsyncram_component|altsyncram_3nj1:auto_generated ;
+---------------------------------+--------------------+------+-----------------------------------+
; Assignment                      ; Value              ; From ; To                                ;
+---------------------------------+--------------------+------+-----------------------------------+
; OPTIMIZE_POWER_DURING_SYNTHESIS ; NORMAL_COMPILATION ; -    ; -                                 ;
+---------------------------------+--------------------+------+-----------------------------------+


+---------------------------------------------------------------------------------------------------+
; Parameter Settings for User Entity Instance: LED:inst1|altsyncram:altsyncram_component            ;
+------------------------------------+---------------------------------------------+----------------+
; Parameter Name                     ; Value                                       ; Type           ;
+------------------------------------+---------------------------------------------+----------------+
; BYTE_SIZE_BLOCK                    ; 8                                           ; Untyped        ;
; AUTO_CARRY_CHAINS                  ; ON                                          ; AUTO_CARRY     ;
; IGNORE_CARRY_BUFFERS               ; OFF                                         ; IGNORE_CARRY   ;
; AUTO_CASCADE_CHAINS                ; ON                                          ; AUTO_CASCADE   ;
; IGNORE_CASCADE_BUFFERS             ; OFF                                         ; IGNORE_CASCADE ;
; WIDTH_BYTEENA                      ; 1                                           ; Untyped        ;
; OPERATION_MODE                     ; SINGLE_PORT                                 ; Untyped        ;
; WIDTH_A                            ; 16                                          ; Signed Integer ;
; WIDTHAD_A                          ; 5                                           ; Signed Integer ;
; NUMWORDS_A                         ; 32                                          ; Signed Integer ;
; OUTDATA_REG_A                      ; CLOCK0                                      ; Untyped        ;
; ADDRESS_ACLR_A                     ; NONE                                        ; Untyped        ;
; OUTDATA_ACLR_A                     ; NONE                                        ; Untyped        ;
; WRCONTROL_ACLR_A                   ; NONE                                        ; Untyped        ;
; INDATA_ACLR_A                      ; NONE                                        ; Untyped        ;
; BYTEENA_ACLR_A                     ; NONE                                        ; Untyped        ;
; WIDTH_B                            ; 1                                           ; Untyped        ;
; WIDTHAD_B                          ; 1                                           ; Untyped        ;
; NUMWORDS_B                         ; 1                                           ; Untyped        ;
; INDATA_REG_B                       ; CLOCK1                                      ; Untyped        ;
; WRCONTROL_WRADDRESS_REG_B          ; CLOCK1                                      ; Untyped        ;
; RDCONTROL_REG_B                    ; CLOCK1                                      ; Untyped        ;
; ADDRESS_REG_B                      ; CLOCK1                                      ; Untyped        ;
; OUTDATA_REG_B                      ; UNREGISTERED                                ; Untyped        ;
; BYTEENA_REG_B                      ; CLOCK1                                      ; Untyped        ;
; INDATA_ACLR_B                      ; NONE                                        ; Untyped        ;
; WRCONTROL_ACLR_B                   ; NONE                                        ; Untyped        ;
; ADDRESS_ACLR_B                     ; NONE                                        ; Untyped        ;
; OUTDATA_ACLR_B                     ; NONE                                        ; Untyped        ;
; RDCONTROL_ACLR_B                   ; NONE                                        ; Untyped        ;
; BYTEENA_ACLR_B                     ; NONE                                        ; Untyped        ;
; WIDTH_BYTEENA_A                    ; 1                                           ; Signed Integer ;
; WIDTH_BYTEENA_B                    ; 1                                           ; Untyped        ;
; RAM_BLOCK_TYPE                     ; AUTO                                        ; Untyped        ;
; BYTE_SIZE                          ; 8                                           ; Untyped        ;
; READ_DURING_WRITE_MODE_MIXED_PORTS ; DONT_CARE                                   ; Untyped        ;
; READ_DURING_WRITE_MODE_PORT_A      ; NEW_DATA_NO_NBE_READ                        ; Untyped        ;
; READ_DURING_WRITE_MODE_PORT_B      ; NEW_DATA_NO_NBE_READ                        ; Untyped        ;
; INIT_FILE                          ; ../../[????4]LED????/[????4]LED????/mem.mif ; Untyped        ;
; INIT_FILE_LAYOUT                   ; PORT_A                                      ; Untyped        ;
; MAXIMUM_DEPTH                      ; 0                                           ; Untyped        ;
; CLOCK_ENABLE_INPUT_A               ; BYPASS                                      ; Untyped        ;
; CLOCK_ENABLE_INPUT_B               ; NORMAL                                      ; Untyped        ;
; CLOCK_ENABLE_OUTPUT_A              ; BYPASS                                      ; Untyped        ;
; CLOCK_ENABLE_OUTPUT_B              ; NORMAL                                      ; Untyped        ;
; CLOCK_ENABLE_CORE_A                ; USE_INPUT_CLKEN                             ; Untyped        ;
; CLOCK_ENABLE_CORE_B                ; USE_INPUT_CLKEN                             ; Untyped        ;
; ENABLE_ECC                         ; FALSE                                       ; Untyped        ;
; ECC_PIPELINE_STAGE_ENABLED         ; FALSE                                       ; Untyped        ;
; WIDTH_ECCSTATUS                    ; 3                                           ; Untyped        ;
; DEVICE_FAMILY                      ; Cyclone IV GX                               ; Untyped        ;
; CBXI_PARAMETER                     ; altsyncram_3nj1                             ; Untyped        ;
+------------------------------------+---------------------------------------------+----------------+
Note: In order to hide this table in the UI and the text report file, please set the "Show Parameter Settings in Synthesis Report" option in "Analysis and Synthesis Settings -> More Settings" to "Off".


+---------------------------------------------------------------------------------------+
; altsyncram Parameter Settings by Entity Instance                                      ;
+-------------------------------------------+-------------------------------------------+
; Name                                      ; Value                                     ;
+-------------------------------------------+-------------------------------------------+
; Number of entity instances                ; 1                                         ;
; Entity Instance                           ; LED:inst1|altsyncram:altsyncram_component ;
;     -- OPERATION_MODE                     ; SINGLE_PORT                               ;
;     -- WIDTH_A                            ; 16                                        ;
;     -- NUMWORDS_A                         ; 32                                        ;
;     -- OUTDATA_REG_A                      ; CLOCK0                                    ;
;     -- WIDTH_B                            ; 1                                         ;
;     -- NUMWORDS_B                         ; 1                                         ;
;     -- ADDRESS_REG_B                      ; CLOCK1                                    ;
;     -- OUTDATA_REG_B                      ; UNREGISTERED                              ;
;     -- RAM_BLOCK_TYPE                     ; AUTO                                      ;
;     -- READ_DURING_WRITE_MODE_MIXED_PORTS ; DONT_CARE                                 ;
+-------------------------------------------+-------------------------------------------+


+-------------------------------+
; Elapsed Time Per Partition    ;
+----------------+--------------+
; Partition Name ; Elapsed Time ;
+----------------+--------------+
; Top            ; 00:00:00     ;
+----------------+--------------+


+-------------------------------+
; Analysis & Synthesis Messages ;
+-------------------------------+
Info: *******************************************************************
Info: Running Quartus II 64-Bit Analysis & Synthesis
    Info: Version 13.0.1 Build 232 06/12/2013 Service Pack 1 SJ Web Edition
    Info: Processing started: Mon Oct 28 02:03:56 2019
Info: Command: quartus_map --read_settings_files=on --write_settings_files=off hw4 -c hw4
Warning (20028): Parallel compilation is not licensed and has been disabled
Info (12021): Found 1 design units, including 1 entities, in source file sel_divn.v
    Info (12023): Found entity 1: sel_DIVN
Info (12021): Found 1 design units, including 1 entities, in source file agu.v
    Info (12023): Found entity 1: AGU
Info (12021): Found 1 design units, including 1 entities, in source file fdiv50m.v
    Info (12023): Found entity 1: fDIV50M
Info (12021): Found 1 design units, including 1 entities, in source file fdiv25k.v
    Info (12023): Found entity 1: fDIV25K
Info (12021): Found 1 design units, including 1 entities, in source file oneshot.v
    Info (12023): Found entity 1: oneshot
Info (12021): Found 1 design units, including 1 entities, in source file ctrl.v
    Info (12023): Found entity 1: ctrl
Info (12021): Found 1 design units, including 1 entities, in source file so.v
    Info (12023): Found entity 1: SO
Info (12021): Found 1 design units, including 1 entities, in source file led.v
    Info (12023): Found entity 1: LED
Info (12021): Found 1 design units, including 1 entities, in source file hw4.bdf
    Info (12023): Found entity 1: hw4
Info (12127): Elaborating entity "hw4" for the top level hierarchy
Info (12128): Elaborating entity "fDIV25K" for hierarchy "fDIV25K:inst4"
Info (12128): Elaborating entity "SO" for hierarchy "SO:inst8"
Warning (10230): Verilog HDL assignment warning at SO.v(17): truncated value with size 32 to match size of target (4)
Warning (10240): Verilog HDL Always Construct warning at SO.v(7): inferring latch(es) for variable "r", which holds its previous value in one or more paths through the always construct
Warning (10235): Verilog HDL Always Construct warning at SO.v(24): variable "r" is read inside the Always Construct but isn't in the Always Construct's Event Control
Warning (10235): Verilog HDL Always Construct warning at SO.v(25): variable "r" is read inside the Always Construct but isn't in the Always Construct's Event Control
Warning (10235): Verilog HDL Always Construct warning at SO.v(26): variable "r" is read inside the Always Construct but isn't in the Always Construct's Event Control
Warning (10235): Verilog HDL Always Construct warning at SO.v(27): variable "r" is read inside the Always Construct but isn't in the Always Construct's Event Control
Warning (10235): Verilog HDL Always Construct warning at SO.v(28): variable "r" is read inside the Always Construct but isn't in the Always Construct's Event Control
Warning (10235): Verilog HDL Always Construct warning at SO.v(29): variable "r" is read inside the Always Construct but isn't in the Always Construct's Event Control
Warning (10235): Verilog HDL Always Construct warning at SO.v(30): variable "r" is read inside the Always Construct but isn't in the Always Construct's Event Control
Warning (10235): Verilog HDL Always Construct warning at SO.v(31): variable "r" is read inside the Always Construct but isn't in the Always Construct's Event Control
Warning (10235): Verilog HDL Always Construct warning at SO.v(32): variable "r" is read inside the Always Construct but isn't in the Always Construct's Event Control
Warning (10235): Verilog HDL Always Construct warning at SO.v(33): variable "r" is read inside the Always Construct but isn't in the Always Construct's Event Control
Warning (10235): Verilog HDL Always Construct warning at SO.v(34): variable "r" is read inside the Always Construct but isn't in the Always Construct's Event Control
Warning (10235): Verilog HDL Always Construct warning at SO.v(35): variable "r" is read inside the Always Construct but isn't in the Always Construct's Event Control
Warning (10235): Verilog HDL Always Construct warning at SO.v(36): variable "r" is read inside the Always Construct but isn't in the Always Construct's Event Control
Warning (10235): Verilog HDL Always Construct warning at SO.v(37): variable "r" is read inside the Always Construct but isn't in the Always Construct's Event Control
Warning (10235): Verilog HDL Always Construct warning at SO.v(38): variable "r" is read inside the Always Construct but isn't in the Always Construct's Event Control
Warning (10235): Verilog HDL Always Construct warning at SO.v(39): variable "r" is read inside the Always Construct but isn't in the Always Construct's Event Control
Info (10041): Inferred latch for "r[0]" at SO.v(7)
Info (10041): Inferred latch for "r[1]" at SO.v(7)
Info (10041): Inferred latch for "r[2]" at SO.v(7)
Info (10041): Inferred latch for "r[3]" at SO.v(7)
Info (10041): Inferred latch for "r[4]" at SO.v(7)
Info (10041): Inferred latch for "r[5]" at SO.v(7)
Info (10041): Inferred latch for "r[6]" at SO.v(7)
Info (10041): Inferred latch for "r[7]" at SO.v(7)
Info (10041): Inferred latch for "r[8]" at SO.v(7)
Info (10041): Inferred latch for "r[9]" at SO.v(7)
Info (10041): Inferred latch for "r[10]" at SO.v(7)
Info (10041): Inferred latch for "r[11]" at SO.v(7)
Info (10041): Inferred latch for "r[12]" at SO.v(7)
Info (10041): Inferred latch for "r[13]" at SO.v(7)
Info (10041): Inferred latch for "r[14]" at SO.v(7)
Info (10041): Inferred latch for "r[15]" at SO.v(7)
Info (12128): Elaborating entity "ctrl" for hierarchy "ctrl:inst7"
Warning (10230): Verilog HDL assignment warning at ctrl.v(21): truncated value with size 32 to match size of target (4)
Warning (10235): Verilog HDL Always Construct warning at ctrl.v(27): variable "start" is read inside the Always Construct but isn't in the Always Construct's Event Control
Warning (10235): Verilog HDL Always Construct warning at ctrl.v(29): variable "count" is read inside the Always Construct but isn't in the Always Construct's Event Control
Info (12128): Elaborating entity "oneshot" for hierarchy "oneshot:inst6"
Warning (10235): Verilog HDL Always Construct warning at oneshot.v(20): variable "clki" is read inside the Always Construct but isn't in the Always Construct's Event Control
Warning (10235): Verilog HDL Always Construct warning at oneshot.v(22): variable "clki" is read inside the Always Construct but isn't in the Always Construct's Event Control
Info (12128): Elaborating entity "fDIV50M" for hierarchy "fDIV50M:inst3"
Info (12128): Elaborating entity "sel_DIVN" for hierarchy "sel_DIVN:inst"
Info (12128): Elaborating entity "LED" for hierarchy "LED:inst1"
Info (12128): Elaborating entity "altsyncram" for hierarchy "LED:inst1|altsyncram:altsyncram_component"
Info (12130): Elaborated megafunction instantiation "LED:inst1|altsyncram:altsyncram_component"
Info (12133): Instantiated megafunction "LED:inst1|altsyncram:altsyncram_component" with the following parameter:
    Info (12134): Parameter "clock_enable_input_a" = "BYPASS"
    Info (12134): Parameter "clock_enable_output_a" = "BYPASS"
    Info (12134): Parameter "init_file" = "../../[????4]LED????/[????4]LED????/mem.mif"
    Info (12134): Parameter "intended_device_family" = "Cyclone IV GX"
    Info (12134): Parameter "lpm_hint" = "ENABLE_RUNTIME_MOD=NO"
    Info (12134): Parameter "lpm_type" = "altsyncram"
    Info (12134): Parameter "numwords_a" = "32"
    Info (12134): Parameter "operation_mode" = "SINGLE_PORT"
    Info (12134): Parameter "outdata_aclr_a" = "NONE"
    Info (12134): Parameter "outdata_reg_a" = "CLOCK0"
    Info (12134): Parameter "power_up_uninitialized" = "FALSE"
    Info (12134): Parameter "read_during_write_mode_port_a" = "NEW_DATA_NO_NBE_READ"
    Info (12134): Parameter "widthad_a" = "5"
    Info (12134): Parameter "width_a" = "16"
    Info (12134): Parameter "width_byteena_a" = "1"
Info (12021): Found 1 design units, including 1 entities, in source file db/altsyncram_3nj1.tdf
    Info (12023): Found entity 1: altsyncram_3nj1
Info (12128): Elaborating entity "altsyncram_3nj1" for hierarchy "LED:inst1|altsyncram:altsyncram_component|altsyncram_3nj1:auto_generated"
Info (12128): Elaborating entity "AGU" for hierarchy "AGU:inst5"
Info (286030): Timing-Driven Synthesis is running
Info (17049): 3 registers lost all their fanouts during netlist optimizations.
Info (144001): Generated suppressed messages file C:/Users/user/Desktop/EE exp3/hw4/output_files/hw4.map.smsg
Info (16010): Generating hard_block partition "hard_block:auto_generated_inst"
    Info (16011): Adding 0 node(s), including 0 DDIO, 0 PLL, 0 transceiver and 0 LCELL
Info (21057): Implemented 220 device resources after synthesis - the final resource count might be different
    Info (21058): Implemented 5 input pins
    Info (21059): Implemented 3 output pins
    Info (21061): Implemented 196 logic cells
    Info (21064): Implemented 16 RAM segments
Info: Quartus II 64-Bit Analysis & Synthesis was successful. 0 errors, 24 warnings
    Info: Peak virtual memory: 4658 megabytes
    Info: Processing ended: Mon Oct 28 02:03:58 2019
    Info: Elapsed time: 00:00:02
    Info: Total CPU time (on all processors): 00:00:02


+------------------------------------------+
; Analysis & Synthesis Suppressed Messages ;
+------------------------------------------+
The suppressed messages can be found in C:/Users/user/Desktop/EE exp3/hw4/output_files/hw4.map.smsg.


