Analysis & Synthesis report for hw4n
Sun Nov 10 00:10:12 2019
Quartus II 64-Bit Version 13.0.1 Build 232 06/12/2013 Service Pack 1 SJ Web Edition


---------------------
; Table of Contents ;
---------------------
  1. Legal Notice
  2. Analysis & Synthesis Summary
  3. Analysis & Synthesis Settings
  4. Parallel Compilation
  5. Analysis & Synthesis Source Files Read
  6. Analysis & Synthesis Resource Usage Summary
  7. Analysis & Synthesis Resource Utilization by Entity
  8. Analysis & Synthesis RAM Summary
  9. Analysis & Synthesis IP Cores Summary
 10. State Machine - |hw4n|oneshot:inst10|cs
 11. State Machine - |hw4n|ctrl:inst4|state
 12. User-Specified and Inferred Latches
 13. Registers Removed During Synthesis
 14. General Register Statistics
 15. Source assignments for LED:inst14|altsyncram:altsyncram_component|altsyncram_cnc1:auto_generated
 16. Parameter Settings for User Entity Instance: LED:inst14|altsyncram:altsyncram_component
 17. altsyncram Parameter Settings by Entity Instance
 18. Elapsed Time Per Partition
 19. Analysis & Synthesis Messages



----------------
; Legal Notice ;
----------------
Copyright (C) 1991-2013 Altera Corporation
Your use of Altera Corporation's design tools, logic functions 
and other software and tools, and its AMPP partner logic 
functions, and any output files from any of the foregoing 
(including device programming or simulation files), and any 
associated documentation or information are expressly subject 
to the terms and conditions of the Altera Program License 
Subscription Agreement, Altera MegaCore Function License 
Agreement, or other applicable license agreement, including, 
without limitation, that your use is for the sole purpose of 
programming logic devices manufactured by Altera and sold by 
Altera or its authorized distributors.  Please refer to the 
applicable agreement for further details.



+--------------------------------------------------------------------------------------+
; Analysis & Synthesis Summary                                                         ;
+------------------------------------+-------------------------------------------------+
; Analysis & Synthesis Status        ; Successful - Sun Nov 10 00:10:12 2019           ;
; Quartus II 64-Bit Version          ; 13.0.1 Build 232 06/12/2013 SP 1 SJ Web Edition ;
; Revision Name                      ; hw4n                                            ;
; Top-level Entity Name              ; hw4n                                            ;
; Family                             ; Cyclone II                                      ;
; Total logic elements               ; 231                                             ;
;     Total combinational functions  ; 230                                             ;
;     Dedicated logic registers      ; 96                                              ;
; Total registers                    ; 96                                              ;
; Total pins                         ; 33                                              ;
; Total virtual pins                 ; 0                                               ;
; Total memory bits                  ; 512                                             ;
; Embedded Multiplier 9-bit elements ; 0                                               ;
; Total PLLs                         ; 0                                               ;
+------------------------------------+-------------------------------------------------+


+----------------------------------------------------------------------------------------------------------------------+
; Analysis & Synthesis Settings                                                                                        ;
+----------------------------------------------------------------------------+--------------------+--------------------+
; Option                                                                     ; Setting            ; Default Value      ;
+----------------------------------------------------------------------------+--------------------+--------------------+
; Device                                                                     ; EP2C5F256C6        ;                    ;
; Top-level entity name                                                      ; hw4n               ; hw4n               ;
; Family name                                                                ; Cyclone II         ; Cyclone IV GX      ;
; Use smart compilation                                                      ; Off                ; Off                ;
; Enable parallel Assembler and TimeQuest Timing Analyzer during compilation ; On                 ; On                 ;
; Enable compact report table                                                ; Off                ; Off                ;
; Restructure Multiplexers                                                   ; Auto               ; Auto               ;
; Create Debugging Nodes for IP Cores                                        ; Off                ; Off                ;
; Preserve fewer node names                                                  ; On                 ; On                 ;
; Disable OpenCore Plus hardware evaluation                                  ; Off                ; Off                ;
; Verilog Version                                                            ; Verilog_2001       ; Verilog_2001       ;
; VHDL Version                                                               ; VHDL_1993          ; VHDL_1993          ;
; State Machine Processing                                                   ; Auto               ; Auto               ;
; Safe State Machine                                                         ; Off                ; Off                ;
; Extract Verilog State Machines                                             ; On                 ; On                 ;
; Extract VHDL State Machines                                                ; On                 ; On                 ;
; Ignore Verilog initial constructs                                          ; Off                ; Off                ;
; Iteration limit for constant Verilog loops                                 ; 5000               ; 5000               ;
; Iteration limit for non-constant Verilog loops                             ; 250                ; 250                ;
; Add Pass-Through Logic to Inferred RAMs                                    ; On                 ; On                 ;
; Infer RAMs from Raw Logic                                                  ; On                 ; On                 ;
; Parallel Synthesis                                                         ; On                 ; On                 ;
; DSP Block Balancing                                                        ; Auto               ; Auto               ;
; NOT Gate Push-Back                                                         ; On                 ; On                 ;
; Power-Up Don't Care                                                        ; On                 ; On                 ;
; Remove Redundant Logic Cells                                               ; Off                ; Off                ;
; Remove Duplicate Registers                                                 ; On                 ; On                 ;
; Ignore CARRY Buffers                                                       ; Off                ; Off                ;
; Ignore CASCADE Buffers                                                     ; Off                ; Off                ;
; Ignore GLOBAL Buffers                                                      ; Off                ; Off                ;
; Ignore ROW GLOBAL Buffers                                                  ; Off                ; Off                ;
; Ignore LCELL Buffers                                                       ; Off                ; Off                ;
; Ignore SOFT Buffers                                                        ; On                 ; On                 ;
; Limit AHDL Integers to 32 Bits                                             ; Off                ; Off                ;
; Optimization Technique                                                     ; Balanced           ; Balanced           ;
; Carry Chain Length                                                         ; 70                 ; 70                 ;
; Auto Carry Chains                                                          ; On                 ; On                 ;
; Auto Open-Drain Pins                                                       ; On                 ; On                 ;
; Perform WYSIWYG Primitive Resynthesis                                      ; Off                ; Off                ;
; Auto ROM Replacement                                                       ; On                 ; On                 ;
; Auto RAM Replacement                                                       ; On                 ; On                 ;
; Auto Shift Register Replacement                                            ; Auto               ; Auto               ;
; Allow Shift Register Merging across Hierarchies                            ; Auto               ; Auto               ;
; Auto Clock Enable Replacement                                              ; On                 ; On                 ;
; Strict RAM Replacement                                                     ; Off                ; Off                ;
; Allow Synchronous Control Signals                                          ; On                 ; On                 ;
; Force Use of Synchronous Clear Signals                                     ; Off                ; Off                ;
; Auto RAM to Logic Cell Conversion                                          ; Off                ; Off                ;
; Auto Resource Sharing                                                      ; Off                ; Off                ;
; Allow Any RAM Size For Recognition                                         ; Off                ; Off                ;
; Allow Any ROM Size For Recognition                                         ; Off                ; Off                ;
; Allow Any Shift Register Size For Recognition                              ; Off                ; Off                ;
; Use LogicLock Constraints during Resource Balancing                        ; On                 ; On                 ;
; Ignore translate_off and synthesis_off directives                          ; Off                ; Off                ;
; Timing-Driven Synthesis                                                    ; Off                ; Off                ;
; Report Parameter Settings                                                  ; On                 ; On                 ;
; Report Source Assignments                                                  ; On                 ; On                 ;
; Report Connectivity Checks                                                 ; On                 ; On                 ;
; Ignore Maximum Fan-Out Assignments                                         ; Off                ; Off                ;
; Synchronization Register Chain Length                                      ; 2                  ; 2                  ;
; PowerPlay Power Optimization                                               ; Normal compilation ; Normal compilation ;
; HDL message level                                                          ; Level2             ; Level2             ;
; Suppress Register Optimization Related Messages                            ; Off                ; Off                ;
; Number of Removed Registers Reported in Synthesis Report                   ; 5000               ; 5000               ;
; Number of Swept Nodes Reported in Synthesis Report                         ; 5000               ; 5000               ;
; Number of Inverted Registers Reported in Synthesis Report                  ; 100                ; 100                ;
; Clock MUX Protection                                                       ; On                 ; On                 ;
; Auto Gated Clock Conversion                                                ; Off                ; Off                ;
; Block Design Naming                                                        ; Auto               ; Auto               ;
; SDC constraint protection                                                  ; Off                ; Off                ;
; Synthesis Effort                                                           ; Auto               ; Auto               ;
; Shift Register Replacement - Allow Asynchronous Clear Signal               ; On                 ; On                 ;
; Pre-Mapping Resynthesis Optimization                                       ; Off                ; Off                ;
; Analysis & Synthesis Message Level                                         ; Medium             ; Medium             ;
; Disable Register Merging Across Hierarchies                                ; Auto               ; Auto               ;
; Resource Aware Inference For Block RAM                                     ; On                 ; On                 ;
; Synthesis Seed                                                             ; 1                  ; 1                  ;
+----------------------------------------------------------------------------+--------------------+--------------------+


Parallel compilation was disabled, but you have multiple processors available. Enable parallel compilation to reduce compilation time.
+-------------------------------------+
; Parallel Compilation                ;
+----------------------------+--------+
; Processors                 ; Number ;
+----------------------------+--------+
; Number detected on machine ; 8      ;
; Maximum allowed            ; 1      ;
+----------------------------+--------+


+----------------------------------------------------------------------------------------------------------------------------------------------------------------------------+
; Analysis & Synthesis Source Files Read                                                                                                                                     ;
+-------------------------------------+-----------------+----------------------------------------+-----------------------------------------------------------------+---------+
; File Name with User-Entered Path    ; Used in Netlist ; File Type                              ; File Name with Absolute Path                                    ; Library ;
+-------------------------------------+-----------------+----------------------------------------+-----------------------------------------------------------------+---------+
; AGU.v                               ; yes             ; User Verilog HDL File                  ; C:/Users/user/Desktop/EE exp3/hw4(new)/AGU.v                    ;         ;
; FDIV.v                              ; yes             ; User Verilog HDL File                  ; C:/Users/user/Desktop/EE exp3/hw4(new)/FDIV.v                   ;         ;
; FDIV25K.v                           ; yes             ; User Verilog HDL File                  ; C:/Users/user/Desktop/EE exp3/hw4(new)/FDIV25K.v                ;         ;
; oneshot.v                           ; yes             ; User Verilog HDL File                  ; C:/Users/user/Desktop/EE exp3/hw4(new)/oneshot.v                ;         ;
; ctrl.v                              ; yes             ; User Verilog HDL File                  ; C:/Users/user/Desktop/EE exp3/hw4(new)/ctrl.v                   ;         ;
; serial_out.v                        ; yes             ; User Verilog HDL File                  ; C:/Users/user/Desktop/EE exp3/hw4(new)/serial_out.v             ;         ;
; hw4n.bdf                            ; yes             ; User Block Diagram/Schematic File      ; C:/Users/user/Desktop/EE exp3/hw4(new)/hw4n.bdf                 ;         ;
; LED.v                               ; yes             ; User Wizard-Generated File             ; C:/Users/user/Desktop/EE exp3/hw4(new)/LED.v                    ;         ;
; altsyncram.tdf                      ; yes             ; Megafunction                           ; d:/altera/quartus/libraries/megafunctions/altsyncram.tdf        ;         ;
; stratix_ram_block.inc               ; yes             ; Megafunction                           ; d:/altera/quartus/libraries/megafunctions/stratix_ram_block.inc ;         ;
; lpm_mux.inc                         ; yes             ; Megafunction                           ; d:/altera/quartus/libraries/megafunctions/lpm_mux.inc           ;         ;
; lpm_decode.inc                      ; yes             ; Megafunction                           ; d:/altera/quartus/libraries/megafunctions/lpm_decode.inc        ;         ;
; aglobal130.inc                      ; yes             ; Megafunction                           ; d:/altera/quartus/libraries/megafunctions/aglobal130.inc        ;         ;
; a_rdenreg.inc                       ; yes             ; Megafunction                           ; d:/altera/quartus/libraries/megafunctions/a_rdenreg.inc         ;         ;
; altrom.inc                          ; yes             ; Megafunction                           ; d:/altera/quartus/libraries/megafunctions/altrom.inc            ;         ;
; altram.inc                          ; yes             ; Megafunction                           ; d:/altera/quartus/libraries/megafunctions/altram.inc            ;         ;
; altdpram.inc                        ; yes             ; Megafunction                           ; d:/altera/quartus/libraries/megafunctions/altdpram.inc          ;         ;
; db/altsyncram_cnc1.tdf              ; yes             ; Auto-Generated Megafunction            ; C:/Users/user/Desktop/EE exp3/hw4(new)/db/altsyncram_cnc1.tdf   ;         ;
; /users/user/desktop/ee exp3/mem.mif ; yes             ; Auto-Found Memory Initialization File  ; /users/user/desktop/ee exp3/mem.mif                             ;         ;
+-------------------------------------+-----------------+----------------------------------------+-----------------------------------------------------------------+---------+


+-----------------------------------------------------+
; Analysis & Synthesis Resource Usage Summary         ;
+---------------------------------------------+-------+
; Resource                                    ; Usage ;
+---------------------------------------------+-------+
; Estimated Total logic elements              ; 231   ;
;                                             ;       ;
; Total combinational functions               ; 230   ;
; Logic element usage by number of LUT inputs ;       ;
;     -- 4 input functions                    ; 80    ;
;     -- 3 input functions                    ; 36    ;
;     -- <=2 input functions                  ; 114   ;
;                                             ;       ;
; Logic elements by mode                      ;       ;
;     -- normal mode                          ; 155   ;
;     -- arithmetic mode                      ; 75    ;
;                                             ;       ;
; Total registers                             ; 96    ;
;     -- Dedicated logic registers            ; 96    ;
;     -- I/O registers                        ; 0     ;
;                                             ;       ;
; I/O pins                                    ; 33    ;
; Total memory bits                           ; 512   ;
; Embedded Multiplier 9-bit elements          ; 0     ;
; Maximum fan-out node                        ; F     ;
; Maximum fan-out                             ; 82    ;
; Total fan-out                               ; 1068  ;
; Average fan-out                             ; 2.85  ;
+---------------------------------------------+-------+


+--------------------------------------------------------------------------------------------------------------------------------------------------------------------------------------------------------------------------------------------------------+
; Analysis & Synthesis Resource Utilization by Entity                                                                                                                                                                                                    ;
+-------------------------------------------+-------------------+--------------+-------------+--------------+---------+-----------+------+--------------+---------------------------------------------------------------------------------+--------------+
; Compilation Hierarchy Node                ; LC Combinationals ; LC Registers ; Memory Bits ; DSP Elements ; DSP 9x9 ; DSP 18x18 ; Pins ; Virtual Pins ; Full Hierarchy Name                                                             ; Library Name ;
+-------------------------------------------+-------------------+--------------+-------------+--------------+---------+-----------+------+--------------+---------------------------------------------------------------------------------+--------------+
; |hw4n                                     ; 230 (1)           ; 96 (0)       ; 512         ; 0            ; 0       ; 0         ; 33   ; 0            ; |hw4n                                                                           ; work         ;
;    |AGU:inst|                             ; 4 (4)             ; 4 (4)        ; 0           ; 0            ; 0       ; 0         ; 0    ; 0            ; |hw4n|AGU:inst                                                                  ; work         ;
;    |FDIV25K:inst3|                        ; 45 (45)           ; 33 (33)      ; 0           ; 0            ; 0       ; 0         ; 0    ; 0            ; |hw4n|FDIV25K:inst3                                                             ; work         ;
;    |FDIV:inst2|                           ; 120 (120)         ; 33 (33)      ; 0           ; 0            ; 0       ; 0         ; 0    ; 0            ; |hw4n|FDIV:inst2                                                                ; work         ;
;    |LED:inst14|                           ; 0 (0)             ; 0 (0)        ; 512         ; 0            ; 0       ; 0         ; 0    ; 0            ; |hw4n|LED:inst14                                                                ; work         ;
;       |altsyncram:altsyncram_component|   ; 0 (0)             ; 0 (0)        ; 512         ; 0            ; 0       ; 0         ; 0    ; 0            ; |hw4n|LED:inst14|altsyncram:altsyncram_component                                ; work         ;
;          |altsyncram_cnc1:auto_generated| ; 0 (0)             ; 0 (0)        ; 512         ; 0            ; 0       ; 0         ; 0    ; 0            ; |hw4n|LED:inst14|altsyncram:altsyncram_component|altsyncram_cnc1:auto_generated ; work         ;
;    |ctrl:inst4|                           ; 12 (12)           ; 8 (8)        ; 0           ; 0            ; 0       ; 0         ; 0    ; 0            ; |hw4n|ctrl:inst4                                                                ; work         ;
;    |oneshot:inst10|                       ; 2 (2)             ; 3 (3)        ; 0           ; 0            ; 0       ; 0         ; 0    ; 0            ; |hw4n|oneshot:inst10                                                            ; work         ;
;    |serial_out:inst6|                     ; 46 (46)           ; 15 (15)      ; 0           ; 0            ; 0       ; 0         ; 0    ; 0            ; |hw4n|serial_out:inst6                                                          ; work         ;
+-------------------------------------------+-------------------+--------------+-------------+--------------+---------+-----------+------+--------------+---------------------------------------------------------------------------------+--------------+
Note: For table entries with two numbers listed, the numbers in parentheses indicate the number of resources of the given type used by the specific entity alone. The numbers listed outside of parentheses indicate the total resources of the given type used by the specific entity and all of its sub-entities in the hierarchy.


+-------------------------------------------------------------------------------------------------------------------------------------------------------------------------------------------+
; Analysis & Synthesis RAM Summary                                                                                                                                                          ;
+--------------------------------------------------------------------------------------+------+-------------+--------------+--------------+--------------+--------------+------+------------+
; Name                                                                                 ; Type ; Mode        ; Port A Depth ; Port A Width ; Port B Depth ; Port B Width ; Size ; MIF        ;
+--------------------------------------------------------------------------------------+------+-------------+--------------+--------------+--------------+--------------+------+------------+
; LED:inst14|altsyncram:altsyncram_component|altsyncram_cnc1:auto_generated|ALTSYNCRAM ; AUTO ; Single Port ; 32           ; 16           ; --           ; --           ; 512  ; ../mem.mif ;
+--------------------------------------------------------------------------------------+------+-------------+--------------+--------------+--------------+--------------+------+------------+


+---------------------------------------------------------------------------------------------------------------------------------+
; Analysis & Synthesis IP Cores Summary                                                                                           ;
+--------+--------------+---------+--------------+--------------+------------------+----------------------------------------------+
; Vendor ; IP Core Name ; Version ; Release Date ; License Type ; Entity Instance  ; IP Include File                              ;
+--------+--------------+---------+--------------+--------------+------------------+----------------------------------------------+
; Altera ; RAM: 1-PORT  ; 13.0    ; N/A          ; N/A          ; |hw4n|LED:inst14 ; C:/Users/user/Desktop/EE exp3/hw4(new)/LED.v ;
+--------+--------------+---------+--------------+--------------+------------------+----------------------------------------------+


Encoding Type:  One-Hot
+-----------------------------------------+
; State Machine - |hw4n|oneshot:inst10|cs ;
+-------+-------+-------+-----------------+
; Name  ; cs.00 ; cs.10 ; cs.01           ;
+-------+-------+-------+-----------------+
; cs.00 ; 0     ; 0     ; 0               ;
; cs.01 ; 1     ; 0     ; 1               ;
; cs.10 ; 1     ; 1     ; 0               ;
+-------+-------+-------+-----------------+


Encoding Type:  One-Hot
+-----------------------------------------------+
; State Machine - |hw4n|ctrl:inst4|state        ;
+-----------+-----------+-----------+-----------+
; Name      ; state.000 ; state.010 ; state.001 ;
+-----------+-----------+-----------+-----------+
; state.000 ; 0         ; 0         ; 0         ;
; state.001 ; 1         ; 0         ; 1         ;
; state.010 ; 1         ; 1         ; 0         ;
+-----------+-----------+-----------+-----------+


+----------------------------------------------------------------------------------------------------+
; User-Specified and Inferred Latches                                                                ;
+----------------------------------------------------+----------------------+------------------------+
; Latch Name                                         ; Latch Enable Signal  ; Free of Timing Hazards ;
+----------------------------------------------------+----------------------+------------------------+
; serial_out:inst6|store[0]                          ; ctrl:inst4|state.001 ; yes                    ;
; Number of user-specified and inferred latches = 1  ;                      ;                        ;
+----------------------------------------------------+----------------------+------------------------+
Note: All latches listed above may not be present at the end of synthesis due to various synthesis optimizations.


+------------------------------------------------------------+
; Registers Removed During Synthesis                         ;
+---------------------------------------+--------------------+
; Register name                         ; Reason for Removal ;
+---------------------------------------+--------------------+
; ctrl:inst4|state~4                    ; Lost fanout        ;
; oneshot:inst10|cs.10                  ; Lost fanout        ;
; Total Number of Removed Registers = 2 ;                    ;
+---------------------------------------+--------------------+


+------------------------------------------------------+
; General Register Statistics                          ;
+----------------------------------------------+-------+
; Statistic                                    ; Value ;
+----------------------------------------------+-------+
; Total registers                              ; 96    ;
; Number of registers using Synchronous Clear  ; 69    ;
; Number of registers using Synchronous Load   ; 0     ;
; Number of registers using Asynchronous Clear ; 21    ;
; Number of registers using Asynchronous Load  ; 0     ;
; Number of registers using Clock Enable       ; 0     ;
; Number of registers using Preset             ; 0     ;
+----------------------------------------------+-------+


+--------------------------------------------------------------------------------------------------+
; Source assignments for LED:inst14|altsyncram:altsyncram_component|altsyncram_cnc1:auto_generated ;
+---------------------------------+--------------------+------+------------------------------------+
; Assignment                      ; Value              ; From ; To                                 ;
+---------------------------------+--------------------+------+------------------------------------+
; OPTIMIZE_POWER_DURING_SYNTHESIS ; NORMAL_COMPILATION ; -    ; -                                  ;
+---------------------------------+--------------------+------+------------------------------------+


+-----------------------------------------------------------------------------------------+
; Parameter Settings for User Entity Instance: LED:inst14|altsyncram:altsyncram_component ;
+------------------------------------+----------------------+-----------------------------+
; Parameter Name                     ; Value                ; Type                        ;
+------------------------------------+----------------------+-----------------------------+
; BYTE_SIZE_BLOCK                    ; 8                    ; Untyped                     ;
; AUTO_CARRY_CHAINS                  ; ON                   ; AUTO_CARRY                  ;
; IGNORE_CARRY_BUFFERS               ; OFF                  ; IGNORE_CARRY                ;
; AUTO_CASCADE_CHAINS                ; ON                   ; AUTO_CASCADE                ;
; IGNORE_CASCADE_BUFFERS             ; OFF                  ; IGNORE_CASCADE              ;
; WIDTH_BYTEENA                      ; 1                    ; Untyped                     ;
; OPERATION_MODE                     ; SINGLE_PORT          ; Untyped                     ;
; WIDTH_A                            ; 16                   ; Signed Integer              ;
; WIDTHAD_A                          ; 5                    ; Signed Integer              ;
; NUMWORDS_A                         ; 32                   ; Signed Integer              ;
; OUTDATA_REG_A                      ; UNREGISTERED         ; Untyped                     ;
; ADDRESS_ACLR_A                     ; NONE                 ; Untyped                     ;
; OUTDATA_ACLR_A                     ; NONE                 ; Untyped                     ;
; WRCONTROL_ACLR_A                   ; NONE                 ; Untyped                     ;
; INDATA_ACLR_A                      ; NONE                 ; Untyped                     ;
; BYTEENA_ACLR_A                     ; NONE                 ; Untyped                     ;
; WIDTH_B                            ; 1                    ; Untyped                     ;
; WIDTHAD_B                          ; 1                    ; Untyped                     ;
; NUMWORDS_B                         ; 1                    ; Untyped                     ;
; INDATA_REG_B                       ; CLOCK1               ; Untyped                     ;
; WRCONTROL_WRADDRESS_REG_B          ; CLOCK1               ; Untyped                     ;
; RDCONTROL_REG_B                    ; CLOCK1               ; Untyped                     ;
; ADDRESS_REG_B                      ; CLOCK1               ; Untyped                     ;
; OUTDATA_REG_B                      ; UNREGISTERED         ; Untyped                     ;
; BYTEENA_REG_B                      ; CLOCK1               ; Untyped                     ;
; INDATA_ACLR_B                      ; NONE                 ; Untyped                     ;
; WRCONTROL_ACLR_B                   ; NONE                 ; Untyped                     ;
; ADDRESS_ACLR_B                     ; NONE                 ; Untyped                     ;
; OUTDATA_ACLR_B                     ; NONE                 ; Untyped                     ;
; RDCONTROL_ACLR_B                   ; NONE                 ; Untyped                     ;
; BYTEENA_ACLR_B                     ; NONE                 ; Untyped                     ;
; WIDTH_BYTEENA_A                    ; 1                    ; Signed Integer              ;
; WIDTH_BYTEENA_B                    ; 1                    ; Untyped                     ;
; RAM_BLOCK_TYPE                     ; AUTO                 ; Untyped                     ;
; BYTE_SIZE                          ; 8                    ; Untyped                     ;
; READ_DURING_WRITE_MODE_MIXED_PORTS ; DONT_CARE            ; Untyped                     ;
; READ_DURING_WRITE_MODE_PORT_A      ; NEW_DATA_NO_NBE_READ ; Untyped                     ;
; READ_DURING_WRITE_MODE_PORT_B      ; NEW_DATA_NO_NBE_READ ; Untyped                     ;
; INIT_FILE                          ; ../mem.mif           ; Untyped                     ;
; INIT_FILE_LAYOUT                   ; PORT_A               ; Untyped                     ;
; MAXIMUM_DEPTH                      ; 0                    ; Untyped                     ;
; CLOCK_ENABLE_INPUT_A               ; BYPASS               ; Untyped                     ;
; CLOCK_ENABLE_INPUT_B               ; NORMAL               ; Untyped                     ;
; CLOCK_ENABLE_OUTPUT_A              ; BYPASS               ; Untyped                     ;
; CLOCK_ENABLE_OUTPUT_B              ; NORMAL               ; Untyped                     ;
; CLOCK_ENABLE_CORE_A                ; USE_INPUT_CLKEN      ; Untyped                     ;
; CLOCK_ENABLE_CORE_B                ; USE_INPUT_CLKEN      ; Untyped                     ;
; ENABLE_ECC                         ; FALSE                ; Untyped                     ;
; ECC_PIPELINE_STAGE_ENABLED         ; FALSE                ; Untyped                     ;
; WIDTH_ECCSTATUS                    ; 3                    ; Untyped                     ;
; DEVICE_FAMILY                      ; Cyclone II           ; Untyped                     ;
; CBXI_PARAMETER                     ; altsyncram_cnc1      ; Untyped                     ;
+------------------------------------+----------------------+-----------------------------+
Note: In order to hide this table in the UI and the text report file, please set the "Show Parameter Settings in Synthesis Report" option in "Analysis and Synthesis Settings -> More Settings" to "Off".


+----------------------------------------------------------------------------------------+
; altsyncram Parameter Settings by Entity Instance                                       ;
+-------------------------------------------+--------------------------------------------+
; Name                                      ; Value                                      ;
+-------------------------------------------+--------------------------------------------+
; Number of entity instances                ; 1                                          ;
; Entity Instance                           ; LED:inst14|altsyncram:altsyncram_component ;
;     -- OPERATION_MODE                     ; SINGLE_PORT                                ;
;     -- WIDTH_A                            ; 16                                         ;
;     -- NUMWORDS_A                         ; 32                                         ;
;     -- OUTDATA_REG_A                      ; UNREGISTERED                               ;
;     -- WIDTH_B                            ; 1                                          ;
;     -- NUMWORDS_B                         ; 1                                          ;
;     -- ADDRESS_REG_B                      ; CLOCK1                                     ;
;     -- OUTDATA_REG_B                      ; UNREGISTERED                               ;
;     -- RAM_BLOCK_TYPE                     ; AUTO                                       ;
;     -- READ_DURING_WRITE_MODE_MIXED_PORTS ; DONT_CARE                                  ;
+-------------------------------------------+--------------------------------------------+


+-------------------------------+
; Elapsed Time Per Partition    ;
+----------------+--------------+
; Partition Name ; Elapsed Time ;
+----------------+--------------+
; Top            ; 00:00:01     ;
+----------------+--------------+


+-------------------------------+
; Analysis & Synthesis Messages ;
+-------------------------------+
Info: *******************************************************************
Info: Running Quartus II 64-Bit Analysis & Synthesis
    Info: Version 13.0.1 Build 232 06/12/2013 Service Pack 1 SJ Web Edition
    Info: Processing started: Sun Nov 10 00:10:07 2019
Info: Command: quartus_map --read_settings_files=on --write_settings_files=off hw4n -c hw4n
Warning (20028): Parallel compilation is not licensed and has been disabled
Info (12021): Found 1 design units, including 1 entities, in source file agu.v
    Info (12023): Found entity 1: AGU
Info (12021): Found 1 design units, including 1 entities, in source file fdiv.v
    Info (12023): Found entity 1: FDIV
Info (12021): Found 1 design units, including 1 entities, in source file fdiv25k.v
    Info (12023): Found entity 1: FDIV25K
Info (12021): Found 1 design units, including 1 entities, in source file oneshot.v
    Info (12023): Found entity 1: oneshot
Info (12021): Found 1 design units, including 1 entities, in source file ctrl.v
    Info (12023): Found entity 1: ctrl
Info (12021): Found 1 design units, including 1 entities, in source file serial_out.v
    Info (12023): Found entity 1: serial_out
Info (12021): Found 1 design units, including 1 entities, in source file ramm.v
    Info (12023): Found entity 1: ramm
Info (12021): Found 1 design units, including 1 entities, in source file hw4n.bdf
    Info (12023): Found entity 1: hw4n
Info (12021): Found 1 design units, including 1 entities, in source file ram22.v
    Info (12023): Found entity 1: ram22
Info (12021): Found 1 design units, including 1 entities, in source file ram33.v
    Info (12023): Found entity 1: ram33
Info (12021): Found 1 design units, including 1 entities, in source file led.v
    Info (12023): Found entity 1: LED
Info (12127): Elaborating entity "hw4n" for the top level hierarchy
Warning (275011): Block or symbol "LED" of instance "inst14" overlaps another block or symbol
Info (12128): Elaborating entity "ctrl" for hierarchy "ctrl:inst4"
Warning (10235): Verilog HDL Always Construct warning at ctrl.v(12): variable "s" is read inside the Always Construct but isn't in the Always Construct's Event Control
Warning (10235): Verilog HDL Always Construct warning at ctrl.v(14): variable "count" is read inside the Always Construct but isn't in the Always Construct's Event Control
Warning (10230): Verilog HDL assignment warning at ctrl.v(20): truncated value with size 32 to match size of target (5)
Info (12128): Elaborating entity "oneshot" for hierarchy "oneshot:inst10"
Info (12128): Elaborating entity "FDIV" for hierarchy "FDIV:inst2"
Info (12128): Elaborating entity "FDIV25K" for hierarchy "FDIV25K:inst3"
Info (12128): Elaborating entity "serial_out" for hierarchy "serial_out:inst6"
Warning (10240): Verilog HDL Always Construct warning at serial_out.v(7): inferring latch(es) for variable "store", which holds its previous value in one or more paths through the always construct
Info (10041): Inferred latch for "store[0]" at serial_out.v(13)
Info (12128): Elaborating entity "LED" for hierarchy "LED:inst14"
Info (12128): Elaborating entity "altsyncram" for hierarchy "LED:inst14|altsyncram:altsyncram_component"
Info (12130): Elaborated megafunction instantiation "LED:inst14|altsyncram:altsyncram_component"
Info (12133): Instantiated megafunction "LED:inst14|altsyncram:altsyncram_component" with the following parameter:
    Info (12134): Parameter "clock_enable_input_a" = "BYPASS"
    Info (12134): Parameter "clock_enable_output_a" = "BYPASS"
    Info (12134): Parameter "init_file" = "../mem.mif"
    Info (12134): Parameter "intended_device_family" = "Cyclone II"
    Info (12134): Parameter "lpm_hint" = "ENABLE_RUNTIME_MOD=NO"
    Info (12134): Parameter "lpm_type" = "altsyncram"
    Info (12134): Parameter "numwords_a" = "32"
    Info (12134): Parameter "operation_mode" = "SINGLE_PORT"
    Info (12134): Parameter "outdata_aclr_a" = "NONE"
    Info (12134): Parameter "outdata_reg_a" = "UNREGISTERED"
    Info (12134): Parameter "power_up_uninitialized" = "FALSE"
    Info (12134): Parameter "widthad_a" = "5"
    Info (12134): Parameter "width_a" = "16"
    Info (12134): Parameter "width_byteena_a" = "1"
Info (12021): Found 1 design units, including 1 entities, in source file db/altsyncram_cnc1.tdf
    Info (12023): Found entity 1: altsyncram_cnc1
Info (12128): Elaborating entity "altsyncram_cnc1" for hierarchy "LED:inst14|altsyncram:altsyncram_component|altsyncram_cnc1:auto_generated"
Info (12128): Elaborating entity "AGU" for hierarchy "AGU:inst"
Warning (13004): Presettable and clearable registers converted to equivalent circuits with latches. Registers power-up to an undefined state, and DEVCLRn places the registers in an undefined state.
    Warning (13310): Register "serial_out:inst6|store[15]" is converted into an equivalent circuit using register "serial_out:inst6|store[15]~_emulated" and latch "serial_out:inst6|store[15]~1"
    Warning (13310): Register "serial_out:inst6|store[14]" is converted into an equivalent circuit using register "serial_out:inst6|store[14]~_emulated" and latch "serial_out:inst6|store[14]~5"
    Warning (13310): Register "serial_out:inst6|store[13]" is converted into an equivalent circuit using register "serial_out:inst6|store[13]~_emulated" and latch "serial_out:inst6|store[13]~9"
    Warning (13310): Register "serial_out:inst6|store[12]" is converted into an equivalent circuit using register "serial_out:inst6|store[12]~_emulated" and latch "serial_out:inst6|store[12]~13"
    Warning (13310): Register "serial_out:inst6|store[11]" is converted into an equivalent circuit using register "serial_out:inst6|store[11]~_emulated" and latch "serial_out:inst6|store[11]~17"
    Warning (13310): Register "serial_out:inst6|store[10]" is converted into an equivalent circuit using register "serial_out:inst6|store[10]~_emulated" and latch "serial_out:inst6|store[10]~21"
    Warning (13310): Register "serial_out:inst6|store[9]" is converted into an equivalent circuit using register "serial_out:inst6|store[9]~_emulated" and latch "serial_out:inst6|store[9]~25"
    Warning (13310): Register "serial_out:inst6|store[8]" is converted into an equivalent circuit using register "serial_out:inst6|store[8]~_emulated" and latch "serial_out:inst6|store[8]~29"
    Warning (13310): Register "serial_out:inst6|store[7]" is converted into an equivalent circuit using register "serial_out:inst6|store[7]~_emulated" and latch "serial_out:inst6|store[7]~33"
    Warning (13310): Register "serial_out:inst6|store[6]" is converted into an equivalent circuit using register "serial_out:inst6|store[6]~_emulated" and latch "serial_out:inst6|store[6]~37"
    Warning (13310): Register "serial_out:inst6|store[5]" is converted into an equivalent circuit using register "serial_out:inst6|store[5]~_emulated" and latch "serial_out:inst6|store[5]~41"
    Warning (13310): Register "serial_out:inst6|store[4]" is converted into an equivalent circuit using register "serial_out:inst6|store[4]~_emulated" and latch "serial_out:inst6|store[4]~45"
    Warning (13310): Register "serial_out:inst6|store[3]" is converted into an equivalent circuit using register "serial_out:inst6|store[3]~_emulated" and latch "serial_out:inst6|store[3]~49"
    Warning (13310): Register "serial_out:inst6|store[2]" is converted into an equivalent circuit using register "serial_out:inst6|store[2]~_emulated" and latch "serial_out:inst6|store[2]~53"
    Warning (13310): Register "serial_out:inst6|store[1]" is converted into an equivalent circuit using register "serial_out:inst6|store[1]~_emulated" and latch "serial_out:inst6|store[1]~57"
Info (17049): 2 registers lost all their fanouts during netlist optimizations.
Info (16010): Generating hard_block partition "hard_block:auto_generated_inst"
    Info (16011): Adding 0 node(s), including 0 DDIO, 0 PLL, 0 transceiver and 0 LCELL
Info (21057): Implemented 280 device resources after synthesis - the final resource count might be different
    Info (21058): Implemented 5 input pins
    Info (21059): Implemented 28 output pins
    Info (21061): Implemented 231 logic cells
    Info (21064): Implemented 16 RAM segments
Info: Quartus II 64-Bit Analysis & Synthesis was successful. 0 errors, 22 warnings
    Info: Peak virtual memory: 4612 megabytes
    Info: Processing ended: Sun Nov 10 00:10:12 2019
    Info: Elapsed time: 00:00:05
    Info: Total CPU time (on all processors): 00:00:02


