Classic Timing Analyzer report for hw2
Mon Sep 30 16:09:28 2019
Quartus II Version 9.1 Build 304 01/25/2010 Service Pack 1 SJ Web Edition


---------------------
; Table of Contents ;
---------------------
  1. Legal Notice
  2. Timing Analyzer Summary
  3. Timing Analyzer Settings
  4. Clock Settings Summary
  5. Parallel Compilation
  6. Clock Setup: 'fin'
  7. tsu
  8. tco
  9. th
 10. Timing Analyzer Messages



----------------
; Legal Notice ;
----------------
Copyright (C) 1991-2010 Altera Corporation
Your use of Altera Corporation's design tools, logic functions 
and other software and tools, and its AMPP partner logic 
functions, and any output files from any of the foregoing 
(including device programming or simulation files), and any 
associated documentation or information are expressly subject 
to the terms and conditions of the Altera Program License 
Subscription Agreement, Altera MegaCore Function License 
Agreement, or other applicable license agreement, including, 
without limitation, that your use is for the sole purpose of 
programming logic devices manufactured by Altera and sold by 
Altera or its authorized distributors.  Please refer to the 
applicable agreement for further details.



+----------------------------------------------------------------------------------------------------------------------------------------------------------------------------------------+
; Timing Analyzer Summary                                                                                                                                                                ;
+------------------------------+-------+---------------+----------------------------------+---------------------------+---------------------------+------------+----------+--------------+
; Type                         ; Slack ; Required Time ; Actual Time                      ; From                      ; To                        ; From Clock ; To Clock ; Failed Paths ;
+------------------------------+-------+---------------+----------------------------------+---------------------------+---------------------------+------------+----------+--------------+
; Worst-case tsu               ; N/A   ; None          ; 2.768 ns                         ; sel[0]                    ; fDIV27M:inst|count[31]    ; --         ; fin      ; 0            ;
; Worst-case tco               ; N/A   ; None          ; 11.306 ns                        ; stepMotorctr:inst2|cs.100 ; A                         ; fin        ; --       ; 0            ;
; Worst-case th                ; N/A   ; None          ; 4.208 ns                         ; dir                       ; stepMotorctr:inst2|cs.011 ; --         ; fin      ; 0            ;
; Clock Setup: 'fin'           ; N/A   ; None          ; 212.13 MHz ( period = 4.714 ns ) ; fDIV27M:inst|count[16]    ; fDIV27M:inst|fout         ; fin        ; fin      ; 0            ;
; Total number of failed paths ;       ;               ;                                  ;                           ;                           ;            ;          ; 0            ;
+------------------------------+-------+---------------+----------------------------------+---------------------------+---------------------------+------------+----------+--------------+


+-----------------------------------------------------------------------------------------------------------------------------------------------------+
; Timing Analyzer Settings                                                                                                                            ;
+------------------------------------------------------------------------------------------------------+--------------------+------+----+-------------+
; Option                                                                                               ; Setting            ; From ; To ; Entity Name ;
+------------------------------------------------------------------------------------------------------+--------------------+------+----+-------------+
; Device Name                                                                                          ; EP2C35F672C6       ;      ;    ;             ;
; Timing Models                                                                                        ; Final              ;      ;    ;             ;
; Default hold multicycle                                                                              ; Same as Multicycle ;      ;    ;             ;
; Cut paths between unrelated clock domains                                                            ; On                 ;      ;    ;             ;
; Cut off read during write signal paths                                                               ; On                 ;      ;    ;             ;
; Cut off feedback from I/O pins                                                                       ; On                 ;      ;    ;             ;
; Report Combined Fast/Slow Timing                                                                     ; Off                ;      ;    ;             ;
; Ignore Clock Settings                                                                                ; Off                ;      ;    ;             ;
; Analyze latches as synchronous elements                                                              ; On                 ;      ;    ;             ;
; Enable Recovery/Removal analysis                                                                     ; Off                ;      ;    ;             ;
; Enable Clock Latency                                                                                 ; Off                ;      ;    ;             ;
; Use TimeQuest Timing Analyzer                                                                        ; Off                ;      ;    ;             ;
; Minimum Core Junction Temperature                                                                    ; 0                  ;      ;    ;             ;
; Maximum Core Junction Temperature                                                                    ; 85                 ;      ;    ;             ;
; Number of source nodes to report per destination node                                                ; 10                 ;      ;    ;             ;
; Number of destination nodes to report                                                                ; 10                 ;      ;    ;             ;
; Number of paths to report                                                                            ; 200                ;      ;    ;             ;
; Report Minimum Timing Checks                                                                         ; Off                ;      ;    ;             ;
; Use Fast Timing Models                                                                               ; Off                ;      ;    ;             ;
; Report IO Paths Separately                                                                           ; Off                ;      ;    ;             ;
; Perform Multicorner Analysis                                                                         ; On                 ;      ;    ;             ;
; Reports the worst-case path for each clock domain and analysis                                       ; Off                ;      ;    ;             ;
; Reports worst-case timing paths for each clock domain and analysis                                   ; On                 ;      ;    ;             ;
; Specifies the maximum number of worst-case timing paths to report for each clock domain and analysis ; 100                ;      ;    ;             ;
; Removes common clock path pessimism (CCPP) during slack computation                                  ; Off                ;      ;    ;             ;
; Output I/O Timing Endpoint                                                                           ; Near End           ;      ;    ;             ;
+------------------------------------------------------------------------------------------------------+--------------------+------+----+-------------+


+------------------------------------------------------------------------------------------------------------------------------------------------------------------------------------+
; Clock Settings Summary                                                                                                                                                             ;
+-----------------+--------------------+----------+------------------+---------------+--------------+----------+-----------------------+---------------------+--------+--------------+
; Clock Node Name ; Clock Setting Name ; Type     ; Fmax Requirement ; Early Latency ; Late Latency ; Based on ; Multiply Base Fmax by ; Divide Base Fmax by ; Offset ; Phase offset ;
+-----------------+--------------------+----------+------------------+---------------+--------------+----------+-----------------------+---------------------+--------+--------------+
; fin             ;                    ; User Pin ; None             ; 0.000 ns      ; 0.000 ns     ; --       ; N/A                   ; N/A                 ; N/A    ;              ;
+-----------------+--------------------+----------+------------------+---------------+--------------+----------+-----------------------+---------------------+--------+--------------+


Parallel compilation was disabled, but you have multiple processors available. Enable parallel compilation to reduce compilation time.
+-------------------------------------+
; Parallel Compilation                ;
+----------------------------+--------+
; Processors                 ; Number ;
+----------------------------+--------+
; Number detected on machine ; 2      ;
; Maximum allowed            ; 1      ;
+----------------------------+--------+


+-------------------------------------------------------------------------------------------------------------------------------------------------------------------------------------------------------------------------------------------------------------+
; Clock Setup: 'fin'                                                                                                                                                                                                                                          ;
+-----------------------------------------+-----------------------------------------------------+------------------------+------------------------+------------+----------+-----------------------------+---------------------------+-------------------------+
; Slack                                   ; Actual fmax (period)                                ; From                   ; To                     ; From Clock ; To Clock ; Required Setup Relationship ; Required Longest P2P Time ; Actual Longest P2P Time ;
+-----------------------------------------+-----------------------------------------------------+------------------------+------------------------+------------+----------+-----------------------------+---------------------------+-------------------------+
; N/A                                     ; 212.13 MHz ( period = 4.714 ns )                    ; fDIV27M:inst|count[16] ; fDIV27M:inst|fout      ; fin        ; fin      ; None                        ; None                      ; 2.846 ns                ;
; N/A                                     ; 220.56 MHz ( period = 4.534 ns )                    ; fDIV27M:inst|count[6]  ; fDIV27M:inst|fout      ; fin        ; fin      ; None                        ; None                      ; 2.753 ns                ;
; N/A                                     ; 220.85 MHz ( period = 4.528 ns )                    ; fDIV27M:inst|count[14] ; fDIV27M:inst|count[17] ; fin        ; fin      ; None                        ; None                      ; 4.311 ns                ;
; N/A                                     ; 220.85 MHz ( period = 4.528 ns )                    ; fDIV27M:inst|count[14] ; fDIV27M:inst|count[16] ; fin        ; fin      ; None                        ; None                      ; 4.311 ns                ;
; N/A                                     ; 220.85 MHz ( period = 4.528 ns )                    ; fDIV27M:inst|count[14] ; fDIV27M:inst|count[24] ; fin        ; fin      ; None                        ; None                      ; 4.311 ns                ;
; N/A                                     ; 220.85 MHz ( period = 4.528 ns )                    ; fDIV27M:inst|count[14] ; fDIV27M:inst|count[22] ; fin        ; fin      ; None                        ; None                      ; 4.311 ns                ;
; N/A                                     ; 220.85 MHz ( period = 4.528 ns )                    ; fDIV27M:inst|count[14] ; fDIV27M:inst|count[25] ; fin        ; fin      ; None                        ; None                      ; 4.311 ns                ;
; N/A                                     ; 220.85 MHz ( period = 4.528 ns )                    ; fDIV27M:inst|count[14] ; fDIV27M:inst|count[23] ; fin        ; fin      ; None                        ; None                      ; 4.311 ns                ;
; N/A                                     ; 220.85 MHz ( period = 4.528 ns )                    ; fDIV27M:inst|count[14] ; fDIV27M:inst|count[29] ; fin        ; fin      ; None                        ; None                      ; 4.311 ns                ;
; N/A                                     ; 220.85 MHz ( period = 4.528 ns )                    ; fDIV27M:inst|count[14] ; fDIV27M:inst|count[28] ; fin        ; fin      ; None                        ; None                      ; 4.311 ns                ;
; N/A                                     ; 220.85 MHz ( period = 4.528 ns )                    ; fDIV27M:inst|count[14] ; fDIV27M:inst|count[27] ; fin        ; fin      ; None                        ; None                      ; 4.311 ns                ;
; N/A                                     ; 220.85 MHz ( period = 4.528 ns )                    ; fDIV27M:inst|count[14] ; fDIV27M:inst|count[26] ; fin        ; fin      ; None                        ; None                      ; 4.311 ns                ;
; N/A                                     ; 220.85 MHz ( period = 4.528 ns )                    ; fDIV27M:inst|count[14] ; fDIV27M:inst|count[21] ; fin        ; fin      ; None                        ; None                      ; 4.311 ns                ;
; N/A                                     ; 220.85 MHz ( period = 4.528 ns )                    ; fDIV27M:inst|count[14] ; fDIV27M:inst|count[19] ; fin        ; fin      ; None                        ; None                      ; 4.311 ns                ;
; N/A                                     ; 220.85 MHz ( period = 4.528 ns )                    ; fDIV27M:inst|count[14] ; fDIV27M:inst|count[18] ; fin        ; fin      ; None                        ; None                      ; 4.311 ns                ;
; N/A                                     ; 220.85 MHz ( period = 4.528 ns )                    ; fDIV27M:inst|count[14] ; fDIV27M:inst|count[20] ; fin        ; fin      ; None                        ; None                      ; 4.311 ns                ;
; N/A                                     ; 220.85 MHz ( period = 4.528 ns )                    ; fDIV27M:inst|count[14] ; fDIV27M:inst|count[30] ; fin        ; fin      ; None                        ; None                      ; 4.311 ns                ;
; N/A                                     ; 220.85 MHz ( period = 4.528 ns )                    ; fDIV27M:inst|count[14] ; fDIV27M:inst|count[31] ; fin        ; fin      ; None                        ; None                      ; 4.311 ns                ;
; N/A                                     ; 223.31 MHz ( period = 4.478 ns )                    ; fDIV27M:inst|count[16] ; fDIV27M:inst|count[17] ; fin        ; fin      ; None                        ; None                      ; 4.264 ns                ;
; N/A                                     ; 223.31 MHz ( period = 4.478 ns )                    ; fDIV27M:inst|count[16] ; fDIV27M:inst|count[16] ; fin        ; fin      ; None                        ; None                      ; 4.264 ns                ;
; N/A                                     ; 223.31 MHz ( period = 4.478 ns )                    ; fDIV27M:inst|count[16] ; fDIV27M:inst|count[24] ; fin        ; fin      ; None                        ; None                      ; 4.264 ns                ;
; N/A                                     ; 223.31 MHz ( period = 4.478 ns )                    ; fDIV27M:inst|count[16] ; fDIV27M:inst|count[22] ; fin        ; fin      ; None                        ; None                      ; 4.264 ns                ;
; N/A                                     ; 223.31 MHz ( period = 4.478 ns )                    ; fDIV27M:inst|count[16] ; fDIV27M:inst|count[25] ; fin        ; fin      ; None                        ; None                      ; 4.264 ns                ;
; N/A                                     ; 223.31 MHz ( period = 4.478 ns )                    ; fDIV27M:inst|count[16] ; fDIV27M:inst|count[23] ; fin        ; fin      ; None                        ; None                      ; 4.264 ns                ;
; N/A                                     ; 223.31 MHz ( period = 4.478 ns )                    ; fDIV27M:inst|count[16] ; fDIV27M:inst|count[29] ; fin        ; fin      ; None                        ; None                      ; 4.264 ns                ;
; N/A                                     ; 223.31 MHz ( period = 4.478 ns )                    ; fDIV27M:inst|count[16] ; fDIV27M:inst|count[28] ; fin        ; fin      ; None                        ; None                      ; 4.264 ns                ;
; N/A                                     ; 223.31 MHz ( period = 4.478 ns )                    ; fDIV27M:inst|count[16] ; fDIV27M:inst|count[27] ; fin        ; fin      ; None                        ; None                      ; 4.264 ns                ;
; N/A                                     ; 223.31 MHz ( period = 4.478 ns )                    ; fDIV27M:inst|count[16] ; fDIV27M:inst|count[26] ; fin        ; fin      ; None                        ; None                      ; 4.264 ns                ;
; N/A                                     ; 223.31 MHz ( period = 4.478 ns )                    ; fDIV27M:inst|count[16] ; fDIV27M:inst|count[21] ; fin        ; fin      ; None                        ; None                      ; 4.264 ns                ;
; N/A                                     ; 223.31 MHz ( period = 4.478 ns )                    ; fDIV27M:inst|count[16] ; fDIV27M:inst|count[19] ; fin        ; fin      ; None                        ; None                      ; 4.264 ns                ;
; N/A                                     ; 223.31 MHz ( period = 4.478 ns )                    ; fDIV27M:inst|count[16] ; fDIV27M:inst|count[18] ; fin        ; fin      ; None                        ; None                      ; 4.264 ns                ;
; N/A                                     ; 223.31 MHz ( period = 4.478 ns )                    ; fDIV27M:inst|count[16] ; fDIV27M:inst|count[20] ; fin        ; fin      ; None                        ; None                      ; 4.264 ns                ;
; N/A                                     ; 223.31 MHz ( period = 4.478 ns )                    ; fDIV27M:inst|count[16] ; fDIV27M:inst|count[30] ; fin        ; fin      ; None                        ; None                      ; 4.264 ns                ;
; N/A                                     ; 223.31 MHz ( period = 4.478 ns )                    ; fDIV27M:inst|count[16] ; fDIV27M:inst|count[31] ; fin        ; fin      ; None                        ; None                      ; 4.264 ns                ;
; N/A                                     ; 224.67 MHz ( period = 4.451 ns )                    ; fDIV27M:inst|count[10] ; fDIV27M:inst|count[17] ; fin        ; fin      ; None                        ; None                      ; 4.234 ns                ;
; N/A                                     ; 224.67 MHz ( period = 4.451 ns )                    ; fDIV27M:inst|count[10] ; fDIV27M:inst|count[16] ; fin        ; fin      ; None                        ; None                      ; 4.234 ns                ;
; N/A                                     ; 224.67 MHz ( period = 4.451 ns )                    ; fDIV27M:inst|count[10] ; fDIV27M:inst|count[24] ; fin        ; fin      ; None                        ; None                      ; 4.234 ns                ;
; N/A                                     ; 224.67 MHz ( period = 4.451 ns )                    ; fDIV27M:inst|count[10] ; fDIV27M:inst|count[22] ; fin        ; fin      ; None                        ; None                      ; 4.234 ns                ;
; N/A                                     ; 224.67 MHz ( period = 4.451 ns )                    ; fDIV27M:inst|count[10] ; fDIV27M:inst|count[25] ; fin        ; fin      ; None                        ; None                      ; 4.234 ns                ;
; N/A                                     ; 224.67 MHz ( period = 4.451 ns )                    ; fDIV27M:inst|count[10] ; fDIV27M:inst|count[23] ; fin        ; fin      ; None                        ; None                      ; 4.234 ns                ;
; N/A                                     ; 224.67 MHz ( period = 4.451 ns )                    ; fDIV27M:inst|count[10] ; fDIV27M:inst|count[29] ; fin        ; fin      ; None                        ; None                      ; 4.234 ns                ;
; N/A                                     ; 224.67 MHz ( period = 4.451 ns )                    ; fDIV27M:inst|count[10] ; fDIV27M:inst|count[28] ; fin        ; fin      ; None                        ; None                      ; 4.234 ns                ;
; N/A                                     ; 224.67 MHz ( period = 4.451 ns )                    ; fDIV27M:inst|count[10] ; fDIV27M:inst|count[27] ; fin        ; fin      ; None                        ; None                      ; 4.234 ns                ;
; N/A                                     ; 224.67 MHz ( period = 4.451 ns )                    ; fDIV27M:inst|count[10] ; fDIV27M:inst|count[26] ; fin        ; fin      ; None                        ; None                      ; 4.234 ns                ;
; N/A                                     ; 224.67 MHz ( period = 4.451 ns )                    ; fDIV27M:inst|count[10] ; fDIV27M:inst|count[21] ; fin        ; fin      ; None                        ; None                      ; 4.234 ns                ;
; N/A                                     ; 224.67 MHz ( period = 4.451 ns )                    ; fDIV27M:inst|count[10] ; fDIV27M:inst|count[19] ; fin        ; fin      ; None                        ; None                      ; 4.234 ns                ;
; N/A                                     ; 224.67 MHz ( period = 4.451 ns )                    ; fDIV27M:inst|count[10] ; fDIV27M:inst|count[18] ; fin        ; fin      ; None                        ; None                      ; 4.234 ns                ;
; N/A                                     ; 224.67 MHz ( period = 4.451 ns )                    ; fDIV27M:inst|count[10] ; fDIV27M:inst|count[20] ; fin        ; fin      ; None                        ; None                      ; 4.234 ns                ;
; N/A                                     ; 224.67 MHz ( period = 4.451 ns )                    ; fDIV27M:inst|count[10] ; fDIV27M:inst|count[30] ; fin        ; fin      ; None                        ; None                      ; 4.234 ns                ;
; N/A                                     ; 224.67 MHz ( period = 4.451 ns )                    ; fDIV27M:inst|count[10] ; fDIV27M:inst|count[31] ; fin        ; fin      ; None                        ; None                      ; 4.234 ns                ;
; N/A                                     ; 227.17 MHz ( period = 4.402 ns )                    ; fDIV27M:inst|count[24] ; fDIV27M:inst|fout      ; fin        ; fin      ; None                        ; None                      ; 2.690 ns                ;
; N/A                                     ; 228.78 MHz ( period = 4.371 ns )                    ; fDIV27M:inst|count[15] ; fDIV27M:inst|count[17] ; fin        ; fin      ; None                        ; None                      ; 4.154 ns                ;
; N/A                                     ; 228.78 MHz ( period = 4.371 ns )                    ; fDIV27M:inst|count[15] ; fDIV27M:inst|count[16] ; fin        ; fin      ; None                        ; None                      ; 4.154 ns                ;
; N/A                                     ; 228.78 MHz ( period = 4.371 ns )                    ; fDIV27M:inst|count[15] ; fDIV27M:inst|count[24] ; fin        ; fin      ; None                        ; None                      ; 4.154 ns                ;
; N/A                                     ; 228.78 MHz ( period = 4.371 ns )                    ; fDIV27M:inst|count[15] ; fDIV27M:inst|count[22] ; fin        ; fin      ; None                        ; None                      ; 4.154 ns                ;
; N/A                                     ; 228.78 MHz ( period = 4.371 ns )                    ; fDIV27M:inst|count[15] ; fDIV27M:inst|count[25] ; fin        ; fin      ; None                        ; None                      ; 4.154 ns                ;
; N/A                                     ; 228.78 MHz ( period = 4.371 ns )                    ; fDIV27M:inst|count[15] ; fDIV27M:inst|count[23] ; fin        ; fin      ; None                        ; None                      ; 4.154 ns                ;
; N/A                                     ; 228.78 MHz ( period = 4.371 ns )                    ; fDIV27M:inst|count[15] ; fDIV27M:inst|count[29] ; fin        ; fin      ; None                        ; None                      ; 4.154 ns                ;
; N/A                                     ; 228.78 MHz ( period = 4.371 ns )                    ; fDIV27M:inst|count[15] ; fDIV27M:inst|count[28] ; fin        ; fin      ; None                        ; None                      ; 4.154 ns                ;
; N/A                                     ; 228.78 MHz ( period = 4.371 ns )                    ; fDIV27M:inst|count[15] ; fDIV27M:inst|count[27] ; fin        ; fin      ; None                        ; None                      ; 4.154 ns                ;
; N/A                                     ; 228.78 MHz ( period = 4.371 ns )                    ; fDIV27M:inst|count[15] ; fDIV27M:inst|count[26] ; fin        ; fin      ; None                        ; None                      ; 4.154 ns                ;
; N/A                                     ; 228.78 MHz ( period = 4.371 ns )                    ; fDIV27M:inst|count[15] ; fDIV27M:inst|count[21] ; fin        ; fin      ; None                        ; None                      ; 4.154 ns                ;
; N/A                                     ; 228.78 MHz ( period = 4.371 ns )                    ; fDIV27M:inst|count[15] ; fDIV27M:inst|count[19] ; fin        ; fin      ; None                        ; None                      ; 4.154 ns                ;
; N/A                                     ; 228.78 MHz ( period = 4.371 ns )                    ; fDIV27M:inst|count[15] ; fDIV27M:inst|count[18] ; fin        ; fin      ; None                        ; None                      ; 4.154 ns                ;
; N/A                                     ; 228.78 MHz ( period = 4.371 ns )                    ; fDIV27M:inst|count[15] ; fDIV27M:inst|count[20] ; fin        ; fin      ; None                        ; None                      ; 4.154 ns                ;
; N/A                                     ; 228.78 MHz ( period = 4.371 ns )                    ; fDIV27M:inst|count[15] ; fDIV27M:inst|count[30] ; fin        ; fin      ; None                        ; None                      ; 4.154 ns                ;
; N/A                                     ; 228.78 MHz ( period = 4.371 ns )                    ; fDIV27M:inst|count[15] ; fDIV27M:inst|count[31] ; fin        ; fin      ; None                        ; None                      ; 4.154 ns                ;
; N/A                                     ; 231.91 MHz ( period = 4.312 ns )                    ; fDIV27M:inst|count[14] ; fDIV27M:inst|count[15] ; fin        ; fin      ; None                        ; None                      ; 4.098 ns                ;
; N/A                                     ; 231.91 MHz ( period = 4.312 ns )                    ; fDIV27M:inst|count[14] ; fDIV27M:inst|count[14] ; fin        ; fin      ; None                        ; None                      ; 4.098 ns                ;
; N/A                                     ; 231.91 MHz ( period = 4.312 ns )                    ; fDIV27M:inst|count[14] ; fDIV27M:inst|count[13] ; fin        ; fin      ; None                        ; None                      ; 4.098 ns                ;
; N/A                                     ; 231.91 MHz ( period = 4.312 ns )                    ; fDIV27M:inst|count[14] ; fDIV27M:inst|count[12] ; fin        ; fin      ; None                        ; None                      ; 4.098 ns                ;
; N/A                                     ; 231.91 MHz ( period = 4.312 ns )                    ; fDIV27M:inst|count[14] ; fDIV27M:inst|count[11] ; fin        ; fin      ; None                        ; None                      ; 4.098 ns                ;
; N/A                                     ; 231.91 MHz ( period = 4.312 ns )                    ; fDIV27M:inst|count[14] ; fDIV27M:inst|count[10] ; fin        ; fin      ; None                        ; None                      ; 4.098 ns                ;
; N/A                                     ; 231.91 MHz ( period = 4.312 ns )                    ; fDIV27M:inst|count[14] ; fDIV27M:inst|count[9]  ; fin        ; fin      ; None                        ; None                      ; 4.098 ns                ;
; N/A                                     ; 231.91 MHz ( period = 4.312 ns )                    ; fDIV27M:inst|count[14] ; fDIV27M:inst|count[8]  ; fin        ; fin      ; None                        ; None                      ; 4.098 ns                ;
; N/A                                     ; 231.91 MHz ( period = 4.312 ns )                    ; fDIV27M:inst|count[14] ; fDIV27M:inst|count[7]  ; fin        ; fin      ; None                        ; None                      ; 4.098 ns                ;
; N/A                                     ; 231.91 MHz ( period = 4.312 ns )                    ; fDIV27M:inst|count[14] ; fDIV27M:inst|count[6]  ; fin        ; fin      ; None                        ; None                      ; 4.098 ns                ;
; N/A                                     ; 231.91 MHz ( period = 4.312 ns )                    ; fDIV27M:inst|count[14] ; fDIV27M:inst|count[5]  ; fin        ; fin      ; None                        ; None                      ; 4.098 ns                ;
; N/A                                     ; 231.91 MHz ( period = 4.312 ns )                    ; fDIV27M:inst|count[14] ; fDIV27M:inst|count[4]  ; fin        ; fin      ; None                        ; None                      ; 4.098 ns                ;
; N/A                                     ; 231.91 MHz ( period = 4.312 ns )                    ; fDIV27M:inst|count[14] ; fDIV27M:inst|count[3]  ; fin        ; fin      ; None                        ; None                      ; 4.098 ns                ;
; N/A                                     ; 231.91 MHz ( period = 4.312 ns )                    ; fDIV27M:inst|count[14] ; fDIV27M:inst|count[2]  ; fin        ; fin      ; None                        ; None                      ; 4.098 ns                ;
; N/A                                     ; 231.91 MHz ( period = 4.312 ns )                    ; fDIV27M:inst|count[14] ; fDIV27M:inst|count[1]  ; fin        ; fin      ; None                        ; None                      ; 4.098 ns                ;
; N/A                                     ; 231.91 MHz ( period = 4.312 ns )                    ; fDIV27M:inst|count[14] ; fDIV27M:inst|count[0]  ; fin        ; fin      ; None                        ; None                      ; 4.098 ns                ;
; N/A                                     ; 232.56 MHz ( period = 4.300 ns )                    ; fDIV27M:inst|count[22] ; fDIV27M:inst|fout      ; fin        ; fin      ; None                        ; None                      ; 2.639 ns                ;
; N/A                                     ; 233.86 MHz ( period = 4.276 ns )                    ; fDIV27M:inst|count[12] ; fDIV27M:inst|count[17] ; fin        ; fin      ; None                        ; None                      ; 4.059 ns                ;
; N/A                                     ; 233.86 MHz ( period = 4.276 ns )                    ; fDIV27M:inst|count[12] ; fDIV27M:inst|count[16] ; fin        ; fin      ; None                        ; None                      ; 4.059 ns                ;
; N/A                                     ; 233.86 MHz ( period = 4.276 ns )                    ; fDIV27M:inst|count[12] ; fDIV27M:inst|count[24] ; fin        ; fin      ; None                        ; None                      ; 4.059 ns                ;
; N/A                                     ; 233.86 MHz ( period = 4.276 ns )                    ; fDIV27M:inst|count[12] ; fDIV27M:inst|count[22] ; fin        ; fin      ; None                        ; None                      ; 4.059 ns                ;
; N/A                                     ; 233.86 MHz ( period = 4.276 ns )                    ; fDIV27M:inst|count[12] ; fDIV27M:inst|count[25] ; fin        ; fin      ; None                        ; None                      ; 4.059 ns                ;
; N/A                                     ; 233.86 MHz ( period = 4.276 ns )                    ; fDIV27M:inst|count[12] ; fDIV27M:inst|count[23] ; fin        ; fin      ; None                        ; None                      ; 4.059 ns                ;
; N/A                                     ; 233.86 MHz ( period = 4.276 ns )                    ; fDIV27M:inst|count[12] ; fDIV27M:inst|count[29] ; fin        ; fin      ; None                        ; None                      ; 4.059 ns                ;
; N/A                                     ; 233.86 MHz ( period = 4.276 ns )                    ; fDIV27M:inst|count[12] ; fDIV27M:inst|count[28] ; fin        ; fin      ; None                        ; None                      ; 4.059 ns                ;
; N/A                                     ; 233.86 MHz ( period = 4.276 ns )                    ; fDIV27M:inst|count[12] ; fDIV27M:inst|count[27] ; fin        ; fin      ; None                        ; None                      ; 4.059 ns                ;
; N/A                                     ; 233.86 MHz ( period = 4.276 ns )                    ; fDIV27M:inst|count[12] ; fDIV27M:inst|count[26] ; fin        ; fin      ; None                        ; None                      ; 4.059 ns                ;
; N/A                                     ; 233.86 MHz ( period = 4.276 ns )                    ; fDIV27M:inst|count[12] ; fDIV27M:inst|count[21] ; fin        ; fin      ; None                        ; None                      ; 4.059 ns                ;
; N/A                                     ; 233.86 MHz ( period = 4.276 ns )                    ; fDIV27M:inst|count[12] ; fDIV27M:inst|count[19] ; fin        ; fin      ; None                        ; None                      ; 4.059 ns                ;
; N/A                                     ; 233.86 MHz ( period = 4.276 ns )                    ; fDIV27M:inst|count[12] ; fDIV27M:inst|count[18] ; fin        ; fin      ; None                        ; None                      ; 4.059 ns                ;
; N/A                                     ; 233.86 MHz ( period = 4.276 ns )                    ; fDIV27M:inst|count[12] ; fDIV27M:inst|count[20] ; fin        ; fin      ; None                        ; None                      ; 4.059 ns                ;
; N/A                                     ; 233.86 MHz ( period = 4.276 ns )                    ; fDIV27M:inst|count[12] ; fDIV27M:inst|count[30] ; fin        ; fin      ; None                        ; None                      ; 4.059 ns                ;
; N/A                                     ; 233.86 MHz ( period = 4.276 ns )                    ; fDIV27M:inst|count[12] ; fDIV27M:inst|count[31] ; fin        ; fin      ; None                        ; None                      ; 4.059 ns                ;
; N/A                                     ; 234.03 MHz ( period = 4.273 ns )                    ; fDIV27M:inst|count[13] ; fDIV27M:inst|count[17] ; fin        ; fin      ; None                        ; None                      ; 4.056 ns                ;
; N/A                                     ; 234.03 MHz ( period = 4.273 ns )                    ; fDIV27M:inst|count[13] ; fDIV27M:inst|count[16] ; fin        ; fin      ; None                        ; None                      ; 4.056 ns                ;
; N/A                                     ; 234.03 MHz ( period = 4.273 ns )                    ; fDIV27M:inst|count[13] ; fDIV27M:inst|count[24] ; fin        ; fin      ; None                        ; None                      ; 4.056 ns                ;
; N/A                                     ; 234.03 MHz ( period = 4.273 ns )                    ; fDIV27M:inst|count[13] ; fDIV27M:inst|count[22] ; fin        ; fin      ; None                        ; None                      ; 4.056 ns                ;
; N/A                                     ; 234.03 MHz ( period = 4.273 ns )                    ; fDIV27M:inst|count[13] ; fDIV27M:inst|count[25] ; fin        ; fin      ; None                        ; None                      ; 4.056 ns                ;
; N/A                                     ; 234.03 MHz ( period = 4.273 ns )                    ; fDIV27M:inst|count[13] ; fDIV27M:inst|count[23] ; fin        ; fin      ; None                        ; None                      ; 4.056 ns                ;
; N/A                                     ; 234.03 MHz ( period = 4.273 ns )                    ; fDIV27M:inst|count[13] ; fDIV27M:inst|count[29] ; fin        ; fin      ; None                        ; None                      ; 4.056 ns                ;
; N/A                                     ; 234.03 MHz ( period = 4.273 ns )                    ; fDIV27M:inst|count[13] ; fDIV27M:inst|count[28] ; fin        ; fin      ; None                        ; None                      ; 4.056 ns                ;
; N/A                                     ; 234.03 MHz ( period = 4.273 ns )                    ; fDIV27M:inst|count[13] ; fDIV27M:inst|count[27] ; fin        ; fin      ; None                        ; None                      ; 4.056 ns                ;
; N/A                                     ; 234.03 MHz ( period = 4.273 ns )                    ; fDIV27M:inst|count[13] ; fDIV27M:inst|count[26] ; fin        ; fin      ; None                        ; None                      ; 4.056 ns                ;
; N/A                                     ; 234.03 MHz ( period = 4.273 ns )                    ; fDIV27M:inst|count[13] ; fDIV27M:inst|count[21] ; fin        ; fin      ; None                        ; None                      ; 4.056 ns                ;
; N/A                                     ; 234.03 MHz ( period = 4.273 ns )                    ; fDIV27M:inst|count[13] ; fDIV27M:inst|count[19] ; fin        ; fin      ; None                        ; None                      ; 4.056 ns                ;
; N/A                                     ; 234.03 MHz ( period = 4.273 ns )                    ; fDIV27M:inst|count[13] ; fDIV27M:inst|count[18] ; fin        ; fin      ; None                        ; None                      ; 4.056 ns                ;
; N/A                                     ; 234.03 MHz ( period = 4.273 ns )                    ; fDIV27M:inst|count[13] ; fDIV27M:inst|count[20] ; fin        ; fin      ; None                        ; None                      ; 4.056 ns                ;
; N/A                                     ; 234.03 MHz ( period = 4.273 ns )                    ; fDIV27M:inst|count[13] ; fDIV27M:inst|count[30] ; fin        ; fin      ; None                        ; None                      ; 4.056 ns                ;
; N/A                                     ; 234.03 MHz ( period = 4.273 ns )                    ; fDIV27M:inst|count[13] ; fDIV27M:inst|count[31] ; fin        ; fin      ; None                        ; None                      ; 4.056 ns                ;
; N/A                                     ; 234.25 MHz ( period = 4.269 ns )                    ; fDIV27M:inst|count[24] ; fDIV27M:inst|count[17] ; fin        ; fin      ; None                        ; None                      ; 4.055 ns                ;
; N/A                                     ; 234.25 MHz ( period = 4.269 ns )                    ; fDIV27M:inst|count[24] ; fDIV27M:inst|count[16] ; fin        ; fin      ; None                        ; None                      ; 4.055 ns                ;
; N/A                                     ; 234.25 MHz ( period = 4.269 ns )                    ; fDIV27M:inst|count[24] ; fDIV27M:inst|count[24] ; fin        ; fin      ; None                        ; None                      ; 4.055 ns                ;
; N/A                                     ; 234.25 MHz ( period = 4.269 ns )                    ; fDIV27M:inst|count[24] ; fDIV27M:inst|count[22] ; fin        ; fin      ; None                        ; None                      ; 4.055 ns                ;
; N/A                                     ; 234.25 MHz ( period = 4.269 ns )                    ; fDIV27M:inst|count[24] ; fDIV27M:inst|count[25] ; fin        ; fin      ; None                        ; None                      ; 4.055 ns                ;
; N/A                                     ; 234.25 MHz ( period = 4.269 ns )                    ; fDIV27M:inst|count[24] ; fDIV27M:inst|count[23] ; fin        ; fin      ; None                        ; None                      ; 4.055 ns                ;
; N/A                                     ; 234.25 MHz ( period = 4.269 ns )                    ; fDIV27M:inst|count[24] ; fDIV27M:inst|count[29] ; fin        ; fin      ; None                        ; None                      ; 4.055 ns                ;
; N/A                                     ; 234.25 MHz ( period = 4.269 ns )                    ; fDIV27M:inst|count[24] ; fDIV27M:inst|count[28] ; fin        ; fin      ; None                        ; None                      ; 4.055 ns                ;
; N/A                                     ; 234.25 MHz ( period = 4.269 ns )                    ; fDIV27M:inst|count[24] ; fDIV27M:inst|count[27] ; fin        ; fin      ; None                        ; None                      ; 4.055 ns                ;
; N/A                                     ; 234.25 MHz ( period = 4.269 ns )                    ; fDIV27M:inst|count[24] ; fDIV27M:inst|count[26] ; fin        ; fin      ; None                        ; None                      ; 4.055 ns                ;
; N/A                                     ; 234.25 MHz ( period = 4.269 ns )                    ; fDIV27M:inst|count[24] ; fDIV27M:inst|count[21] ; fin        ; fin      ; None                        ; None                      ; 4.055 ns                ;
; N/A                                     ; 234.25 MHz ( period = 4.269 ns )                    ; fDIV27M:inst|count[24] ; fDIV27M:inst|count[19] ; fin        ; fin      ; None                        ; None                      ; 4.055 ns                ;
; N/A                                     ; 234.25 MHz ( period = 4.269 ns )                    ; fDIV27M:inst|count[24] ; fDIV27M:inst|count[18] ; fin        ; fin      ; None                        ; None                      ; 4.055 ns                ;
; N/A                                     ; 234.25 MHz ( period = 4.269 ns )                    ; fDIV27M:inst|count[24] ; fDIV27M:inst|count[20] ; fin        ; fin      ; None                        ; None                      ; 4.055 ns                ;
; N/A                                     ; 234.25 MHz ( period = 4.269 ns )                    ; fDIV27M:inst|count[24] ; fDIV27M:inst|count[30] ; fin        ; fin      ; None                        ; None                      ; 4.055 ns                ;
; N/A                                     ; 234.25 MHz ( period = 4.269 ns )                    ; fDIV27M:inst|count[24] ; fDIV27M:inst|count[31] ; fin        ; fin      ; None                        ; None                      ; 4.055 ns                ;
; N/A                                     ; 234.30 MHz ( period = 4.268 ns )                    ; fDIV27M:inst|count[3]  ; fDIV27M:inst|fout      ; fin        ; fin      ; None                        ; None                      ; 2.620 ns                ;
; N/A                                     ; 234.63 MHz ( period = 4.262 ns )                    ; fDIV27M:inst|count[16] ; fDIV27M:inst|count[15] ; fin        ; fin      ; None                        ; None                      ; 4.051 ns                ;
; N/A                                     ; 234.63 MHz ( period = 4.262 ns )                    ; fDIV27M:inst|count[16] ; fDIV27M:inst|count[14] ; fin        ; fin      ; None                        ; None                      ; 4.051 ns                ;
; N/A                                     ; 234.63 MHz ( period = 4.262 ns )                    ; fDIV27M:inst|count[16] ; fDIV27M:inst|count[13] ; fin        ; fin      ; None                        ; None                      ; 4.051 ns                ;
; N/A                                     ; 234.63 MHz ( period = 4.262 ns )                    ; fDIV27M:inst|count[16] ; fDIV27M:inst|count[12] ; fin        ; fin      ; None                        ; None                      ; 4.051 ns                ;
; N/A                                     ; 234.63 MHz ( period = 4.262 ns )                    ; fDIV27M:inst|count[16] ; fDIV27M:inst|count[11] ; fin        ; fin      ; None                        ; None                      ; 4.051 ns                ;
; N/A                                     ; 234.63 MHz ( period = 4.262 ns )                    ; fDIV27M:inst|count[16] ; fDIV27M:inst|count[10] ; fin        ; fin      ; None                        ; None                      ; 4.051 ns                ;
; N/A                                     ; 234.63 MHz ( period = 4.262 ns )                    ; fDIV27M:inst|count[16] ; fDIV27M:inst|count[9]  ; fin        ; fin      ; None                        ; None                      ; 4.051 ns                ;
; N/A                                     ; 234.63 MHz ( period = 4.262 ns )                    ; fDIV27M:inst|count[16] ; fDIV27M:inst|count[8]  ; fin        ; fin      ; None                        ; None                      ; 4.051 ns                ;
; N/A                                     ; 234.63 MHz ( period = 4.262 ns )                    ; fDIV27M:inst|count[16] ; fDIV27M:inst|count[7]  ; fin        ; fin      ; None                        ; None                      ; 4.051 ns                ;
; N/A                                     ; 234.63 MHz ( period = 4.262 ns )                    ; fDIV27M:inst|count[16] ; fDIV27M:inst|count[6]  ; fin        ; fin      ; None                        ; None                      ; 4.051 ns                ;
; N/A                                     ; 234.63 MHz ( period = 4.262 ns )                    ; fDIV27M:inst|count[16] ; fDIV27M:inst|count[5]  ; fin        ; fin      ; None                        ; None                      ; 4.051 ns                ;
; N/A                                     ; 234.63 MHz ( period = 4.262 ns )                    ; fDIV27M:inst|count[16] ; fDIV27M:inst|count[4]  ; fin        ; fin      ; None                        ; None                      ; 4.051 ns                ;
; N/A                                     ; 234.63 MHz ( period = 4.262 ns )                    ; fDIV27M:inst|count[16] ; fDIV27M:inst|count[3]  ; fin        ; fin      ; None                        ; None                      ; 4.051 ns                ;
; N/A                                     ; 234.63 MHz ( period = 4.262 ns )                    ; fDIV27M:inst|count[16] ; fDIV27M:inst|count[2]  ; fin        ; fin      ; None                        ; None                      ; 4.051 ns                ;
; N/A                                     ; 234.63 MHz ( period = 4.262 ns )                    ; fDIV27M:inst|count[16] ; fDIV27M:inst|count[1]  ; fin        ; fin      ; None                        ; None                      ; 4.051 ns                ;
; N/A                                     ; 234.63 MHz ( period = 4.262 ns )                    ; fDIV27M:inst|count[16] ; fDIV27M:inst|count[0]  ; fin        ; fin      ; None                        ; None                      ; 4.051 ns                ;
; N/A                                     ; 235.63 MHz ( period = 4.244 ns )                    ; fDIV27M:inst|count[21] ; fDIV27M:inst|fout      ; fin        ; fin      ; None                        ; None                      ; 2.611 ns                ;
; N/A                                     ; 236.13 MHz ( period = 4.235 ns )                    ; fDIV27M:inst|count[10] ; fDIV27M:inst|count[15] ; fin        ; fin      ; None                        ; None                      ; 4.021 ns                ;
; N/A                                     ; 236.13 MHz ( period = 4.235 ns )                    ; fDIV27M:inst|count[10] ; fDIV27M:inst|count[14] ; fin        ; fin      ; None                        ; None                      ; 4.021 ns                ;
; N/A                                     ; 236.13 MHz ( period = 4.235 ns )                    ; fDIV27M:inst|count[10] ; fDIV27M:inst|count[13] ; fin        ; fin      ; None                        ; None                      ; 4.021 ns                ;
; N/A                                     ; 236.13 MHz ( period = 4.235 ns )                    ; fDIV27M:inst|count[10] ; fDIV27M:inst|count[12] ; fin        ; fin      ; None                        ; None                      ; 4.021 ns                ;
; N/A                                     ; 236.13 MHz ( period = 4.235 ns )                    ; fDIV27M:inst|count[10] ; fDIV27M:inst|count[11] ; fin        ; fin      ; None                        ; None                      ; 4.021 ns                ;
; N/A                                     ; 236.13 MHz ( period = 4.235 ns )                    ; fDIV27M:inst|count[10] ; fDIV27M:inst|count[10] ; fin        ; fin      ; None                        ; None                      ; 4.021 ns                ;
; N/A                                     ; 236.13 MHz ( period = 4.235 ns )                    ; fDIV27M:inst|count[10] ; fDIV27M:inst|count[9]  ; fin        ; fin      ; None                        ; None                      ; 4.021 ns                ;
; N/A                                     ; 236.13 MHz ( period = 4.235 ns )                    ; fDIV27M:inst|count[10] ; fDIV27M:inst|count[8]  ; fin        ; fin      ; None                        ; None                      ; 4.021 ns                ;
; N/A                                     ; 236.13 MHz ( period = 4.235 ns )                    ; fDIV27M:inst|count[10] ; fDIV27M:inst|count[7]  ; fin        ; fin      ; None                        ; None                      ; 4.021 ns                ;
; N/A                                     ; 236.13 MHz ( period = 4.235 ns )                    ; fDIV27M:inst|count[10] ; fDIV27M:inst|count[6]  ; fin        ; fin      ; None                        ; None                      ; 4.021 ns                ;
; N/A                                     ; 236.13 MHz ( period = 4.235 ns )                    ; fDIV27M:inst|count[10] ; fDIV27M:inst|count[5]  ; fin        ; fin      ; None                        ; None                      ; 4.021 ns                ;
; N/A                                     ; 236.13 MHz ( period = 4.235 ns )                    ; fDIV27M:inst|count[10] ; fDIV27M:inst|count[4]  ; fin        ; fin      ; None                        ; None                      ; 4.021 ns                ;
; N/A                                     ; 236.13 MHz ( period = 4.235 ns )                    ; fDIV27M:inst|count[10] ; fDIV27M:inst|count[3]  ; fin        ; fin      ; None                        ; None                      ; 4.021 ns                ;
; N/A                                     ; 236.13 MHz ( period = 4.235 ns )                    ; fDIV27M:inst|count[10] ; fDIV27M:inst|count[2]  ; fin        ; fin      ; None                        ; None                      ; 4.021 ns                ;
; N/A                                     ; 236.13 MHz ( period = 4.235 ns )                    ; fDIV27M:inst|count[10] ; fDIV27M:inst|count[1]  ; fin        ; fin      ; None                        ; None                      ; 4.021 ns                ;
; N/A                                     ; 236.13 MHz ( period = 4.235 ns )                    ; fDIV27M:inst|count[10] ; fDIV27M:inst|count[0]  ; fin        ; fin      ; None                        ; None                      ; 4.021 ns                ;
; N/A                                     ; 236.74 MHz ( period = 4.224 ns )                    ; fDIV27M:inst|count[8]  ; fDIV27M:inst|fout      ; fin        ; fin      ; None                        ; None                      ; 2.598 ns                ;
; N/A                                     ; 237.08 MHz ( period = 4.218 ns )                    ; fDIV27M:inst|count[22] ; fDIV27M:inst|count[17] ; fin        ; fin      ; None                        ; None                      ; 4.004 ns                ;
; N/A                                     ; 237.08 MHz ( period = 4.218 ns )                    ; fDIV27M:inst|count[22] ; fDIV27M:inst|count[16] ; fin        ; fin      ; None                        ; None                      ; 4.004 ns                ;
; N/A                                     ; 237.08 MHz ( period = 4.218 ns )                    ; fDIV27M:inst|count[22] ; fDIV27M:inst|count[24] ; fin        ; fin      ; None                        ; None                      ; 4.004 ns                ;
; N/A                                     ; 237.08 MHz ( period = 4.218 ns )                    ; fDIV27M:inst|count[22] ; fDIV27M:inst|count[22] ; fin        ; fin      ; None                        ; None                      ; 4.004 ns                ;
; N/A                                     ; 237.08 MHz ( period = 4.218 ns )                    ; fDIV27M:inst|count[22] ; fDIV27M:inst|count[25] ; fin        ; fin      ; None                        ; None                      ; 4.004 ns                ;
; N/A                                     ; 237.08 MHz ( period = 4.218 ns )                    ; fDIV27M:inst|count[22] ; fDIV27M:inst|count[23] ; fin        ; fin      ; None                        ; None                      ; 4.004 ns                ;
; N/A                                     ; 237.08 MHz ( period = 4.218 ns )                    ; fDIV27M:inst|count[22] ; fDIV27M:inst|count[29] ; fin        ; fin      ; None                        ; None                      ; 4.004 ns                ;
; N/A                                     ; 237.08 MHz ( period = 4.218 ns )                    ; fDIV27M:inst|count[22] ; fDIV27M:inst|count[28] ; fin        ; fin      ; None                        ; None                      ; 4.004 ns                ;
; N/A                                     ; 237.08 MHz ( period = 4.218 ns )                    ; fDIV27M:inst|count[22] ; fDIV27M:inst|count[27] ; fin        ; fin      ; None                        ; None                      ; 4.004 ns                ;
; N/A                                     ; 237.08 MHz ( period = 4.218 ns )                    ; fDIV27M:inst|count[22] ; fDIV27M:inst|count[26] ; fin        ; fin      ; None                        ; None                      ; 4.004 ns                ;
; N/A                                     ; 237.08 MHz ( period = 4.218 ns )                    ; fDIV27M:inst|count[22] ; fDIV27M:inst|count[21] ; fin        ; fin      ; None                        ; None                      ; 4.004 ns                ;
; N/A                                     ; 237.08 MHz ( period = 4.218 ns )                    ; fDIV27M:inst|count[22] ; fDIV27M:inst|count[19] ; fin        ; fin      ; None                        ; None                      ; 4.004 ns                ;
; N/A                                     ; 237.08 MHz ( period = 4.218 ns )                    ; fDIV27M:inst|count[22] ; fDIV27M:inst|count[18] ; fin        ; fin      ; None                        ; None                      ; 4.004 ns                ;
; N/A                                     ; 237.08 MHz ( period = 4.218 ns )                    ; fDIV27M:inst|count[22] ; fDIV27M:inst|count[20] ; fin        ; fin      ; None                        ; None                      ; 4.004 ns                ;
; N/A                                     ; 237.08 MHz ( period = 4.218 ns )                    ; fDIV27M:inst|count[22] ; fDIV27M:inst|count[30] ; fin        ; fin      ; None                        ; None                      ; 4.004 ns                ;
; N/A                                     ; 237.08 MHz ( period = 4.218 ns )                    ; fDIV27M:inst|count[22] ; fDIV27M:inst|count[31] ; fin        ; fin      ; None                        ; None                      ; 4.004 ns                ;
; N/A                                     ; 237.76 MHz ( period = 4.206 ns )                    ; fDIV27M:inst|count[1]  ; fDIV27M:inst|fout      ; fin        ; fin      ; None                        ; None                      ; 2.589 ns                ;
; N/A                                     ; 238.66 MHz ( period = 4.190 ns )                    ; fDIV27M:inst|count[21] ; fDIV27M:inst|count[17] ; fin        ; fin      ; None                        ; None                      ; 3.976 ns                ;
; N/A                                     ; 238.66 MHz ( period = 4.190 ns )                    ; fDIV27M:inst|count[21] ; fDIV27M:inst|count[16] ; fin        ; fin      ; None                        ; None                      ; 3.976 ns                ;
; N/A                                     ; 238.66 MHz ( period = 4.190 ns )                    ; fDIV27M:inst|count[21] ; fDIV27M:inst|count[24] ; fin        ; fin      ; None                        ; None                      ; 3.976 ns                ;
; N/A                                     ; 238.66 MHz ( period = 4.190 ns )                    ; fDIV27M:inst|count[21] ; fDIV27M:inst|count[22] ; fin        ; fin      ; None                        ; None                      ; 3.976 ns                ;
; N/A                                     ; 238.66 MHz ( period = 4.190 ns )                    ; fDIV27M:inst|count[21] ; fDIV27M:inst|count[25] ; fin        ; fin      ; None                        ; None                      ; 3.976 ns                ;
; N/A                                     ; 238.66 MHz ( period = 4.190 ns )                    ; fDIV27M:inst|count[21] ; fDIV27M:inst|count[23] ; fin        ; fin      ; None                        ; None                      ; 3.976 ns                ;
; N/A                                     ; 238.66 MHz ( period = 4.190 ns )                    ; fDIV27M:inst|count[21] ; fDIV27M:inst|count[29] ; fin        ; fin      ; None                        ; None                      ; 3.976 ns                ;
; N/A                                     ; 238.66 MHz ( period = 4.190 ns )                    ; fDIV27M:inst|count[21] ; fDIV27M:inst|count[28] ; fin        ; fin      ; None                        ; None                      ; 3.976 ns                ;
; N/A                                     ; 238.66 MHz ( period = 4.190 ns )                    ; fDIV27M:inst|count[21] ; fDIV27M:inst|count[27] ; fin        ; fin      ; None                        ; None                      ; 3.976 ns                ;
; N/A                                     ; 238.66 MHz ( period = 4.190 ns )                    ; fDIV27M:inst|count[21] ; fDIV27M:inst|count[26] ; fin        ; fin      ; None                        ; None                      ; 3.976 ns                ;
; N/A                                     ; 238.66 MHz ( period = 4.190 ns )                    ; fDIV27M:inst|count[21] ; fDIV27M:inst|count[21] ; fin        ; fin      ; None                        ; None                      ; 3.976 ns                ;
; N/A                                     ; 238.66 MHz ( period = 4.190 ns )                    ; fDIV27M:inst|count[21] ; fDIV27M:inst|count[19] ; fin        ; fin      ; None                        ; None                      ; 3.976 ns                ;
; N/A                                     ; 238.66 MHz ( period = 4.190 ns )                    ; fDIV27M:inst|count[21] ; fDIV27M:inst|count[18] ; fin        ; fin      ; None                        ; None                      ; 3.976 ns                ;
; N/A                                     ; 238.66 MHz ( period = 4.190 ns )                    ; fDIV27M:inst|count[21] ; fDIV27M:inst|count[20] ; fin        ; fin      ; None                        ; None                      ; 3.976 ns                ;
; N/A                                     ; 238.66 MHz ( period = 4.190 ns )                    ; fDIV27M:inst|count[21] ; fDIV27M:inst|count[30] ; fin        ; fin      ; None                        ; None                      ; 3.976 ns                ;
; N/A                                     ; 238.66 MHz ( period = 4.190 ns )                    ; fDIV27M:inst|count[21] ; fDIV27M:inst|count[31] ; fin        ; fin      ; None                        ; None                      ; 3.976 ns                ;
; Timing analysis restricted to 200 rows. ; To change the limit use Settings (Assignments menu) ;                        ;                        ;            ;          ;                             ;                           ;                         ;
+-----------------------------------------+-----------------------------------------------------+------------------------+------------------------+------------+----------+-----------------------------+---------------------------+-------------------------+


+-----------------------------------------------------------------------------------+
; tsu                                                                               ;
+-------+--------------+------------+--------+---------------------------+----------+
; Slack ; Required tsu ; Actual tsu ; From   ; To                        ; To Clock ;
+-------+--------------+------------+--------+---------------------------+----------+
; N/A   ; None         ; 2.768 ns   ; sel[0] ; fDIV27M:inst|count[17]    ; fin      ;
; N/A   ; None         ; 2.768 ns   ; sel[0] ; fDIV27M:inst|count[16]    ; fin      ;
; N/A   ; None         ; 2.768 ns   ; sel[0] ; fDIV27M:inst|count[24]    ; fin      ;
; N/A   ; None         ; 2.768 ns   ; sel[0] ; fDIV27M:inst|count[22]    ; fin      ;
; N/A   ; None         ; 2.768 ns   ; sel[0] ; fDIV27M:inst|count[25]    ; fin      ;
; N/A   ; None         ; 2.768 ns   ; sel[0] ; fDIV27M:inst|count[23]    ; fin      ;
; N/A   ; None         ; 2.768 ns   ; sel[0] ; fDIV27M:inst|count[29]    ; fin      ;
; N/A   ; None         ; 2.768 ns   ; sel[0] ; fDIV27M:inst|count[28]    ; fin      ;
; N/A   ; None         ; 2.768 ns   ; sel[0] ; fDIV27M:inst|count[27]    ; fin      ;
; N/A   ; None         ; 2.768 ns   ; sel[0] ; fDIV27M:inst|count[26]    ; fin      ;
; N/A   ; None         ; 2.768 ns   ; sel[0] ; fDIV27M:inst|count[21]    ; fin      ;
; N/A   ; None         ; 2.768 ns   ; sel[0] ; fDIV27M:inst|count[19]    ; fin      ;
; N/A   ; None         ; 2.768 ns   ; sel[0] ; fDIV27M:inst|count[18]    ; fin      ;
; N/A   ; None         ; 2.768 ns   ; sel[0] ; fDIV27M:inst|count[20]    ; fin      ;
; N/A   ; None         ; 2.768 ns   ; sel[0] ; fDIV27M:inst|count[30]    ; fin      ;
; N/A   ; None         ; 2.768 ns   ; sel[0] ; fDIV27M:inst|count[31]    ; fin      ;
; N/A   ; None         ; 2.552 ns   ; sel[0] ; fDIV27M:inst|count[15]    ; fin      ;
; N/A   ; None         ; 2.552 ns   ; sel[0] ; fDIV27M:inst|count[14]    ; fin      ;
; N/A   ; None         ; 2.552 ns   ; sel[0] ; fDIV27M:inst|count[13]    ; fin      ;
; N/A   ; None         ; 2.552 ns   ; sel[0] ; fDIV27M:inst|count[12]    ; fin      ;
; N/A   ; None         ; 2.552 ns   ; sel[0] ; fDIV27M:inst|count[11]    ; fin      ;
; N/A   ; None         ; 2.552 ns   ; sel[0] ; fDIV27M:inst|count[10]    ; fin      ;
; N/A   ; None         ; 2.552 ns   ; sel[0] ; fDIV27M:inst|count[9]     ; fin      ;
; N/A   ; None         ; 2.552 ns   ; sel[0] ; fDIV27M:inst|count[8]     ; fin      ;
; N/A   ; None         ; 2.552 ns   ; sel[0] ; fDIV27M:inst|count[7]     ; fin      ;
; N/A   ; None         ; 2.552 ns   ; sel[0] ; fDIV27M:inst|count[6]     ; fin      ;
; N/A   ; None         ; 2.552 ns   ; sel[0] ; fDIV27M:inst|count[5]     ; fin      ;
; N/A   ; None         ; 2.552 ns   ; sel[0] ; fDIV27M:inst|count[4]     ; fin      ;
; N/A   ; None         ; 2.552 ns   ; sel[0] ; fDIV27M:inst|count[3]     ; fin      ;
; N/A   ; None         ; 2.552 ns   ; sel[0] ; fDIV27M:inst|count[2]     ; fin      ;
; N/A   ; None         ; 2.552 ns   ; sel[0] ; fDIV27M:inst|count[1]     ; fin      ;
; N/A   ; None         ; 2.552 ns   ; sel[0] ; fDIV27M:inst|count[0]     ; fin      ;
; N/A   ; None         ; 2.455 ns   ; sel[1] ; fDIV27M:inst|count[17]    ; fin      ;
; N/A   ; None         ; 2.455 ns   ; sel[1] ; fDIV27M:inst|count[16]    ; fin      ;
; N/A   ; None         ; 2.455 ns   ; sel[1] ; fDIV27M:inst|count[24]    ; fin      ;
; N/A   ; None         ; 2.455 ns   ; sel[1] ; fDIV27M:inst|count[22]    ; fin      ;
; N/A   ; None         ; 2.455 ns   ; sel[1] ; fDIV27M:inst|count[25]    ; fin      ;
; N/A   ; None         ; 2.455 ns   ; sel[1] ; fDIV27M:inst|count[23]    ; fin      ;
; N/A   ; None         ; 2.455 ns   ; sel[1] ; fDIV27M:inst|count[29]    ; fin      ;
; N/A   ; None         ; 2.455 ns   ; sel[1] ; fDIV27M:inst|count[28]    ; fin      ;
; N/A   ; None         ; 2.455 ns   ; sel[1] ; fDIV27M:inst|count[27]    ; fin      ;
; N/A   ; None         ; 2.455 ns   ; sel[1] ; fDIV27M:inst|count[26]    ; fin      ;
; N/A   ; None         ; 2.455 ns   ; sel[1] ; fDIV27M:inst|count[21]    ; fin      ;
; N/A   ; None         ; 2.455 ns   ; sel[1] ; fDIV27M:inst|count[19]    ; fin      ;
; N/A   ; None         ; 2.455 ns   ; sel[1] ; fDIV27M:inst|count[18]    ; fin      ;
; N/A   ; None         ; 2.455 ns   ; sel[1] ; fDIV27M:inst|count[20]    ; fin      ;
; N/A   ; None         ; 2.455 ns   ; sel[1] ; fDIV27M:inst|count[30]    ; fin      ;
; N/A   ; None         ; 2.455 ns   ; sel[1] ; fDIV27M:inst|count[31]    ; fin      ;
; N/A   ; None         ; 2.239 ns   ; sel[1] ; fDIV27M:inst|count[15]    ; fin      ;
; N/A   ; None         ; 2.239 ns   ; sel[1] ; fDIV27M:inst|count[14]    ; fin      ;
; N/A   ; None         ; 2.239 ns   ; sel[1] ; fDIV27M:inst|count[13]    ; fin      ;
; N/A   ; None         ; 2.239 ns   ; sel[1] ; fDIV27M:inst|count[12]    ; fin      ;
; N/A   ; None         ; 2.239 ns   ; sel[1] ; fDIV27M:inst|count[11]    ; fin      ;
; N/A   ; None         ; 2.239 ns   ; sel[1] ; fDIV27M:inst|count[10]    ; fin      ;
; N/A   ; None         ; 2.239 ns   ; sel[1] ; fDIV27M:inst|count[9]     ; fin      ;
; N/A   ; None         ; 2.239 ns   ; sel[1] ; fDIV27M:inst|count[8]     ; fin      ;
; N/A   ; None         ; 2.239 ns   ; sel[1] ; fDIV27M:inst|count[7]     ; fin      ;
; N/A   ; None         ; 2.239 ns   ; sel[1] ; fDIV27M:inst|count[6]     ; fin      ;
; N/A   ; None         ; 2.239 ns   ; sel[1] ; fDIV27M:inst|count[5]     ; fin      ;
; N/A   ; None         ; 2.239 ns   ; sel[1] ; fDIV27M:inst|count[4]     ; fin      ;
; N/A   ; None         ; 2.239 ns   ; sel[1] ; fDIV27M:inst|count[3]     ; fin      ;
; N/A   ; None         ; 2.239 ns   ; sel[1] ; fDIV27M:inst|count[2]     ; fin      ;
; N/A   ; None         ; 2.239 ns   ; sel[1] ; fDIV27M:inst|count[1]     ; fin      ;
; N/A   ; None         ; 2.239 ns   ; sel[1] ; fDIV27M:inst|count[0]     ; fin      ;
; N/A   ; None         ; 1.559 ns   ; sel[1] ; fDIV27M:inst|fout         ; fin      ;
; N/A   ; None         ; 1.380 ns   ; sel[0] ; fDIV27M:inst|fout         ; fin      ;
; N/A   ; None         ; -2.437 ns  ; reset  ; stepMotorctr:inst2|cs.000 ; fin      ;
; N/A   ; None         ; -2.924 ns  ; reset  ; stepMotorctr:inst2|cs.010 ; fin      ;
; N/A   ; None         ; -2.925 ns  ; reset  ; stepMotorctr:inst2|cs.001 ; fin      ;
; N/A   ; None         ; -2.926 ns  ; reset  ; stepMotorctr:inst2|cs.011 ; fin      ;
; N/A   ; None         ; -2.928 ns  ; reset  ; stepMotorctr:inst2|cs.100 ; fin      ;
; N/A   ; None         ; -3.313 ns  ; dir    ; stepMotorctr:inst2|cs.001 ; fin      ;
; N/A   ; None         ; -3.977 ns  ; dir    ; stepMotorctr:inst2|cs.100 ; fin      ;
; N/A   ; None         ; -3.977 ns  ; dir    ; stepMotorctr:inst2|cs.010 ; fin      ;
; N/A   ; None         ; -3.978 ns  ; dir    ; stepMotorctr:inst2|cs.011 ; fin      ;
+-------+--------------+------------+--------+---------------------------+----------+


+---------------------------------------------------------------------------------+
; tco                                                                             ;
+-------+--------------+------------+---------------------------+----+------------+
; Slack ; Required tco ; Actual tco ; From                      ; To ; From Clock ;
+-------+--------------+------------+---------------------------+----+------------+
; N/A   ; None         ; 11.306 ns  ; stepMotorctr:inst2|cs.100 ; A  ; fin        ;
; N/A   ; None         ; 11.302 ns  ; stepMotorctr:inst2|cs.100 ; _B ; fin        ;
; N/A   ; None         ; 11.124 ns  ; stepMotorctr:inst2|cs.011 ; _B ; fin        ;
; N/A   ; None         ; 10.992 ns  ; stepMotorctr:inst2|cs.011 ; _A ; fin        ;
; N/A   ; None         ; 10.844 ns  ; stepMotorctr:inst2|cs.001 ; A  ; fin        ;
; N/A   ; None         ; 10.808 ns  ; stepMotorctr:inst2|cs.010 ; B  ; fin        ;
; N/A   ; None         ; 10.789 ns  ; stepMotorctr:inst2|cs.010 ; _A ; fin        ;
; N/A   ; None         ; 10.558 ns  ; stepMotorctr:inst2|cs.001 ; B  ; fin        ;
+-------+--------------+------------+---------------------------+----+------------+


+-----------------------------------------------------------------------------------------+
; th                                                                                      ;
+---------------+-------------+-----------+--------+---------------------------+----------+
; Minimum Slack ; Required th ; Actual th ; From   ; To                        ; To Clock ;
+---------------+-------------+-----------+--------+---------------------------+----------+
; N/A           ; None        ; 4.208 ns  ; dir    ; stepMotorctr:inst2|cs.011 ; fin      ;
; N/A           ; None        ; 4.207 ns  ; dir    ; stepMotorctr:inst2|cs.100 ; fin      ;
; N/A           ; None        ; 4.207 ns  ; dir    ; stepMotorctr:inst2|cs.010 ; fin      ;
; N/A           ; None        ; 3.543 ns  ; dir    ; stepMotorctr:inst2|cs.001 ; fin      ;
; N/A           ; None        ; 3.158 ns  ; reset  ; stepMotorctr:inst2|cs.100 ; fin      ;
; N/A           ; None        ; 3.156 ns  ; reset  ; stepMotorctr:inst2|cs.011 ; fin      ;
; N/A           ; None        ; 3.155 ns  ; reset  ; stepMotorctr:inst2|cs.001 ; fin      ;
; N/A           ; None        ; 3.154 ns  ; reset  ; stepMotorctr:inst2|cs.010 ; fin      ;
; N/A           ; None        ; 2.667 ns  ; reset  ; stepMotorctr:inst2|cs.000 ; fin      ;
; N/A           ; None        ; -0.244 ns ; sel[0] ; fDIV27M:inst|fout         ; fin      ;
; N/A           ; None        ; -0.285 ns ; sel[1] ; fDIV27M:inst|fout         ; fin      ;
; N/A           ; None        ; -1.335 ns ; sel[0] ; fDIV27M:inst|count[15]    ; fin      ;
; N/A           ; None        ; -1.335 ns ; sel[0] ; fDIV27M:inst|count[14]    ; fin      ;
; N/A           ; None        ; -1.335 ns ; sel[0] ; fDIV27M:inst|count[13]    ; fin      ;
; N/A           ; None        ; -1.335 ns ; sel[0] ; fDIV27M:inst|count[12]    ; fin      ;
; N/A           ; None        ; -1.335 ns ; sel[0] ; fDIV27M:inst|count[11]    ; fin      ;
; N/A           ; None        ; -1.335 ns ; sel[0] ; fDIV27M:inst|count[10]    ; fin      ;
; N/A           ; None        ; -1.335 ns ; sel[0] ; fDIV27M:inst|count[9]     ; fin      ;
; N/A           ; None        ; -1.335 ns ; sel[0] ; fDIV27M:inst|count[8]     ; fin      ;
; N/A           ; None        ; -1.335 ns ; sel[0] ; fDIV27M:inst|count[7]     ; fin      ;
; N/A           ; None        ; -1.335 ns ; sel[0] ; fDIV27M:inst|count[6]     ; fin      ;
; N/A           ; None        ; -1.335 ns ; sel[0] ; fDIV27M:inst|count[5]     ; fin      ;
; N/A           ; None        ; -1.335 ns ; sel[0] ; fDIV27M:inst|count[4]     ; fin      ;
; N/A           ; None        ; -1.335 ns ; sel[0] ; fDIV27M:inst|count[3]     ; fin      ;
; N/A           ; None        ; -1.335 ns ; sel[0] ; fDIV27M:inst|count[2]     ; fin      ;
; N/A           ; None        ; -1.335 ns ; sel[0] ; fDIV27M:inst|count[1]     ; fin      ;
; N/A           ; None        ; -1.335 ns ; sel[0] ; fDIV27M:inst|count[0]     ; fin      ;
; N/A           ; None        ; -1.551 ns ; sel[0] ; fDIV27M:inst|count[17]    ; fin      ;
; N/A           ; None        ; -1.551 ns ; sel[0] ; fDIV27M:inst|count[16]    ; fin      ;
; N/A           ; None        ; -1.551 ns ; sel[0] ; fDIV27M:inst|count[24]    ; fin      ;
; N/A           ; None        ; -1.551 ns ; sel[0] ; fDIV27M:inst|count[22]    ; fin      ;
; N/A           ; None        ; -1.551 ns ; sel[0] ; fDIV27M:inst|count[25]    ; fin      ;
; N/A           ; None        ; -1.551 ns ; sel[0] ; fDIV27M:inst|count[23]    ; fin      ;
; N/A           ; None        ; -1.551 ns ; sel[0] ; fDIV27M:inst|count[29]    ; fin      ;
; N/A           ; None        ; -1.551 ns ; sel[0] ; fDIV27M:inst|count[28]    ; fin      ;
; N/A           ; None        ; -1.551 ns ; sel[0] ; fDIV27M:inst|count[27]    ; fin      ;
; N/A           ; None        ; -1.551 ns ; sel[0] ; fDIV27M:inst|count[26]    ; fin      ;
; N/A           ; None        ; -1.551 ns ; sel[0] ; fDIV27M:inst|count[21]    ; fin      ;
; N/A           ; None        ; -1.551 ns ; sel[0] ; fDIV27M:inst|count[19]    ; fin      ;
; N/A           ; None        ; -1.551 ns ; sel[0] ; fDIV27M:inst|count[18]    ; fin      ;
; N/A           ; None        ; -1.551 ns ; sel[0] ; fDIV27M:inst|count[20]    ; fin      ;
; N/A           ; None        ; -1.551 ns ; sel[0] ; fDIV27M:inst|count[30]    ; fin      ;
; N/A           ; None        ; -1.551 ns ; sel[0] ; fDIV27M:inst|count[31]    ; fin      ;
; N/A           ; None        ; -1.681 ns ; sel[1] ; fDIV27M:inst|count[15]    ; fin      ;
; N/A           ; None        ; -1.681 ns ; sel[1] ; fDIV27M:inst|count[14]    ; fin      ;
; N/A           ; None        ; -1.681 ns ; sel[1] ; fDIV27M:inst|count[13]    ; fin      ;
; N/A           ; None        ; -1.681 ns ; sel[1] ; fDIV27M:inst|count[12]    ; fin      ;
; N/A           ; None        ; -1.681 ns ; sel[1] ; fDIV27M:inst|count[11]    ; fin      ;
; N/A           ; None        ; -1.681 ns ; sel[1] ; fDIV27M:inst|count[10]    ; fin      ;
; N/A           ; None        ; -1.681 ns ; sel[1] ; fDIV27M:inst|count[9]     ; fin      ;
; N/A           ; None        ; -1.681 ns ; sel[1] ; fDIV27M:inst|count[8]     ; fin      ;
; N/A           ; None        ; -1.681 ns ; sel[1] ; fDIV27M:inst|count[7]     ; fin      ;
; N/A           ; None        ; -1.681 ns ; sel[1] ; fDIV27M:inst|count[6]     ; fin      ;
; N/A           ; None        ; -1.681 ns ; sel[1] ; fDIV27M:inst|count[5]     ; fin      ;
; N/A           ; None        ; -1.681 ns ; sel[1] ; fDIV27M:inst|count[4]     ; fin      ;
; N/A           ; None        ; -1.681 ns ; sel[1] ; fDIV27M:inst|count[3]     ; fin      ;
; N/A           ; None        ; -1.681 ns ; sel[1] ; fDIV27M:inst|count[2]     ; fin      ;
; N/A           ; None        ; -1.681 ns ; sel[1] ; fDIV27M:inst|count[1]     ; fin      ;
; N/A           ; None        ; -1.681 ns ; sel[1] ; fDIV27M:inst|count[0]     ; fin      ;
; N/A           ; None        ; -1.897 ns ; sel[1] ; fDIV27M:inst|count[17]    ; fin      ;
; N/A           ; None        ; -1.897 ns ; sel[1] ; fDIV27M:inst|count[16]    ; fin      ;
; N/A           ; None        ; -1.897 ns ; sel[1] ; fDIV27M:inst|count[24]    ; fin      ;
; N/A           ; None        ; -1.897 ns ; sel[1] ; fDIV27M:inst|count[22]    ; fin      ;
; N/A           ; None        ; -1.897 ns ; sel[1] ; fDIV27M:inst|count[25]    ; fin      ;
; N/A           ; None        ; -1.897 ns ; sel[1] ; fDIV27M:inst|count[23]    ; fin      ;
; N/A           ; None        ; -1.897 ns ; sel[1] ; fDIV27M:inst|count[29]    ; fin      ;
; N/A           ; None        ; -1.897 ns ; sel[1] ; fDIV27M:inst|count[28]    ; fin      ;
; N/A           ; None        ; -1.897 ns ; sel[1] ; fDIV27M:inst|count[27]    ; fin      ;
; N/A           ; None        ; -1.897 ns ; sel[1] ; fDIV27M:inst|count[26]    ; fin      ;
; N/A           ; None        ; -1.897 ns ; sel[1] ; fDIV27M:inst|count[21]    ; fin      ;
; N/A           ; None        ; -1.897 ns ; sel[1] ; fDIV27M:inst|count[19]    ; fin      ;
; N/A           ; None        ; -1.897 ns ; sel[1] ; fDIV27M:inst|count[18]    ; fin      ;
; N/A           ; None        ; -1.897 ns ; sel[1] ; fDIV27M:inst|count[20]    ; fin      ;
; N/A           ; None        ; -1.897 ns ; sel[1] ; fDIV27M:inst|count[30]    ; fin      ;
; N/A           ; None        ; -1.897 ns ; sel[1] ; fDIV27M:inst|count[31]    ; fin      ;
+---------------+-------------+-----------+--------+---------------------------+----------+


+--------------------------+
; Timing Analyzer Messages ;
+--------------------------+
Info: *******************************************************************
Info: Running Quartus II Classic Timing Analyzer
    Info: Version 9.1 Build 304 01/25/2010 Service Pack 1 SJ Web Edition
    Info: Processing started: Mon Sep 30 16:09:28 2019
Info: Command: quartus_tan --read_settings_files=off --write_settings_files=off hw2 -c hw2 --timing_analysis_only
Warning: Found pins functioning as undefined clocks and/or memory enables
    Info: Assuming node "fin" is an undefined clock
Warning: Found 1 node(s) in clock paths which may be acting as ripple and/or gated clocks -- node(s) analyzed as buffer(s) resulting in clock skew
    Info: Detected ripple clock "fDIV27M:inst|fout" as buffer
Info: Clock "fin" has Internal fmax of 212.13 MHz between source register "fDIV27M:inst|count[16]" and destination register "fDIV27M:inst|fout" (period= 4.714 ns)
    Info: + Longest register to register delay is 2.846 ns
        Info: 1: + IC(0.000 ns) + CELL(0.000 ns) = 0.000 ns; Loc. = LCFF_X62_Y32_N1; Fanout = 6; REG Node = 'fDIV27M:inst|count[16]'
        Info: 2: + IC(0.815 ns) + CELL(0.275 ns) = 1.090 ns; Loc. = LCCOMB_X61_Y33_N4; Fanout = 1; COMB Node = 'fDIV27M:inst|LessThan1~0'
        Info: 3: + IC(0.251 ns) + CELL(0.275 ns) = 1.616 ns; Loc. = LCCOMB_X61_Y33_N8; Fanout = 1; COMB Node = 'fDIV27M:inst|LessThan1~1'
        Info: 4: + IC(0.251 ns) + CELL(0.275 ns) = 2.142 ns; Loc. = LCCOMB_X61_Y33_N0; Fanout = 1; COMB Node = 'fDIV27M:inst|LessThan1~9'
        Info: 5: + IC(0.249 ns) + CELL(0.371 ns) = 2.762 ns; Loc. = LCCOMB_X61_Y33_N10; Fanout = 1; COMB Node = 'fDIV27M:inst|LessThan1~11'
        Info: 6: + IC(0.000 ns) + CELL(0.084 ns) = 2.846 ns; Loc. = LCFF_X61_Y33_N11; Fanout = 1; REG Node = 'fDIV27M:inst|fout'
        Info: Total cell delay = 1.280 ns ( 44.98 % )
        Info: Total interconnect delay = 1.566 ns ( 55.02 % )
    Info: - Smallest clock skew is 0.703 ns
        Info: + Shortest clock path from clock "fin" to destination register is 3.353 ns
            Info: 1: + IC(0.000 ns) + CELL(0.979 ns) = 0.979 ns; Loc. = PIN_D13; Fanout = 2; CLK Node = 'fin'
            Info: 2: + IC(1.837 ns) + CELL(0.537 ns) = 3.353 ns; Loc. = LCFF_X61_Y33_N11; Fanout = 1; REG Node = 'fDIV27M:inst|fout'
            Info: Total cell delay = 1.516 ns ( 45.21 % )
            Info: Total interconnect delay = 1.837 ns ( 54.79 % )
        Info: - Longest clock path from clock "fin" to source register is 2.650 ns
            Info: 1: + IC(0.000 ns) + CELL(0.979 ns) = 0.979 ns; Loc. = PIN_D13; Fanout = 2; CLK Node = 'fin'
            Info: 2: + IC(0.113 ns) + CELL(0.000 ns) = 1.092 ns; Loc. = CLKCTRL_G11; Fanout = 32; COMB Node = 'fin~clkctrl'
            Info: 3: + IC(1.021 ns) + CELL(0.537 ns) = 2.650 ns; Loc. = LCFF_X62_Y32_N1; Fanout = 6; REG Node = 'fDIV27M:inst|count[16]'
            Info: Total cell delay = 1.516 ns ( 57.21 % )
            Info: Total interconnect delay = 1.134 ns ( 42.79 % )
    Info: + Micro clock to output delay of source is 0.250 ns
    Info: + Micro setup delay of destination is -0.036 ns
    Info: Delay path is controlled by inverted clocks -- if clock duty cycle is 50%, fmax is divided by two
Info: tsu for register "fDIV27M:inst|count[17]" (data pin = "sel[0]", clock pin = "fin") is 2.768 ns
    Info: + Longest pin to register delay is 5.454 ns
        Info: 1: + IC(0.000 ns) + CELL(0.999 ns) = 0.999 ns; Loc. = PIN_N25; Fanout = 8; PIN Node = 'sel[0]'
        Info: 2: + IC(1.672 ns) + CELL(0.438 ns) = 3.109 ns; Loc. = LCCOMB_X63_Y33_N8; Fanout = 1; COMB Node = 'fDIV27M:inst|LessThan0~9'
        Info: 3: + IC(0.660 ns) + CELL(0.150 ns) = 3.919 ns; Loc. = LCCOMB_X61_Y33_N26; Fanout = 1; COMB Node = 'fDIV27M:inst|LessThan0~10'
        Info: 4: + IC(0.247 ns) + CELL(0.150 ns) = 4.316 ns; Loc. = LCCOMB_X61_Y33_N16; Fanout = 32; COMB Node = 'fDIV27M:inst|LessThan0~11'
        Info: 5: + IC(0.628 ns) + CELL(0.510 ns) = 5.454 ns; Loc. = LCFF_X62_Y32_N3; Fanout = 4; REG Node = 'fDIV27M:inst|count[17]'
        Info: Total cell delay = 2.247 ns ( 41.20 % )
        Info: Total interconnect delay = 3.207 ns ( 58.80 % )
    Info: + Micro setup delay of destination is -0.036 ns
    Info: - Shortest clock path from clock "fin" to destination register is 2.650 ns
        Info: 1: + IC(0.000 ns) + CELL(0.979 ns) = 0.979 ns; Loc. = PIN_D13; Fanout = 2; CLK Node = 'fin'
        Info: 2: + IC(0.113 ns) + CELL(0.000 ns) = 1.092 ns; Loc. = CLKCTRL_G11; Fanout = 32; COMB Node = 'fin~clkctrl'
        Info: 3: + IC(1.021 ns) + CELL(0.537 ns) = 2.650 ns; Loc. = LCFF_X62_Y32_N3; Fanout = 4; REG Node = 'fDIV27M:inst|count[17]'
        Info: Total cell delay = 1.516 ns ( 57.21 % )
        Info: Total interconnect delay = 1.134 ns ( 42.79 % )
Info: tco from clock "fin" to destination pin "A" through register "stepMotorctr:inst2|cs.100" is 11.306 ns
    Info: + Longest clock path from clock "fin" to source register is 6.738 ns
        Info: 1: + IC(0.000 ns) + CELL(0.979 ns) = 0.979 ns; Loc. = PIN_D13; Fanout = 2; CLK Node = 'fin'
        Info: 2: + IC(1.837 ns) + CELL(0.787 ns) = 3.603 ns; Loc. = LCFF_X61_Y33_N11; Fanout = 1; REG Node = 'fDIV27M:inst|fout'
        Info: 3: + IC(1.572 ns) + CELL(0.000 ns) = 5.175 ns; Loc. = CLKCTRL_G4; Fanout = 5; COMB Node = 'fDIV27M:inst|fout~clkctrl'
        Info: 4: + IC(1.026 ns) + CELL(0.537 ns) = 6.738 ns; Loc. = LCFF_X64_Y30_N25; Fanout = 4; REG Node = 'stepMotorctr:inst2|cs.100'
        Info: Total cell delay = 2.303 ns ( 34.18 % )
        Info: Total interconnect delay = 4.435 ns ( 65.82 % )
    Info: + Micro clock to output delay of source is 0.250 ns
    Info: + Longest register to pin delay is 4.318 ns
        Info: 1: + IC(0.000 ns) + CELL(0.000 ns) = 0.000 ns; Loc. = LCFF_X64_Y30_N25; Fanout = 4; REG Node = 'stepMotorctr:inst2|cs.100'
        Info: 2: + IC(0.502 ns) + CELL(0.420 ns) = 0.922 ns; Loc. = LCCOMB_X64_Y30_N22; Fanout = 1; COMB Node = 'stepMotorctr:inst2|smctr[0]'
        Info: 3: + IC(0.734 ns) + CELL(2.662 ns) = 4.318 ns; Loc. = PIN_E26; Fanout = 0; PIN Node = 'A'
        Info: Total cell delay = 3.082 ns ( 71.38 % )
        Info: Total interconnect delay = 1.236 ns ( 28.62 % )
Info: th for register "stepMotorctr:inst2|cs.011" (data pin = "dir", clock pin = "fin") is 4.208 ns
    Info: + Longest clock path from clock "fin" to destination register is 6.738 ns
        Info: 1: + IC(0.000 ns) + CELL(0.979 ns) = 0.979 ns; Loc. = PIN_D13; Fanout = 2; CLK Node = 'fin'
        Info: 2: + IC(1.837 ns) + CELL(0.787 ns) = 3.603 ns; Loc. = LCFF_X61_Y33_N11; Fanout = 1; REG Node = 'fDIV27M:inst|fout'
        Info: 3: + IC(1.572 ns) + CELL(0.000 ns) = 5.175 ns; Loc. = CLKCTRL_G4; Fanout = 5; COMB Node = 'fDIV27M:inst|fout~clkctrl'
        Info: 4: + IC(1.026 ns) + CELL(0.537 ns) = 6.738 ns; Loc. = LCFF_X64_Y30_N11; Fanout = 4; REG Node = 'stepMotorctr:inst2|cs.011'
        Info: Total cell delay = 2.303 ns ( 34.18 % )
        Info: Total interconnect delay = 4.435 ns ( 65.82 % )
    Info: + Micro hold delay of destination is 0.266 ns
    Info: - Shortest pin to register delay is 2.796 ns
        Info: 1: + IC(0.000 ns) + CELL(0.999 ns) = 0.999 ns; Loc. = PIN_P25; Fanout = 4; PIN Node = 'dir'
        Info: 2: + IC(1.438 ns) + CELL(0.275 ns) = 2.712 ns; Loc. = LCCOMB_X64_Y30_N10; Fanout = 1; COMB Node = 'stepMotorctr:inst2|ns.011~0'
        Info: 3: + IC(0.000 ns) + CELL(0.084 ns) = 2.796 ns; Loc. = LCFF_X64_Y30_N11; Fanout = 4; REG Node = 'stepMotorctr:inst2|cs.011'
        Info: Total cell delay = 1.358 ns ( 48.57 % )
        Info: Total interconnect delay = 1.438 ns ( 51.43 % )
Info: Quartus II Classic Timing Analyzer was successful. 0 errors, 2 warnings
    Info: Peak virtual memory: 212 megabytes
    Info: Processing ended: Mon Sep 30 16:09:29 2019
    Info: Elapsed time: 00:00:01
    Info: Total CPU time (on all processors): 00:00:02


