Flow report for hw3
Sun Oct 27 17:42:51 2019
Quartus II 64-Bit Version 13.0.1 Build 232 06/12/2013 Service Pack 1 SJ Web Edition


---------------------
; Table of Contents ;
---------------------
  1. Legal Notice
  2. Flow Summary
  3. Flow Settings
  4. Flow Non-Default Global Settings
  5. Flow Elapsed Time
  6. Flow OS Summary
  7. Flow Log
  8. Flow Messages
  9. Flow Suppressed Messages



----------------
; Legal Notice ;
----------------
Copyright (C) 1991-2013 Altera Corporation
Your use of Altera Corporation's design tools, logic functions 
and other software and tools, and its AMPP partner logic 
functions, and any output files from any of the foregoing 
(including device programming or simulation files), and any 
associated documentation or information are expressly subject 
to the terms and conditions of the Altera Program License 
Subscription Agreement, Altera MegaCore Function License 
Agreement, or other applicable license agreement, including, 
without limitation, that your use is for the sole purpose of 
programming logic devices manufactured by Altera and sold by 
Altera or its authorized distributors.  Please refer to the 
applicable agreement for further details.



+--------------------------------------------------------------------------------------+
; Flow Summary                                                                         ;
+------------------------------------+-------------------------------------------------+
; Flow Status                        ; Successful - Sun Oct 27 17:42:51 2019           ;
; Quartus II 64-Bit Version          ; 13.0.1 Build 232 06/12/2013 SP 1 SJ Web Edition ;
; Revision Name                      ; hw3                                             ;
; Top-level Entity Name              ; Comparator                                      ;
; Family                             ; Cyclone II                                      ;
; Device                             ; EP2C35F672C6                                    ;
; Timing Models                      ; Final                                           ;
; Total logic elements               ; 8 / 33,216 ( < 1 % )                            ;
;     Total combinational functions  ; 8 / 33,216 ( < 1 % )                            ;
;     Dedicated logic registers      ; 0 / 33,216 ( 0 % )                              ;
; Total registers                    ; 0                                               ;
; Total pins                         ; 13 / 475 ( 3 % )                                ;
; Total virtual pins                 ; 0                                               ;
; Total memory bits                  ; 0 / 483,840 ( 0 % )                             ;
; Embedded Multiplier 9-bit elements ; 0 / 70 ( 0 % )                                  ;
; Total PLLs                         ; 0 / 4 ( 0 % )                                   ;
+------------------------------------+-------------------------------------------------+


+-----------------------------------------+
; Flow Settings                           ;
+-------------------+---------------------+
; Option            ; Setting             ;
+-------------------+---------------------+
; Start date & time ; 10/27/2019 17:41:46 ;
; Main task         ; Compilation         ;
; Revision Name     ; hw3                 ;
+-------------------+---------------------+


+--------------------------------------------------------------------------------------------------------------------------+
; Flow Non-Default Global Settings                                                                                         ;
+-------------------------------------+-------------------------------------+---------------+-------------+----------------+
; Assignment Name                     ; Value                               ; Default Value ; Entity Name ; Section Id     ;
+-------------------------------------+-------------------------------------+---------------+-------------+----------------+
; COMPILER_SIGNATURE_ID               ; 119071794971244.157216930600448     ; --            ; --          ; --             ;
; IP_TOOL_NAME                        ; RAM: 1-PORT                         ; --            ; --          ; --             ;
; IP_TOOL_NAME                        ; RAM: 1-PORT                         ; --            ; --          ; --             ;
; IP_TOOL_NAME                        ; RAM: 1-PORT                         ; --            ; --          ; --             ;
; IP_TOOL_NAME                        ; RAM: 1-PORT                         ; --            ; --          ; --             ;
; IP_TOOL_VERSION                     ; 9.1                                 ; --            ; --          ; --             ;
; IP_TOOL_VERSION                     ; 9.1                                 ; --            ; --          ; --             ;
; IP_TOOL_VERSION                     ; 9.1                                 ; --            ; --          ; --             ;
; IP_TOOL_VERSION                     ; 9.1                                 ; --            ; --          ; --             ;
; MAX_CORE_JUNCTION_TEMP              ; 85                                  ; --            ; --          ; --             ;
; MIN_CORE_JUNCTION_TEMP              ; 0                                   ; --            ; --          ; --             ;
; MISC_FILE                           ; RAM1.bsf                            ; --            ; --          ; --             ;
; MISC_FILE                           ; RAM1_bb.v                           ; --            ; --          ; --             ;
; MISC_FILE                           ; RAM2.bsf                            ; --            ; --          ; --             ;
; MISC_FILE                           ; RAM2_bb.v                           ; --            ; --          ; --             ;
; MISC_FILE                           ; C:/altera/91sp1/quartus/hw3.dpf     ; --            ; --          ; --             ;
; MISC_FILE                           ; RAM3.bsf                            ; --            ; --          ; --             ;
; MISC_FILE                           ; RAM3_bb.v                           ; --            ; --          ; --             ;
; MISC_FILE                           ; RAM4.bsf                            ; --            ; --          ; --             ;
; MISC_FILE                           ; RAM4_bb.v                           ; --            ; --          ; --             ;
; MISC_FILE                           ; C:/Users/USER/Desktop/LAB3/hw3.dpf  ; --            ; --          ; --             ;
; MISC_FILE                           ; F:/LAB3/hw3.dpf                     ; --            ; --          ; --             ;
; MISC_FILE                           ; C:/Users/mings/Desktop/LAB3/hw3.dpf ; --            ; --          ; --             ;
; PARTITION_COLOR                     ; 16764057                            ; --            ; Comparator  ; Top            ;
; PARTITION_FITTER_PRESERVATION_LEVEL ; PLACEMENT_AND_ROUTING               ; --            ; Comparator  ; Top            ;
; PARTITION_NETLIST_TYPE              ; SOURCE                              ; --            ; Comparator  ; Top            ;
; TOP_LEVEL_ENTITY                    ; Comparator                          ; hw3           ; --          ; --             ;
; USE_GENERATED_PHYSICAL_CONSTRAINTS  ; Off                                 ; --            ; --          ; eda_blast_fpga ;
+-------------------------------------+-------------------------------------+---------------+-------------+----------------+


+-------------------------------------------------------------------------------------------------------------------------------+
; Flow Elapsed Time                                                                                                             ;
+---------------------------+--------------+-------------------------+---------------------+------------------------------------+
; Module Name               ; Elapsed Time ; Average Processors Used ; Peak Virtual Memory ; Total CPU Time (on all processors) ;
+---------------------------+--------------+-------------------------+---------------------+------------------------------------+
; Analysis & Synthesis      ; 00:00:01     ; 1.0                     ; 4598 MB             ; 00:00:01                           ;
; Fitter                    ; 00:00:04     ; 1.0                     ; 4881 MB             ; 00:00:04                           ;
; Assembler                 ; 00:00:02     ; 1.0                     ; 4566 MB             ; 00:00:02                           ;
; TimeQuest Timing Analyzer ; 00:00:00     ; 1.0                     ; 4547 MB             ; 00:00:01                           ;
; EDA Netlist Writer        ; 00:00:00     ; 1.0                     ; 4526 MB             ; 00:00:00                           ;
; EDA Netlist Writer        ; 00:00:00     ; 1.0                     ; 4526 MB             ; 00:00:00                           ;
; Total                     ; 00:00:07     ; --                      ; --                  ; 00:00:08                           ;
+---------------------------+--------------+-------------------------+---------------------+------------------------------------+


+----------------------------------------------------------------------------------------+
; Flow OS Summary                                                                        ;
+---------------------------+------------------+-----------+------------+----------------+
; Module Name               ; Machine Hostname ; OS Name   ; OS Version ; Processor type ;
+---------------------------+------------------+-----------+------------+----------------+
; Analysis & Synthesis      ; DESKTOP-1JV19DI  ; Windows 7 ; 6.2        ; x86_64         ;
; Fitter                    ; DESKTOP-1JV19DI  ; Windows 7 ; 6.2        ; x86_64         ;
; Assembler                 ; DESKTOP-1JV19DI  ; Windows 7 ; 6.2        ; x86_64         ;
; TimeQuest Timing Analyzer ; DESKTOP-1JV19DI  ; Windows 7 ; 6.2        ; x86_64         ;
; EDA Netlist Writer        ; DESKTOP-1JV19DI  ; Windows 7 ; 6.2        ; x86_64         ;
; EDA Netlist Writer        ; DESKTOP-1JV19DI  ; Windows 7 ; 6.2        ; x86_64         ;
+---------------------------+------------------+-----------+------------+----------------+


------------
; Flow Log ;
------------
quartus_map --read_settings_files=on --write_settings_files=off hw3 -c hw3
quartus_fit --read_settings_files=off --write_settings_files=off hw3 -c hw3
quartus_asm --read_settings_files=off --write_settings_files=off hw3 -c hw3
quartus_sta hw3 -c hw3
quartus_eda --gen_testbench --check_outputs=on --tool=modelsim_oem --format=verilog hw3 -c hw3 --vector_source="C:/Users/user/Desktop/EE exp3/LAB3/Waveform.vwf" --testbench_file=./simulation/qsim/hw3.vt
quartus_eda --functional=on --simulation=on --tool=modelsim_oem --format=verilog hw3 -c hw3



